<?xml version="1.0" encoding="UTF-8"?>
<coverage generated="1658227430374" clover="3.2.0">
  <project timestamp="1658227430374" name="All files">
    <metrics statements="1016" coveredstatements="899" conditionals="332" coveredconditionals="250" methods="331" coveredmethods="275" elements="1679" coveredelements="1424" complexity="0" loc="1016" ncloc="1016" packages="18" files="57" classes="57"/>
    <package name="addon-script">
      <metrics statements="21" coveredstatements="21" conditionals="6" coveredconditionals="4" methods="9" coveredmethods="9"/>
      <file name="index.ts" path="D:\前端技术栈\translator-extensions\src\addon-script\index.ts">
        <metrics statements="21" coveredstatements="21" conditionals="6" coveredconditionals="4" methods="9" coveredmethods="9"/>
        <line num="13" count="1" type="stmt"/>
        <line num="14" count="1" type="stmt"/>
        <line num="15" count="1" type="stmt"/>
        <line num="16" count="1" type="stmt"/>
        <line num="17" count="1" type="stmt"/>
        <line num="21" count="6" type="stmt"/>
        <line num="22" count="6" type="cond" truecount="1" falsecount="1"/>
        <line num="24" count="6" type="stmt"/>
        <line num="25" count="6" type="stmt"/>
        <line num="29" count="7" type="stmt"/>
        <line num="30" count="7" type="stmt"/>
        <line num="34" count="1" type="stmt"/>
        <line num="35" count="1" type="stmt"/>
        <line num="38" count="1" type="stmt"/>
        <line num="39" count="1" type="cond" truecount="1" falsecount="1"/>
        <line num="40" count="1" type="stmt"/>
        <line num="41" count="1" type="stmt"/>
        <line num="44" count="1" type="stmt"/>
        <line num="45" count="7" type="cond" truecount="2" falsecount="0"/>
        <line num="46" count="7" type="stmt"/>
        <line num="47" count="7" type="stmt"/>
      </file>
    </package>
    <package name="backend-script.anki">
      <metrics statements="30" coveredstatements="5" conditionals="16" coveredconditionals="1" methods="11" coveredmethods="2"/>
      <file name="utils.ts" path="D:\前端技术栈\translator-extensions\src\backend-script\anki\utils.ts">
        <metrics statements="30" coveredstatements="5" conditionals="16" coveredconditionals="1" methods="11" coveredmethods="2"/>
        <line num="106" count="28" type="stmt"/>
        <line num="107" count="28" type="stmt"/>
        <line num="108" count="28" type="cond" truecount="1" falsecount="1"/>
        <line num="109" count="28" type="stmt"/>
        <line num="118" count="0" type="stmt"/>
        <line num="123" count="0" type="stmt"/>
        <line num="130" count="0" type="cond" truecount="0" falsecount="2"/>
        <line num="131" count="0" type="stmt"/>
        <line num="139" count="28" type="stmt"/>
        <line num="150" count="0" type="stmt"/>
        <line num="155" count="0" type="stmt"/>
        <line num="162" count="0" type="stmt"/>
        <line num="165" count="0" type="stmt"/>
        <line num="171" count="0" type="stmt"/>
        <line num="177" count="0" type="stmt"/>
        <line num="182" count="0" type="stmt"/>
        <line num="188" count="0" type="stmt"/>
        <line num="189" count="0" type="stmt"/>
        <line num="190" count="0" type="cond" truecount="0" falsecount="2"/>
        <line num="196" count="0" type="stmt"/>
        <line num="197" count="0" type="cond" truecount="0" falsecount="4"/>
        <line num="198" count="0" type="stmt"/>
        <line num="203" count="0" type="stmt"/>
        <line num="211" count="0" type="stmt"/>
        <line num="212" count="0" type="stmt"/>
        <line num="213" count="0" type="cond" truecount="0" falsecount="2"/>
        <line num="219" count="0" type="stmt"/>
        <line num="220" count="0" type="cond" truecount="0" falsecount="4"/>
        <line num="221" count="0" type="stmt"/>
        <line num="222" count="0" type="stmt"/>
      </file>
    </package>
    <package name="events">
      <metrics statements="224" coveredstatements="211" conditionals="86" coveredconditionals="67" methods="49" coveredmethods="48"/>
      <file name="CursorListener.ts" path="D:\前端技术栈\translator-extensions\src\events\CursorListener.ts">
        <metrics statements="14" coveredstatements="14" conditionals="0" coveredconditionals="0" methods="6" coveredmethods="6"/>
        <line num="12" count="4" type="stmt"/>
        <line num="13" count="4" type="stmt"/>
        <line num="15" count="4" type="stmt"/>
        <line num="16" count="5" type="stmt"/>
        <line num="18" count="4" type="stmt"/>
        <line num="19" count="4" type="stmt"/>
        <line num="25" count="4" type="stmt"/>
        <line num="26" count="6" type="stmt"/>
        <line num="32" count="4" type="stmt"/>
        <line num="33" count="9" type="stmt"/>
        <line num="35" count="4" type="stmt"/>
        <line num="36" count="14" type="stmt"/>
        <line num="37" count="14" type="stmt"/>
        <line num="41" count="14" type="stmt"/>
      </file>
      <file name="HotKeyListener.ts" path="D:\前端技术栈\translator-extensions\src\events\HotKeyListener.ts">
        <metrics statements="63" coveredstatements="63" conditionals="30" coveredconditionals="22" methods="9" coveredmethods="9"/>
        <line num="27" count="9" type="stmt"/>
        <line num="28" count="9" type="stmt"/>
        <line num="29" count="9" type="stmt"/>
        <line num="30" count="9" type="stmt"/>
        <line num="31" count="9" type="stmt"/>
        <line num="32" count="9" type="stmt"/>
        <line num="33" count="9" type="stmt"/>
        <line num="36" count="9" type="stmt"/>
        <line num="37" count="10" type="stmt"/>
        <line num="40" count="9" type="stmt"/>
        <line num="41" count="16" type="stmt"/>
        <line num="43" count="9" type="stmt"/>
        <line num="44" count="11" type="stmt"/>
        <line num="45" count="11" type="stmt"/>
        <line num="48" count="9" type="stmt"/>
        <line num="49" count="26" type="stmt"/>
        <line num="50" count="26" type="cond" truecount="4" falsecount="0"/>
        <line num="53" count="16" type="stmt"/>
        <line num="54" count="16" type="cond" truecount="4" falsecount="0"/>
        <line num="56" count="13" type="cond" truecount="2" falsecount="0"/>
        <line num="57" count="12" type="stmt"/>
        <line num="58" count="12" type="stmt"/>
        <line num="59" count="12" type="stmt"/>
        <line num="60" count="12" type="cond" truecount="1" falsecount="1"/>
        <line num="61" count="12" type="stmt"/>
        <line num="71" count="140" type="cond" truecount="1" falsecount="1"/>
        <line num="72" count="140" type="stmt"/>
        <line num="82" count="12" type="stmt"/>
        <line num="83" count="12" type="cond" truecount="1" falsecount="1"/>
        <line num="84" count="12" type="stmt"/>
        <line num="85" count="12" type="cond" truecount="1" falsecount="1"/>
        <line num="87" count="12" type="stmt"/>
        <line num="88" count="12" type="cond" truecount="1" falsecount="1"/>
        <line num="89" count="12" type="stmt"/>
        <line num="90" count="12" type="cond" truecount="1" falsecount="1"/>
        <line num="91" count="12" type="stmt"/>
        <line num="93" count="12" type="stmt"/>
        <line num="94" count="12" type="stmt"/>
        <line num="106" count="12" type="stmt"/>
        <line num="108" count="12" type="cond" truecount="1" falsecount="1"/>
        <line num="109" count="12" type="stmt"/>
        <line num="110" count="12" type="stmt"/>
        <line num="111" count="12" type="stmt"/>
        <line num="112" count="12" type="stmt"/>
        <line num="115" count="12" type="cond" truecount="1" falsecount="1"/>
        <line num="117" count="12" type="stmt"/>
        <line num="118" count="55" type="stmt"/>
        <line num="119" count="55" type="cond" truecount="2" falsecount="0"/>
        <line num="120" count="44" type="stmt"/>
        <line num="122" count="11" type="stmt"/>
        <line num="126" count="12" type="stmt"/>
        <line num="129" count="12" type="stmt"/>
        <line num="130" count="12" type="stmt"/>
        <line num="131" count="73" type="stmt"/>
        <line num="132" count="73" type="cond" truecount="2" falsecount="0"/>
        <line num="133" count="61" type="stmt"/>
        <line num="135" count="12" type="stmt"/>
        <line num="140" count="12" type="stmt"/>
        <line num="141" count="12" type="stmt"/>
        <line num="142" count="12" type="stmt"/>
        <line num="143" count="12" type="stmt"/>
        <line num="144" count="12" type="stmt"/>
        <line num="149" count="12" type="stmt"/>
      </file>
      <file name="Messenger.ts" path="D:\前端技术栈\translator-extensions\src\events\Messenger.ts">
        <metrics statements="52" coveredstatements="52" conditionals="22" coveredconditionals="20" methods="11" coveredmethods="11"/>
        <line num="8" count="3" type="stmt"/>
        <line num="42" count="3" type="stmt"/>
        <line num="51" count="18" type="stmt"/>
        <line num="52" count="18" type="stmt"/>
        <line num="53" count="18" type="stmt"/>
        <line num="54" count="18" type="stmt"/>
        <line num="55" count="18" type="stmt"/>
        <line num="56" count="18" type="stmt"/>
        <line num="58" count="18" type="stmt"/>
        <line num="59" count="19" type="stmt"/>
        <line num="60" count="19" type="stmt"/>
        <line num="62" count="18" type="stmt"/>
        <line num="63" count="18" type="stmt"/>
        <line num="64" count="18" type="stmt"/>
        <line num="67" count="18" type="stmt"/>
        <line num="68" count="1" type="stmt"/>
        <line num="71" count="18" type="stmt"/>
        <line num="72" count="352" type="stmt"/>
        <line num="73" count="352" type="stmt"/>
        <line num="74" count="352" type="stmt"/>
        <line num="76" count="352" type="cond" truecount="1" falsecount="1"/>
        <line num="77" count="352" type="cond" truecount="2" falsecount="0"/>
        <line num="80" count="352" type="cond" truecount="4" falsecount="0"/>
        <line num="82" count="311" type="cond" truecount="4" falsecount="0"/>
        <line num="83" count="41" type="stmt"/>
        <line num="84" count="41" type="stmt"/>
        <line num="85" count="41" type="stmt"/>
        <line num="88" count="270" type="stmt"/>
        <line num="93" count="270" type="stmt"/>
        <line num="94" count="123" type="stmt"/>
        <line num="95" count="42" type="cond" truecount="1" falsecount="1"/>
        <line num="97" count="42" type="stmt"/>
        <line num="117" count="109" type="stmt"/>
        <line num="118" count="109" type="cond" truecount="2" falsecount="0"/>
        <line num="119" count="61" type="stmt"/>
        <line num="121" count="48" type="stmt"/>
        <line num="123" count="109" type="stmt"/>
        <line num="124" count="50" type="stmt"/>
        <line num="125" count="54" type="stmt"/>
        <line num="151" count="180" type="stmt"/>
        <line num="153" count="180" type="stmt"/>
        <line num="164" count="180" type="stmt"/>
        <line num="165" count="180" type="stmt"/>
        <line num="166" count="180" type="stmt"/>
        <line num="170" count="180" type="cond" truecount="2" falsecount="0"/>
        <line num="171" count="42" type="stmt"/>
        <line num="174" count="180" type="cond" truecount="2" falsecount="0"/>
        <line num="175" count="41" type="stmt"/>
        <line num="176" count="41" type="stmt"/>
        <line num="177" count="41" type="stmt"/>
        <line num="178" count="41" type="stmt"/>
        <line num="180" count="180" type="stmt"/>
      </file>
      <file name="SearchListener.ts" path="D:\前端技术栈\translator-extensions\src\events\SearchListener.ts">
        <metrics statements="33" coveredstatements="33" conditionals="4" coveredconditionals="3" methods="7" coveredmethods="7"/>
        <line num="5" count="3" type="stmt"/>
        <line num="6" count="3" type="stmt"/>
        <line num="7" count="3" type="stmt"/>
        <line num="13" count="4" type="stmt"/>
        <line num="14" count="4" type="stmt"/>
        <line num="15" count="4" type="stmt"/>
        <line num="17" count="4" type="stmt"/>
        <line num="18" count="5" type="stmt"/>
        <line num="21" count="4" type="stmt"/>
        <line num="22" count="5" type="stmt"/>
        <line num="31" count="4" type="stmt"/>
        <line num="32" count="4" type="stmt"/>
        <line num="34" count="4" type="stmt"/>
        <line num="35" count="4" type="stmt"/>
        <line num="36" count="4" type="stmt"/>
        <line num="90" count="4" type="stmt"/>
        <line num="91" count="4" type="stmt"/>
        <line num="92" count="4" type="stmt"/>
        <line num="95" count="4" type="stmt"/>
        <line num="96" count="4" type="stmt"/>
        <line num="97" count="6" type="stmt"/>
        <line num="98" count="6" type="stmt"/>
        <line num="99" count="6" type="cond" truecount="2" falsecount="0"/>
        <line num="100" count="4" type="stmt"/>
        <line num="101" count="4" type="cond" truecount="1" falsecount="1"/>
        <line num="103" count="4" type="stmt"/>
        <line num="106" count="4" type="stmt"/>
        <line num="107" count="1" type="stmt"/>
        <line num="108" count="1" type="stmt"/>
        <line num="111" count="3" type="stmt"/>
        <line num="112" count="3" type="stmt"/>
        <line num="113" count="3" type="stmt"/>
        <line num="115" count="4" type="stmt"/>
      </file>
      <file name="SelectionListener.ts" path="D:\前端技术栈\translator-extensions\src\events\SelectionListener.ts">
        <metrics statements="28" coveredstatements="26" conditionals="14" coveredconditionals="13" methods="7" coveredmethods="7"/>
        <line num="6" count="9" type="stmt"/>
        <line num="8" count="9" type="stmt"/>
        <line num="11" count="9" type="stmt"/>
        <line num="14" count="9" type="stmt"/>
        <line num="15" count="9" type="stmt"/>
        <line num="18" count="9" type="stmt"/>
        <line num="19" count="40" type="stmt"/>
        <line num="20" count="40" type="stmt"/>
        <line num="22" count="9" type="stmt"/>
        <line num="23" count="14" type="stmt"/>
        <line num="24" count="14" type="stmt"/>
        <line num="27" count="9" type="stmt"/>
        <line num="28" count="64" type="stmt"/>
        <line num="31" count="9" type="stmt"/>
        <line num="32" count="64" type="stmt"/>
        <line num="40" count="9" type="stmt"/>
        <line num="41" count="64" type="cond" truecount="1" falsecount="1"/>
        <line num="42" count="0" type="stmt"/>
        <line num="43" count="0" type="stmt"/>
        <line num="45" count="64" type="stmt"/>
        <line num="46" count="64" type="stmt"/>
        <line num="47" count="64" type="cond" truecount="2" falsecount="0"/>
        <line num="48" count="20" type="stmt"/>
        <line num="49" count="20" type="stmt"/>
        <line num="51" count="20" type="cond" truecount="4" falsecount="0"/>
        <line num="53" count="14" type="cond" truecount="4" falsecount="0"/>
        <line num="55" count="14" type="cond" truecount="2" falsecount="0"/>
        <line num="56" count="13" type="stmt"/>
      </file>
      <file name="index.ts" path="D:\前端技术栈\translator-extensions\src\events\index.ts">
        <metrics statements="0" coveredstatements="0" conditionals="0" coveredconditionals="0" methods="0" coveredmethods="0"/>
      </file>
      <file name="utils.ts" path="D:\前端技术栈\translator-extensions\src\events\utils.ts">
        <metrics statements="34" coveredstatements="23" conditionals="16" coveredconditionals="9" methods="9" coveredmethods="8"/>
        <line num="7" count="77" type="stmt"/>
        <line num="8" count="77" type="stmt"/>
        <line num="18" count="0" type="cond" truecount="0" falsecount="2"/>
        <line num="19" count="0" type="stmt"/>
        <line num="22" count="0" type="cond" truecount="0" falsecount="2"/>
        <line num="24" count="0" type="stmt"/>
        <line num="25" count="0" type="cond" truecount="0" falsecount="2"/>
        <line num="26" count="0" type="stmt"/>
        <line num="27" count="0" type="stmt"/>
        <line num="28" count="0" type="stmt"/>
        <line num="29" count="0" type="stmt"/>
        <line num="32" count="0" type="stmt"/>
        <line num="34" count="0" type="stmt"/>
        <line num="37" count="6" type="stmt"/>
        <line num="39" count="28" type="cond" truecount="1" falsecount="1"/>
        <line num="40" count="28" type="stmt"/>
        <line num="44" count="7" type="stmt"/>
        <line num="49" count="10" type="stmt"/>
        <line num="50" count="10" type="stmt"/>
        <line num="51" count="10" type="stmt"/>
        <line num="52" count="15" type="cond" truecount="2" falsecount="0"/>
        <line num="53" count="11" type="stmt"/>
        <line num="54" count="11" type="stmt"/>
        <line num="55" count="11" type="stmt"/>
        <line num="56" count="11" type="stmt"/>
        <line num="59" count="10" type="stmt"/>
        <line num="60" count="12" type="stmt"/>
        <line num="61" count="10" type="stmt"/>
        <line num="63" count="12" type="stmt"/>
        <line num="65" count="10" type="stmt"/>
        <line num="69" count="30" type="stmt"/>
        <line num="70" count="30" type="cond" truecount="2" falsecount="0"/>
        <line num="71" count="24" type="cond" truecount="4" falsecount="0"/>
        <line num="72" count="21" type="stmt"/>
      </file>
    </package>
    <package name="extensions-apis">
      <metrics statements="63" coveredstatements="4" conditionals="20" coveredconditionals="1" methods="36" coveredmethods="0"/>
      <file name="browserAction.api.ts" path="D:\前端技术栈\translator-extensions\src\extensions-apis\browserAction.api.ts">
        <metrics statements="1" coveredstatements="0" conditionals="0" coveredconditionals="0" methods="1" coveredmethods="0"/>
        <line num="2" count="0" type="stmt"/>
      </file>
      <file name="commands.api.ts" path="D:\前端技术栈\translator-extensions\src\extensions-apis\commands.api.ts">
        <metrics statements="14" coveredstatements="3" conditionals="6" coveredconditionals="1" methods="5" coveredmethods="0"/>
        <line num="7" count="11" type="stmt"/>
        <line num="9" count="0" type="stmt"/>
        <line num="10" count="0" type="stmt"/>
        <line num="11" count="0" type="stmt"/>
        <line num="15" count="11" type="cond" truecount="1" falsecount="1"/>
        <line num="16" count="11" type="stmt"/>
        <line num="17" count="0" type="stmt"/>
        <line num="18" count="0" type="cond" truecount="0" falsecount="2"/>
        <line num="19" count="0" type="stmt"/>
        <line num="20" count="0" type="stmt"/>
        <line num="21" count="0" type="cond" truecount="0" falsecount="2"/>
        <line num="24" count="0" type="stmt"/>
        <line num="25" count="0" type="stmt"/>
        <line num="26" count="0" type="stmt"/>
      </file>
      <file name="contextMenus.api.ts" path="D:\前端技术栈\translator-extensions\src\extensions-apis\contextMenus.api.ts">
        <metrics statements="2" coveredstatements="0" conditionals="0" coveredconditionals="0" methods="2" coveredmethods="0"/>
        <line num="2" count="0" type="stmt"/>
        <line num="6" count="0" type="stmt"/>
      </file>
      <file name="index.ts" path="D:\前端技术栈\translator-extensions\src\extensions-apis\index.ts">
        <metrics statements="0" coveredstatements="0" conditionals="0" coveredconditionals="0" methods="0" coveredmethods="0"/>
      </file>
      <file name="runtime.api.ts" path="D:\前端技术栈\translator-extensions\src\extensions-apis\runtime.api.ts">
        <metrics statements="15" coveredstatements="0" conditionals="2" coveredconditionals="0" methods="11" coveredmethods="0"/>
        <line num="32" count="0" type="stmt"/>
        <line num="33" count="0" type="stmt"/>
        <line num="34" count="0" type="stmt"/>
        <line num="49" count="0" type="stmt"/>
        <line num="54" count="0" type="stmt"/>
        <line num="59" count="0" type="stmt"/>
        <line num="61" count="0" type="stmt"/>
        <line num="62" count="0" type="stmt"/>
        <line num="64" count="0" type="stmt"/>
        <line num="65" count="0" type="stmt"/>
        <line num="68" count="0" type="cond" truecount="0" falsecount="2"/>
        <line num="69" count="0" type="stmt"/>
        <line num="71" count="0" type="stmt"/>
        <line num="76" count="0" type="stmt"/>
        <line num="80" count="0" type="stmt"/>
      </file>
      <file name="storage.api.ts" path="D:\前端技术栈\translator-extensions\src\extensions-apis\storage.api.ts">
        <metrics statements="24" coveredstatements="1" conditionals="10" coveredconditionals="0" methods="11" coveredmethods="0"/>
        <line num="88" count="11" type="stmt"/>
        <line num="189" count="0" type="stmt"/>
        <line num="195" count="0" type="cond" truecount="0" falsecount="2"/>
        <line num="196" count="0" type="stmt"/>
        <line num="197" count="0" type="stmt"/>
        <line num="198" count="0" type="cond" truecount="0" falsecount="2"/>
        <line num="199" count="0" type="stmt"/>
        <line num="200" count="0" type="stmt"/>
        <line num="201" count="0" type="stmt"/>
        <line num="202" count="0" type="cond" truecount="0" falsecount="2"/>
        <line num="204" count="0" type="stmt"/>
        <line num="209" count="0" type="cond" truecount="0" falsecount="2"/>
        <line num="214" count="0" type="stmt"/>
        <line num="215" count="0" type="stmt"/>
        <line num="228" count="0" type="stmt"/>
        <line num="230" count="0" type="stmt"/>
        <line num="231" count="0" type="stmt"/>
        <line num="232" count="0" type="cond" truecount="0" falsecount="2"/>
        <line num="238" count="0" type="stmt"/>
        <line num="240" count="0" type="stmt"/>
        <line num="244" count="0" type="stmt"/>
        <line num="245" count="0" type="stmt"/>
        <line num="246" count="0" type="stmt"/>
        <line num="251" count="0" type="stmt"/>
      </file>
      <file name="tabs.api.ts" path="D:\前端技术栈\translator-extensions\src\extensions-apis\tabs.api.ts">
        <metrics statements="7" coveredstatements="0" conditionals="2" coveredconditionals="0" methods="6" coveredmethods="0"/>
        <line num="11" count="0" type="stmt"/>
        <line num="12" count="0" type="stmt"/>
        <line num="13" count="0" type="stmt"/>
        <line num="14" count="0" type="cond" truecount="0" falsecount="2"/>
        <line num="15" count="0" type="stmt"/>
        <line num="16" count="0" type="stmt"/>
        <line num="24" count="0" type="stmt"/>
      </file>
    </package>
    <package name="options-page">
      <metrics statements="11" coveredstatements="11" conditionals="2" coveredconditionals="1" methods="0" coveredmethods="0"/>
      <file name="fields.ts" path="D:\前端技术栈\translator-extensions\src\options-page\fields.ts">
        <metrics statements="11" coveredstatements="11" conditionals="2" coveredconditionals="1" methods="0" coveredmethods="0"/>
        <line num="9" count="5" type="stmt"/>
        <line num="25" count="5" type="stmt"/>
        <line num="40" count="5" type="stmt"/>
        <line num="46" count="5" type="stmt"/>
        <line num="52" count="5" type="stmt"/>
        <line num="57" count="5" type="cond" truecount="1" falsecount="1"/>
        <line num="58" count="5" type="stmt"/>
        <line num="59" count="5" type="stmt"/>
        <line num="60" count="5" type="stmt"/>
        <line num="61" count="5" type="stmt"/>
        <line num="62" count="5" type="stmt"/>
      </file>
    </package>
    <package name="options-page.components">
      <metrics statements="12" coveredstatements="12" conditionals="14" coveredconditionals="14" methods="3" coveredmethods="3"/>
      <file name="Select.tsx" path="D:\前端技术栈\translator-extensions\src\options-page\components\Select.tsx">
        <metrics statements="12" coveredstatements="12" conditionals="14" coveredconditionals="14" methods="3" coveredmethods="3"/>
        <line num="15" count="75" type="stmt"/>
        <line num="16" count="75" type="stmt"/>
        <line num="21" count="181" type="stmt"/>
        <line num="40" count="4" type="stmt"/>
        <line num="41" count="75" type="stmt"/>
        <line num="42" count="75" type="stmt"/>
        <line num="43" count="75" type="cond" truecount="2" falsecount="0"/>
        <line num="44" count="75" type="cond" truecount="2" falsecount="0"/>
        <line num="45" count="47" type="stmt"/>
        <line num="47" count="28" type="stmt"/>
        <line num="49" count="75" type="stmt"/>
        <line num="50" count="75" type="stmt"/>
      </file>
    </package>
    <package name="options-page.components.AnkiConfig">
      <metrics statements="56" coveredstatements="56" conditionals="4" coveredconditionals="4" methods="19" coveredmethods="19"/>
      <file name="DeckOrModel.tsx" path="D:\前端技术栈\translator-extensions\src\options-page\components\AnkiConfig\DeckOrModel.tsx">
        <metrics statements="21" coveredstatements="21" conditionals="4" coveredconditionals="4" methods="5" coveredmethods="5"/>
        <line num="24" count="2" type="stmt"/>
        <line num="28" count="12" type="stmt"/>
        <line num="29" count="12" type="stmt"/>
        <line num="31" count="12" type="stmt"/>
        <line num="32" count="12" type="stmt"/>
        <line num="33" count="12" type="cond" truecount="2" falsecount="0"/>
        <line num="34" count="6" type="stmt"/>
        <line num="35" count="6" type="stmt"/>
        <line num="37" count="12" type="cond" truecount="2" falsecount="0"/>
        <line num="38" count="6" type="stmt"/>
        <line num="39" count="6" type="stmt"/>
        <line num="42" count="36" type="stmt"/>
        <line num="43" count="12" type="stmt"/>
        <line num="44" count="12" type="stmt"/>
        <line num="45" count="12" type="stmt"/>
        <line num="47" count="36" type="stmt"/>
        <line num="48" count="12" type="stmt"/>
        <line num="49" count="8" type="stmt"/>
        <line num="52" count="12" type="stmt"/>
        <line num="54" count="2" type="stmt"/>
        <line num="65" count="12" type="stmt"/>
      </file>
      <file name="ModelFields.tsx" path="D:\前端技术栈\translator-extensions\src\options-page\components\AnkiConfig\ModelFields.tsx">
        <metrics statements="18" coveredstatements="18" conditionals="0" coveredconditionals="0" methods="7" coveredmethods="7"/>
        <line num="16" count="2" type="stmt"/>
        <line num="19" count="12" type="stmt"/>
        <line num="20" count="12" type="stmt"/>
        <line num="21" count="30" type="stmt"/>
        <line num="22" count="30" type="stmt"/>
        <line num="23" count="12" type="stmt"/>
        <line num="24" count="12" type="stmt"/>
        <line num="26" count="12" type="stmt"/>
        <line num="27" count="12" type="stmt"/>
        <line num="28" count="12" type="stmt"/>
        <line num="30" count="12" type="stmt"/>
        <line num="31" count="12" type="stmt"/>
        <line num="32" count="4" type="stmt"/>
        <line num="39" count="12" type="stmt"/>
        <line num="43" count="55" type="stmt"/>
        <line num="44" count="55" type="stmt"/>
        <line num="55" count="3" type="stmt"/>
        <line num="73" count="3" type="stmt"/>
      </file>
      <file name="TagsInput.tsx" path="D:\前端技术栈\translator-extensions\src\options-page\components\AnkiConfig\TagsInput.tsx">
        <metrics statements="10" coveredstatements="10" conditionals="0" coveredconditionals="0" methods="4" coveredmethods="4"/>
        <line num="18" count="2" type="stmt"/>
        <line num="21" count="11" type="stmt"/>
        <line num="22" count="11" type="stmt"/>
        <line num="23" count="27" type="stmt"/>
        <line num="24" count="11" type="stmt"/>
        <line num="25" count="4" type="stmt"/>
        <line num="28" count="11" type="stmt"/>
        <line num="30" count="7" type="stmt"/>
        <line num="41" count="11" type="stmt"/>
        <line num="42" count="11" type="stmt"/>
      </file>
      <file name="index.tsx" path="D:\前端技术栈\translator-extensions\src\options-page\components\AnkiConfig\index.tsx">
        <metrics statements="7" coveredstatements="7" conditionals="0" coveredconditionals="0" methods="3" coveredmethods="3"/>
        <line num="21" count="3" type="stmt"/>
        <line num="22" count="3" type="stmt"/>
        <line num="23" count="12" type="stmt"/>
        <line num="25" count="3" type="stmt"/>
        <line num="27" count="3" type="stmt"/>
        <line num="28" count="3" type="stmt"/>
        <line num="35" count="3" type="stmt"/>
      </file>
    </package>
    <package name="options-page.components.BasisConfig">
      <metrics statements="22" coveredstatements="21" conditionals="0" coveredconditionals="0" methods="11" coveredmethods="10"/>
      <file name="ConnectionMethod.tsx" path="D:\前端技术栈\translator-extensions\src\options-page\components\BasisConfig\ConnectionMethod.tsx">
        <metrics statements="8" coveredstatements="7" conditionals="0" coveredconditionals="0" methods="4" coveredmethods="3"/>
        <line num="13" count="1" type="stmt"/>
        <line num="14" count="1" type="stmt"/>
        <line num="15" count="4" type="stmt"/>
        <line num="17" count="1" type="stmt"/>
        <line num="18" count="1" type="stmt"/>
        <line num="20" count="1" type="stmt"/>
        <line num="21" count="1" type="stmt"/>
        <line num="31" count="0" type="stmt"/>
      </file>
      <file name="ConnectionURL.tsx" path="D:\前端技术栈\translator-extensions\src\options-page\components\BasisConfig\ConnectionURL.tsx">
        <metrics statements="13" coveredstatements="13" conditionals="0" coveredconditionals="0" methods="6" coveredmethods="6"/>
        <line num="15" count="2" type="stmt"/>
        <line num="16" count="21" type="stmt"/>
        <line num="17" count="21" type="stmt"/>
        <line num="18" count="43" type="stmt"/>
        <line num="20" count="21" type="stmt"/>
        <line num="21" count="2" type="stmt"/>
        <line num="24" count="21" type="stmt"/>
        <line num="26" count="18" type="stmt"/>
        <line num="36" count="21" type="stmt"/>
        <line num="38" count="1" type="stmt"/>
        <line num="46" count="21" type="stmt"/>
        <line num="47" count="21" type="stmt"/>
        <line num="62" count="2" type="stmt"/>
      </file>
      <file name="index.tsx" path="D:\前端技术栈\translator-extensions\src\options-page\components\BasisConfig\index.tsx">
        <metrics statements="1" coveredstatements="1" conditionals="0" coveredconditionals="0" methods="1" coveredmethods="1"/>
        <line num="15" count="1" type="stmt"/>
      </file>
    </package>
    <package name="options-page.components.ConfigTabs">
      <metrics statements="13" coveredstatements="12" conditionals="0" coveredconditionals="0" methods="7" coveredmethods="6"/>
      <file name="index.tsx" path="D:\前端技术栈\translator-extensions\src\options-page\components\ConfigTabs\index.tsx">
        <metrics statements="13" coveredstatements="12" conditionals="0" coveredconditionals="0" methods="7" coveredmethods="6"/>
        <line num="17" count="1" type="stmt"/>
        <line num="18" count="7" type="stmt"/>
        <line num="19" count="4" type="stmt"/>
        <line num="20" count="4" type="stmt"/>
        <line num="21" count="1" type="stmt"/>
        <line num="23" count="3" type="stmt"/>
        <line num="28" count="4" type="stmt"/>
        <line num="29" count="1" type="stmt"/>
        <line num="47" count="4" type="stmt"/>
        <line num="48" count="0" type="stmt"/>
        <line num="51" count="4" type="stmt"/>
        <line num="52" count="4" type="stmt"/>
        <line num="62" count="4" type="stmt"/>
      </file>
    </package>
    <package name="options-page.components.Footer">
      <metrics statements="23" coveredstatements="23" conditionals="11" coveredconditionals="9" methods="7" coveredmethods="7"/>
      <file name="index.tsx" path="D:\前端技术栈\translator-extensions\src\options-page\components\Footer\index.tsx">
        <metrics statements="23" coveredstatements="23" conditionals="11" coveredconditionals="9" methods="7" coveredmethods="7"/>
        <line num="13" count="1" type="stmt"/>
        <line num="14" count="13" type="stmt"/>
        <line num="15" count="17" type="stmt"/>
        <line num="16" count="13" type="stmt"/>
        <line num="18" count="13" type="stmt"/>
        <line num="19" count="13" type="stmt"/>
        <line num="22" count="13" type="stmt"/>
        <line num="23" count="13" type="stmt"/>
        <line num="24" count="1" type="cond" truecount="1" falsecount="1"/>
        <line num="25" count="1" type="stmt"/>
        <line num="26" count="1" type="stmt"/>
        <line num="27" count="1" type="stmt"/>
        <line num="28" count="1" type="stmt"/>
        <line num="29" count="1" type="stmt"/>
        <line num="34" count="13" type="stmt"/>
        <line num="35" count="13" type="stmt"/>
        <line num="36" count="1" type="cond" truecount="1" falsecount="1"/>
        <line num="37" count="1" type="stmt"/>
        <line num="38" count="1" type="stmt"/>
        <line num="39" count="1" type="stmt"/>
        <line num="40" count="1" type="stmt"/>
        <line num="41" count="1" type="stmt"/>
        <line num="46" count="13" type="stmt"/>
      </file>
    </package>
    <package name="options-page.components.Tabs">
      <metrics statements="47" coveredstatements="45" conditionals="24" coveredconditionals="21" methods="11" coveredmethods="10"/>
      <file name="Tab.tsx" path="D:\前端技术栈\translator-extensions\src\options-page\components\Tabs\Tab.tsx">
        <metrics statements="3" coveredstatements="3" conditionals="0" coveredconditionals="0" methods="1" coveredmethods="1"/>
        <line num="12" count="2" type="stmt"/>
        <line num="16" count="124" type="stmt"/>
        <line num="17" count="124" type="stmt"/>
      </file>
      <file name="TabPanel.tsx" path="D:\前端技术栈\translator-extensions\src\options-page\components\Tabs\TabPanel.tsx">
        <metrics statements="1" coveredstatements="0" conditionals="0" coveredconditionals="0" methods="1" coveredmethods="0"/>
        <line num="15" count="0" type="stmt"/>
      </file>
      <file name="index.tsx" path="D:\前端技术栈\translator-extensions\src\options-page\components\Tabs\index.tsx">
        <metrics statements="43" coveredstatements="42" conditionals="24" coveredconditionals="21" methods="9" coveredmethods="9"/>
        <line num="22" count="32" type="stmt"/>
        <line num="23" count="32" type="stmt"/>
        <line num="25" count="32" type="stmt"/>
        <line num="26" count="29" type="stmt"/>
        <line num="32" count="32" type="stmt"/>
        <line num="33" count="32" type="stmt"/>
        <line num="34" count="32" type="stmt"/>
        <line num="36" count="41" type="cond" truecount="4" falsecount="0"/>
        <line num="37" count="20" type="stmt"/>
        <line num="38" count="20" type="stmt"/>
        <line num="39" count="20" type="stmt"/>
        <line num="41" count="20" type="cond" truecount="2" falsecount="0"/>
        <line num="42" count="10" type="stmt"/>
        <line num="43" count="10" type="cond" truecount="2" falsecount="0"/>
        <line num="44" count="3" type="stmt"/>
        <line num="47" count="20" type="cond" truecount="2" falsecount="0"/>
        <line num="48" count="10" type="stmt"/>
        <line num="49" count="10" type="cond" truecount="2" falsecount="0"/>
        <line num="50" count="3" type="stmt"/>
        <line num="54" count="20" type="stmt"/>
        <line num="55" count="20" type="stmt"/>
        <line num="56" count="20" type="stmt"/>
        <line num="61" count="32" type="stmt"/>
        <line num="70" count="124" type="stmt"/>
        <line num="71" count="124" type="stmt"/>
        <line num="72" count="124" type="cond" truecount="2" falsecount="0"/>
        <line num="73" count="124" type="stmt"/>
        <line num="76" count="248" type="stmt"/>
        <line num="84" count="25" type="stmt"/>
        <line num="92" count="124" type="stmt"/>
        <line num="93" count="124" type="stmt"/>
        <line num="94" count="124" type="stmt"/>
        <line num="116" count="34" type="stmt"/>
        <line num="117" count="34" type="stmt"/>
        <line num="119" count="122" type="cond" truecount="2" falsecount="0"/>
        <line num="120" count="5" type="stmt"/>
        <line num="123" count="117" type="cond" truecount="2" falsecount="0"/>
        <line num="124" count="5" type="stmt"/>
        <line num="125" count="5" type="stmt"/>
        <line num="128" count="112" type="cond" truecount="1" falsecount="1"/>
        <line num="129" count="0" type="stmt"/>
        <line num="135" count="112" type="stmt"/>
        <line num="141" count="34" type="stmt"/>
      </file>
    </package>
    <package name="options-page.components.__tests__.utils">
      <metrics statements="46" coveredstatements="42" conditionals="16" coveredconditionals="15" methods="18" coveredmethods="14"/>
      <file name="index.tsx" path="D:\前端技术栈\translator-extensions\src\options-page\components\__tests__\utils\index.tsx">
        <metrics statements="46" coveredstatements="42" conditionals="16" coveredconditionals="15" methods="18" coveredmethods="14"/>
        <line num="8" count="6" type="stmt"/>
        <line num="9" count="6" type="stmt"/>
        <line num="10" count="6" type="stmt"/>
        <line num="11" count="6" type="stmt"/>
        <line num="13" count="6" type="stmt"/>
        <line num="14" count="6" type="stmt"/>
        <line num="15" count="6" type="stmt"/>
        <line num="16" count="6" type="stmt"/>
        <line num="17" count="6" type="stmt"/>
        <line num="20" count="6" type="cond" truecount="2" falsecount="0"/>
        <line num="33" count="4" type="stmt"/>
        <line num="42" count="4" type="stmt"/>
        <line num="52" count="20" type="cond" truecount="2" falsecount="0"/>
        <line num="53" count="4" type="stmt"/>
        <line num="55" count="16" type="cond" truecount="2" falsecount="0"/>
        <line num="56" count="4" type="stmt"/>
        <line num="73" count="12" type="cond" truecount="2" falsecount="0"/>
        <line num="74" count="4" type="stmt"/>
        <line num="81" count="8" type="cond" truecount="2" falsecount="0"/>
        <line num="82" count="4" type="stmt"/>
        <line num="91" count="4" type="cond" truecount="1" falsecount="1"/>
        <line num="92" count="4" type="stmt"/>
        <line num="113" count="6" type="stmt"/>
        <line num="114" count="34" type="stmt"/>
        <line num="115" count="34" type="stmt"/>
        <line num="116" count="34" type="cond" truecount="4" falsecount="0"/>
        <line num="118" count="6" type="stmt"/>
        <line num="119" count="6" type="stmt"/>
        <line num="122" count="4" type="stmt"/>
        <line num="123" count="4" type="stmt"/>
        <line num="126" count="4" type="stmt"/>
        <line num="127" count="4" type="stmt"/>
        <line num="130" count="20" type="stmt"/>
        <line num="131" count="20" type="stmt"/>
        <line num="137" count="6" type="stmt"/>
        <line num="141" count="4" type="stmt"/>
        <line num="145" count="2" type="stmt"/>
        <line num="149" count="13" type="stmt"/>
        <line num="150" count="13" type="stmt"/>
        <line num="151" count="13" type="stmt"/>
        <line num="152" count="13" type="stmt"/>
        <line num="153" count="13" type="stmt"/>
        <line num="160" count="0" type="stmt"/>
        <line num="161" count="0" type="stmt"/>
        <line num="162" count="0" type="stmt"/>
        <line num="163" count="0" type="stmt"/>
      </file>
    </package>
    <package name="options-page.features">
      <metrics statements="57" coveredstatements="51" conditionals="8" coveredconditionals="5" methods="13" coveredmethods="13"/>
      <file name="ankiSlice.ts" path="D:\前端技术栈\translator-extensions\src\options-page\features\ankiSlice.ts">
        <metrics statements="37" coveredstatements="31" conditionals="8" coveredconditionals="5" methods="4" coveredmethods="4"/>
        <line num="9" count="6" type="stmt"/>
        <line num="20" count="6" type="stmt"/>
        <line num="26" count="6" type="stmt"/>
        <line num="27" count="6" type="stmt"/>
        <line num="34" count="6" type="stmt"/>
        <line num="35" count="6" type="stmt"/>
        <line num="36" count="6" type="cond" truecount="2" falsecount="0"/>
        <line num="37" count="2" type="stmt"/>
        <line num="38" count="2" type="stmt"/>
        <line num="40" count="4" type="stmt"/>
        <line num="43" count="4" type="stmt"/>
        <line num="44" count="4" type="stmt"/>
        <line num="46" count="4" type="cond" truecount="1" falsecount="1"/>
        <line num="47" count="0" type="stmt"/>
        <line num="48" count="0" type="stmt"/>
        <line num="50" count="4" type="stmt"/>
        <line num="53" count="4" type="stmt"/>
        <line num="54" count="4" type="stmt"/>
        <line num="55" count="4" type="cond" truecount="1" falsecount="1"/>
        <line num="56" count="0" type="stmt"/>
        <line num="57" count="0" type="stmt"/>
        <line num="59" count="4" type="stmt"/>
        <line num="62" count="4" type="stmt"/>
        <line num="63" count="4" type="stmt"/>
        <line num="64" count="20" type="stmt"/>
        <line num="66" count="4" type="stmt"/>
        <line num="67" count="20" type="stmt"/>
        <line num="68" count="20" type="stmt"/>
        <line num="69" count="20" type="cond" truecount="1" falsecount="1"/>
        <line num="70" count="0" type="stmt"/>
        <line num="71" count="0" type="stmt"/>
        <line num="73" count="20" type="stmt"/>
        <line num="76" count="4" type="stmt"/>
        <line num="77" count="4" type="stmt"/>
        <line num="80" count="6" type="stmt"/>
        <line num="85" count="6" type="stmt"/>
        <line num="86" count="6" type="stmt"/>
      </file>
      <file name="index.ts" path="D:\前端技术栈\translator-extensions\src\options-page\features\index.ts">
        <metrics statements="3" coveredstatements="3" conditionals="0" coveredconditionals="0" methods="1" coveredmethods="1"/>
        <line num="6" count="6" type="stmt"/>
        <line num="17" count="73" type="stmt"/>
        <line num="18" count="6" type="stmt"/>
      </file>
      <file name="storageSlice.ts" path="D:\前端技术栈\translator-extensions\src\options-page\features\storageSlice.ts">
        <metrics statements="17" coveredstatements="17" conditionals="0" coveredconditionals="0" methods="8" coveredmethods="8"/>
        <line num="38" count="6" type="stmt"/>
        <line num="40" count="6" type="stmt"/>
        <line num="42" count="6" type="stmt"/>
        <line num="43" count="10" type="stmt"/>
        <line num="53" count="6" type="stmt"/>
        <line num="58" count="3" type="stmt"/>
        <line num="60" count="3" type="stmt"/>
        <line num="63" count="3" type="stmt"/>
        <line num="65" count="3" type="stmt"/>
        <line num="69" count="11" type="stmt"/>
        <line num="70" count="11" type="stmt"/>
        <line num="73" count="19" type="stmt"/>
        <line num="74" count="19" type="stmt"/>
        <line num="77" count="3" type="stmt"/>
        <line num="81" count="6" type="stmt"/>
        <line num="82" count="10" type="stmt"/>
        <line num="93" count="6" type="stmt"/>
      </file>
    </package>
    <package name="options-page.pure-components">
      <metrics statements="18" coveredstatements="18" conditionals="0" coveredconditionals="0" methods="6" coveredmethods="6"/>
      <file name="Button.tsx" path="D:\前端技术栈\translator-extensions\src\options-page\pure-components\Button.tsx">
        <metrics statements="3" coveredstatements="3" conditionals="0" coveredconditionals="0" methods="1" coveredmethods="1"/>
        <line num="13" count="1" type="stmt"/>
        <line num="14" count="19" type="stmt"/>
        <line num="15" count="19" type="stmt"/>
      </file>
      <file name="Fieldset.tsx" path="D:\前端技术栈\translator-extensions\src\options-page\pure-components\Fieldset.tsx">
        <metrics statements="3" coveredstatements="3" conditionals="0" coveredconditionals="0" methods="1" coveredmethods="1"/>
        <line num="4" count="1" type="stmt"/>
        <line num="11" count="4" type="stmt"/>
        <line num="12" count="4" type="stmt"/>
      </file>
      <file name="H3.tsx" path="D:\前端技术栈\translator-extensions\src\options-page\pure-components\H3.tsx">
        <metrics statements="3" coveredstatements="3" conditionals="0" coveredconditionals="0" methods="1" coveredmethods="1"/>
        <line num="12" count="1" type="stmt"/>
        <line num="16" count="4" type="stmt"/>
        <line num="17" count="4" type="stmt"/>
      </file>
      <file name="Input.tsx" path="D:\前端技术栈\translator-extensions\src\options-page\pure-components\Input.tsx">
        <metrics statements="3" coveredstatements="3" conditionals="0" coveredconditionals="0" methods="1" coveredmethods="1"/>
        <line num="12" count="3" type="stmt"/>
        <line num="16" count="32" type="stmt"/>
        <line num="17" count="32" type="stmt"/>
      </file>
      <file name="Label.tsx" path="D:\前端技术栈\translator-extensions\src\options-page\pure-components\Label.tsx">
        <metrics statements="3" coveredstatements="3" conditionals="0" coveredconditionals="0" methods="1" coveredmethods="1"/>
        <line num="11" count="5" type="stmt"/>
        <line num="15" count="100" type="stmt"/>
        <line num="16" count="100" type="stmt"/>
      </file>
      <file name="Select.tsx" path="D:\前端技术栈\translator-extensions\src\options-page\pure-components\Select.tsx">
        <metrics statements="3" coveredstatements="3" conditionals="0" coveredconditionals="0" methods="1" coveredmethods="1"/>
        <line num="13" count="1" type="stmt"/>
        <line num="17" count="1" type="stmt"/>
        <line num="18" count="1" type="stmt"/>
      </file>
    </package>
    <package name="popup-page">
      <metrics statements="38" coveredstatements="38" conditionals="0" coveredconditionals="0" methods="17" coveredmethods="17"/>
      <file name="HotKeySelect.tsx" path="D:\前端技术栈\translator-extensions\src\popup-page\HotKeySelect.tsx">
        <metrics statements="6" coveredstatements="6" conditionals="0" coveredconditionals="0" methods="3" coveredmethods="3"/>
        <line num="4" count="1" type="stmt"/>
        <line num="5" count="1" type="stmt"/>
        <line num="9" count="3" type="stmt"/>
        <line num="10" count="3" type="stmt"/>
        <line num="38" count="9" type="stmt"/>
        <line num="42" count="9" type="stmt"/>
      </file>
      <file name="Popup.tsx" path="D:\前端技术栈\translator-extensions\src\popup-page\Popup.tsx">
        <metrics statements="30" coveredstatements="30" conditionals="0" coveredconditionals="0" methods="13" coveredmethods="13"/>
        <line num="22" count="2" type="stmt"/>
        <line num="29" count="2" type="stmt"/>
        <line num="32" count="2" type="stmt"/>
        <line num="35" count="2" type="stmt"/>
        <line num="36" count="6" type="stmt"/>
        <line num="37" count="4" type="stmt"/>
        <line num="41" count="6" type="stmt"/>
        <line num="44" count="2" type="stmt"/>
        <line num="45" count="2" type="stmt"/>
        <line num="46" count="2" type="stmt"/>
        <line num="49" count="2" type="stmt"/>
        <line num="50" count="2" type="stmt"/>
        <line num="51" count="2" type="stmt"/>
        <line num="52" count="2" type="stmt"/>
        <line num="54" count="2" type="stmt"/>
        <line num="55" count="1" type="stmt"/>
        <line num="56" count="1" type="stmt"/>
        <line num="58" count="2" type="stmt"/>
        <line num="59" count="2" type="stmt"/>
        <line num="60" count="2" type="stmt"/>
        <line num="62" count="2" type="stmt"/>
        <line num="65" count="9" type="stmt"/>
        <line num="71" count="9" type="stmt"/>
        <line num="72" count="9" type="stmt"/>
        <line num="102" count="1" type="stmt"/>
        <line num="108" count="8" type="stmt"/>
        <line num="109" count="8" type="stmt"/>
        <line num="131" count="1" type="stmt"/>
        <line num="134" count="2" type="stmt"/>
        <line num="135" count="2" type="stmt"/>
      </file>
      <file name="SwitchButton.tsx" path="D:\前端技术栈\translator-extensions\src\popup-page\SwitchButton.tsx">
        <metrics statements="2" coveredstatements="2" conditionals="0" coveredconditionals="0" methods="1" coveredmethods="1"/>
        <line num="13" count="8" type="stmt"/>
        <line num="14" count="8" type="stmt"/>
      </file>
    </package>
    <package name="translation-page">
      <metrics statements="66" coveredstatements="65" conditionals="27" coveredconditionals="23" methods="17" coveredmethods="17"/>
      <file name="context.tsx" path="D:\前端技术栈\translator-extensions\src\translation-page\context.tsx">
        <metrics statements="3" coveredstatements="3" conditionals="0" coveredconditionals="0" methods="0" coveredmethods="0"/>
        <line num="6" count="2" type="stmt"/>
        <line num="7" count="2" type="stmt"/>
        <line num="8" count="2" type="stmt"/>
      </file>
      <file name="utils.tsx" path="D:\前端技术栈\translator-extensions\src\translation-page\utils.tsx">
        <metrics statements="63" coveredstatements="62" conditionals="27" coveredconditionals="23" methods="17" coveredmethods="17"/>
        <line num="44" count="57" type="stmt"/>
        <line num="45" count="57" type="stmt"/>
        <line num="46" count="57" type="stmt"/>
        <line num="47" count="317" type="stmt"/>
        <line num="48" count="317" type="cond" truecount="2" falsecount="0"/>
        <line num="49" count="317" type="stmt"/>
        <line num="50" count="317" type="stmt"/>
        <line num="61" count="10" type="stmt"/>
        <line num="62" count="10" type="stmt"/>
        <line num="70" count="10" type="stmt"/>
        <line num="76" count="10" type="cond" truecount="1" falsecount="1"/>
        <line num="77" count="10" type="stmt"/>
        <line num="78" count="10" type="stmt"/>
        <line num="79" count="10" type="stmt"/>
        <line num="83" count="10" type="stmt"/>
        <line num="98" count="10" type="stmt"/>
        <line num="109" count="10" type="stmt"/>
        <line num="110" count="10" type="stmt"/>
        <line num="112" count="10" type="stmt"/>
        <line num="123" count="10" type="stmt"/>
        <line num="130" count="4" type="stmt"/>
        <line num="131" count="4" type="stmt"/>
        <line num="136" count="4" type="cond" truecount="1" falsecount="1"/>
        <line num="137" count="4" type="stmt"/>
        <line num="166" count="88" type="stmt"/>
        <line num="167" count="88" type="stmt"/>
        <line num="168" count="88" type="stmt"/>
        <line num="169" count="88" type="stmt"/>
        <line num="170" count="88" type="stmt"/>
        <line num="171" count="88" type="stmt"/>
        <line num="174" count="16" type="stmt"/>
        <line num="175" count="16" type="cond" truecount="2" falsecount="0"/>
        <line num="176" count="13" type="stmt"/>
        <line num="177" count="13" type="stmt"/>
        <line num="178" count="13" type="stmt"/>
        <line num="181" count="9" type="stmt"/>
        <line num="182" count="9" type="cond" truecount="2" falsecount="0"/>
        <line num="183" count="5" type="stmt"/>
        <line num="184" count="5" type="stmt"/>
        <line num="185" count="5" type="stmt"/>
        <line num="188" count="23" type="stmt"/>
        <line num="189" count="23" type="stmt"/>
        <line num="190" count="23" type="stmt"/>
        <line num="191" count="23" type="stmt"/>
        <line num="192" count="23" type="stmt"/>
        <line num="193" count="23" type="stmt"/>
        <line num="194" count="23" type="stmt"/>
        <line num="197" count="18" type="stmt"/>
        <line num="198" count="18" type="stmt"/>
        <line num="199" count="18" type="stmt"/>
        <line num="202" count="14" type="stmt"/>
        <line num="203" count="14" type="stmt"/>
        <line num="204" count="13" type="stmt"/>
        <line num="205" count="14" type="stmt"/>
        <line num="218" count="223" type="cond" truecount="2" falsecount="0"/>
        <line num="222" count="99" type="stmt"/>
        <line num="225" count="124" type="cond" truecount="2" falsecount="0"/>
        <line num="226" count="122" type="cond" truecount="2" falsecount="0"/>
        <line num="227" count="119" type="cond" truecount="2" falsecount="0"/>
        <line num="228" count="102" type="cond" truecount="2" falsecount="0"/>
        <line num="231" count="99" type="cond" truecount="1" falsecount="1"/>
        <line num="235" count="99" type="stmt"/>
        <line num="238" count="0" type="stmt"/>
      </file>
    </package>
    <package name="translation-page.components">
      <metrics statements="251" coveredstatements="250" conditionals="84" coveredconditionals="79" methods="90" coveredmethods="88"/>
      <file name="AnkiButton.tsx" path="D:\前端技术栈\translator-extensions\src\translation-page\components\AnkiButton.tsx">
        <metrics statements="12" coveredstatements="12" conditionals="6" coveredconditionals="6" methods="4" coveredmethods="4"/>
        <line num="17" count="1" type="stmt"/>
        <line num="18" count="119" type="stmt"/>
        <line num="19" count="119" type="stmt"/>
        <line num="23" count="28" type="cond" truecount="4" falsecount="0"/>
        <line num="24" count="1" type="stmt"/>
        <line num="26" count="3" type="stmt"/>
        <line num="29" count="1" type="stmt"/>
        <line num="30" count="1" type="stmt"/>
        <line num="32" count="27" type="stmt"/>
        <line num="60" count="1" type="stmt"/>
        <line num="67" count="119" type="stmt"/>
        <line num="68" count="119" type="stmt"/>
      </file>
      <file name="AudioButton.tsx" path="D:\前端技术栈\translator-extensions\src\translation-page\components\AudioButton.tsx">
        <metrics statements="14" coveredstatements="14" conditionals="4" coveredconditionals="2" methods="3" coveredmethods="3"/>
        <line num="21" count="41" type="stmt"/>
        <line num="22" count="41" type="stmt"/>
        <line num="23" count="41" type="stmt"/>
        <line num="24" count="41" type="stmt"/>
        <line num="25" count="7" type="stmt"/>
        <line num="26" count="7" type="cond" truecount="1" falsecount="1"/>
        <line num="28" count="7" type="stmt"/>
        <line num="29" count="7" type="cond" truecount="1" falsecount="1"/>
        <line num="30" count="7" type="stmt"/>
        <line num="33" count="7" type="stmt"/>
        <line num="34" count="7" type="stmt"/>
        <line num="39" count="41" type="stmt"/>
        <line num="42" count="10" type="stmt"/>
        <line num="49" count="41" type="stmt"/>
      </file>
      <file name="DisplayContainer.tsx" path="D:\前端技术栈\translator-extensions\src\translation-page\components\DisplayContainer.tsx">
        <metrics statements="42" coveredstatements="42" conditionals="22" coveredconditionals="22" methods="13" coveredmethods="13"/>
        <line num="47" count="85" type="stmt"/>
        <line num="49" count="85" type="stmt"/>
        <line num="55" count="85" type="stmt"/>
        <line num="57" count="7" type="stmt"/>
        <line num="58" count="7" type="stmt"/>
        <line num="62" count="85" type="stmt"/>
        <line num="64" count="5" type="stmt"/>
        <line num="70" count="85" type="cond" truecount="2" falsecount="0"/>
        <line num="71" count="12" type="stmt"/>
        <line num="77" count="73" type="stmt"/>
        <line num="92" count="3" type="stmt"/>
        <line num="98" count="12" type="stmt"/>
        <line num="113" count="85" type="stmt"/>
        <line num="114" count="85" type="stmt"/>
        <line num="115" count="85" type="stmt"/>
        <line num="116" count="85" type="stmt"/>
        <line num="121" count="85" type="stmt"/>
        <line num="122" count="27" type="stmt"/>
        <line num="123" count="27" type="cond" truecount="2" falsecount="0"/>
        <line num="124" count="25" type="cond" truecount="2" falsecount="0"/>
        <line num="125" count="23" type="stmt"/>
        <line num="128" count="85" type="stmt"/>
        <line num="131" count="27" type="stmt"/>
        <line num="132" count="27" type="stmt"/>
        <line num="133" count="27" type="stmt"/>
        <line num="134" count="27" type="cond" truecount="2" falsecount="0"/>
        <line num="135" count="23" type="stmt"/>
        <line num="136" count="23" type="stmt"/>
        <line num="137" count="23" type="stmt"/>
        <line num="147" count="23" type="stmt"/>
        <line num="148" count="23" type="cond" truecount="2" falsecount="0"/>
        <line num="149" count="3" type="stmt"/>
        <line num="150" count="3" type="stmt"/>
        <line num="151" count="3" type="stmt"/>
        <line num="152" count="3" type="stmt"/>
        <line num="153" count="3" type="stmt"/>
        <line num="166" count="20" type="stmt"/>
        <line num="167" count="20" type="stmt"/>
        <line num="168" count="20" type="stmt"/>
        <line num="169" count="20" type="stmt"/>
        <line num="170" count="20" type="stmt"/>
        <line num="184" count="85" type="stmt"/>
      </file>
      <file name="Error.tsx" path="D:\前端技术栈\translator-extensions\src\translation-page\components\Error.tsx">
        <metrics statements="19" coveredstatements="19" conditionals="8" coveredconditionals="7" methods="7" coveredmethods="7"/>
        <line num="15" count="1" type="stmt"/>
        <line num="16" count="4" type="stmt"/>
        <line num="17" count="4" type="cond" truecount="2" falsecount="0"/>
        <line num="18" count="2" type="stmt"/>
        <line num="20" count="2" type="stmt"/>
        <line num="24" count="2" type="stmt"/>
        <line num="25" count="2" type="stmt"/>
        <line num="26" count="2" type="stmt"/>
        <line num="31" count="4" type="stmt"/>
        <line num="36" count="2" type="stmt"/>
        <line num="49" count="3" type="stmt"/>
        <line num="50" count="3" type="stmt"/>
        <line num="51" count="3" type="stmt"/>
        <line num="52" count="3" type="stmt"/>
        <line num="69" count="1" type="cond" truecount="1" falsecount="1"/>
        <line num="70" count="1" type="stmt"/>
        <line num="71" count="1" type="stmt"/>
        <line num="72" count="1" type="stmt"/>
        <line num="75" count="1" type="stmt"/>
      </file>
      <file name="HistoryContainer.tsx" path="D:\前端技术栈\translator-extensions\src\translation-page\components\HistoryContainer.tsx">
        <metrics statements="82" coveredstatements="82" conditionals="24" coveredconditionals="23" methods="28" coveredmethods="28"/>
        <line num="49" count="2" type="stmt"/>
        <line num="82" count="86" type="stmt"/>
        <line num="84" count="86" type="stmt"/>
        <line num="87" count="86" type="stmt"/>
        <line num="89" count="86" type="stmt"/>
        <line num="90" count="86" type="stmt"/>
        <line num="92" count="86" type="stmt"/>
        <line num="93" count="12" type="stmt"/>
        <line num="97" count="86" type="stmt"/>
        <line num="110" count="86" type="stmt"/>
        <line num="111" count="15" type="stmt"/>
        <line num="112" count="15" type="stmt"/>
        <line num="117" count="15" type="stmt"/>
        <line num="123" count="86" type="stmt"/>
        <line num="125" count="24" type="stmt"/>
        <line num="126" count="24" type="stmt"/>
        <line num="128" count="24" type="stmt"/>
        <line num="129" count="24" type="stmt"/>
        <line num="130" count="24" type="stmt"/>
        <line num="138" count="86" type="stmt"/>
        <line num="139" count="2" type="stmt"/>
        <line num="140" count="2" type="stmt"/>
        <line num="141" count="2" type="cond" truecount="2" falsecount="0"/>
        <line num="147" count="86" type="stmt"/>
        <line num="148" count="7" type="stmt"/>
        <line num="149" count="7" type="stmt"/>
        <line num="150" count="7" type="cond" truecount="2" falsecount="0"/>
        <line num="156" count="86" type="stmt"/>
        <line num="157" count="17" type="stmt"/>
        <line num="163" count="17" type="cond" truecount="4" falsecount="0"/>
        <line num="164" count="8" type="stmt"/>
        <line num="170" count="17" type="cond" truecount="2" falsecount="0"/>
        <line num="172" count="5" type="stmt"/>
        <line num="173" count="15" type="stmt"/>
        <line num="178" count="5" type="cond" truecount="1" falsecount="1"/>
        <line num="179" count="5" type="stmt"/>
        <line num="180" count="10" type="stmt"/>
        <line num="181" count="25" type="stmt"/>
        <line num="186" count="17" type="stmt"/>
        <line num="196" count="86" type="stmt"/>
        <line num="198" count="17" type="stmt"/>
        <line num="199" count="17" type="cond" truecount="2" falsecount="0"/>
        <line num="201" count="9" type="stmt"/>
        <line num="202" count="8" type="cond" truecount="4" falsecount="0"/>
        <line num="204" count="2" type="stmt"/>
        <line num="206" count="6" type="stmt"/>
        <line num="207" count="6" type="stmt"/>
        <line num="210" count="17" type="stmt"/>
        <line num="218" count="86" type="stmt"/>
        <line num="219" count="12" type="stmt"/>
        <line num="220" count="22" type="stmt"/>
        <line num="227" count="86" type="stmt"/>
        <line num="229" count="27" type="stmt"/>
        <line num="230" count="26" type="stmt"/>
        <line num="231" count="26" type="stmt"/>
        <line num="233" count="27" type="cond" truecount="2" falsecount="0"/>
        <line num="234" count="4" type="stmt"/>
        <line num="235" count="4" type="stmt"/>
        <line num="237" count="23" type="stmt"/>
        <line num="245" count="86" type="stmt"/>
        <line num="246" count="12" type="stmt"/>
        <line num="247" count="17" type="stmt"/>
        <line num="248" count="17" type="stmt"/>
        <line num="249" count="17" type="stmt"/>
        <line num="258" count="86" type="stmt"/>
        <line num="259" count="12" type="stmt"/>
        <line num="260" count="7" type="stmt"/>
        <line num="261" count="7" type="stmt"/>
        <line num="268" count="86" type="stmt"/>
        <line num="269" count="12" type="stmt"/>
        <line num="270" count="3" type="stmt"/>
        <line num="271" count="2" type="stmt"/>
        <line num="279" count="86" type="stmt"/>
        <line num="280" count="36" type="stmt"/>
        <line num="286" count="86" type="stmt"/>
        <line num="287" count="36" type="stmt"/>
        <line num="288" count="36" type="stmt"/>
        <line num="294" count="86" type="stmt"/>
        <line num="295" count="82" type="cond" truecount="2" falsecount="0"/>
        <line num="296" count="57" type="stmt"/>
        <line num="297" count="57" type="stmt"/>
        <line num="301" count="86" type="stmt"/>
      </file>
      <file name="Loading.tsx" path="D:\前端技术栈\translator-extensions\src\translation-page\components\Loading.tsx">
        <metrics statements="3" coveredstatements="3" conditionals="0" coveredconditionals="0" methods="1" coveredmethods="1"/>
        <line num="7" count="3" type="stmt"/>
        <line num="11" count="6" type="stmt"/>
        <line num="12" count="6" type="stmt"/>
      </file>
      <file name="Phrase.tsx" path="D:\前端技术栈\translator-extensions\src\translation-page\components\Phrase.tsx">
        <metrics statements="10" coveredstatements="10" conditionals="2" coveredconditionals="2" methods="5" coveredmethods="5"/>
        <line num="31" count="13" type="stmt"/>
        <line num="32" count="13" type="stmt"/>
        <line num="53" count="1" type="stmt"/>
        <line num="56" count="6" type="stmt"/>
        <line num="57" count="6" type="stmt"/>
        <line num="60" count="6" type="stmt"/>
        <line num="66" count="1" type="stmt"/>
        <line num="69" count="6" type="stmt"/>
        <line num="70" count="6" type="stmt"/>
        <line num="73" count="18" type="stmt"/>
      </file>
      <file name="Sentence.tsx" path="D:\前端技术栈\translator-extensions\src\translation-page\components\Sentence.tsx">
        <metrics statements="2" coveredstatements="2" conditionals="0" coveredconditionals="0" methods="1" coveredmethods="1"/>
        <line num="26" count="23" type="stmt"/>
        <line num="28" count="23" type="stmt"/>
      </file>
      <file name="View.tsx" path="D:\前端技术栈\translator-extensions\src\translation-page\components\View.tsx">
        <metrics statements="26" coveredstatements="26" conditionals="4" coveredconditionals="4" methods="10" coveredmethods="10"/>
        <line num="16" count="1" type="stmt"/>
        <line num="18" count="1" type="stmt"/>
        <line num="20" count="1" type="stmt"/>
        <line num="21" count="1" type="stmt"/>
        <line num="23" count="1" type="stmt"/>
        <line num="24" count="2" type="stmt"/>
        <line num="28" count="1" type="stmt"/>
        <line num="29" count="1" type="stmt"/>
        <line num="30" count="1" type="stmt"/>
        <line num="36" count="1" type="stmt"/>
        <line num="37" count="1" type="stmt"/>
        <line num="39" count="30" type="cond" truecount="4" falsecount="0"/>
        <line num="41" count="1" type="stmt"/>
        <line num="42" count="15" type="stmt"/>
        <line num="43" count="15" type="stmt"/>
        <line num="45" count="1" type="stmt"/>
        <line num="46" count="15" type="stmt"/>
        <line num="47" count="15" type="stmt"/>
        <line num="51" count="24" type="stmt"/>
        <line num="54" count="24" type="stmt"/>
        <line num="55" count="12" type="stmt"/>
        <line num="56" count="13" type="stmt"/>
        <line num="60" count="24" type="stmt"/>
        <line num="61" count="12" type="stmt"/>
        <line num="66" count="86" type="stmt"/>
        <line num="73" count="24" type="stmt"/>
      </file>
      <file name="Word.tsx" path="D:\前端技术栈\translator-extensions\src\translation-page\components\Word.tsx">
        <metrics statements="41" coveredstatements="40" conditionals="14" coveredconditionals="13" methods="18" coveredmethods="16"/>
        <line num="43" count="33" type="stmt"/>
        <line num="45" count="33" type="stmt"/>
        <line num="72" count="1" type="stmt"/>
        <line num="76" count="5" type="stmt"/>
        <line num="77" count="5" type="stmt"/>
        <line num="87" count="1" type="stmt"/>
        <line num="91" count="10" type="stmt"/>
        <line num="92" count="10" type="stmt"/>
        <line num="93" count="10" type="stmt"/>
        <line num="94" count="0" type="stmt"/>
        <line num="96" count="10" type="stmt"/>
        <line num="117" count="1" type="stmt"/>
        <line num="122" count="21" type="stmt"/>
        <line num="123" count="21" type="stmt"/>
        <line num="126" count="63" type="stmt"/>
        <line num="127" count="63" type="stmt"/>
        <line num="147" count="1" type="stmt"/>
        <line num="162" count="38" type="stmt"/>
        <line num="163" count="38" type="stmt"/>
        <line num="165" count="38" type="stmt"/>
        <line num="170" count="7" type="stmt"/>
        <line num="179" count="1" type="stmt"/>
        <line num="182" count="24" type="stmt"/>
        <line num="183" count="24" type="stmt"/>
        <line num="187" count="56" type="stmt"/>
        <line num="188" count="56" type="stmt"/>
        <line num="204" count="1" type="stmt"/>
        <line num="207" count="40" type="stmt"/>
        <line num="208" count="40" type="stmt"/>
        <line num="215" count="1" type="stmt"/>
        <line num="220" count="31" type="stmt"/>
        <line num="221" count="31" type="stmt"/>
        <line num="224" count="62" type="stmt"/>
        <line num="238" count="1" type="stmt"/>
        <line num="246" count="45" type="stmt"/>
        <line num="247" count="45" type="stmt"/>
        <line num="255" count="5" type="stmt"/>
        <line num="262" count="1" type="stmt"/>
        <line num="273" count="24" type="stmt"/>
        <line num="274" count="24" type="stmt"/>
        <line num="278" count="61" type="stmt"/>
      </file>
    </package>
    <package name="utils">
      <metrics statements="18" coveredstatements="14" conditionals="14" coveredconditionals="6" methods="7" coveredmethods="6"/>
      <file name="command.ts" path="D:\前端技术栈\translator-extensions\src\utils\command.ts">
        <metrics statements="0" coveredstatements="0" conditionals="0" coveredconditionals="0" methods="0" coveredmethods="0"/>
      </file>
      <file name="tools.ts" path="D:\前端技术栈\translator-extensions\src\utils\tools.ts">
        <metrics statements="18" coveredstatements="14" conditionals="14" coveredconditionals="6" methods="7" coveredmethods="6"/>
        <line num="9" count="6" type="stmt"/>
        <line num="12" count="6" type="cond" truecount="1" falsecount="1"/>
        <line num="15" count="6" type="stmt"/>
        <line num="16" count="6" type="stmt"/>
        <line num="18" count="6" type="cond" truecount="3" falsecount="1"/>
        <line num="21" count="6" type="cond" truecount="1" falsecount="1"/>
        <line num="23" count="6" type="stmt"/>
        <line num="36" count="14" type="stmt"/>
        <line num="37" count="14" type="stmt"/>
        <line num="38" count="72" type="stmt"/>
        <line num="40" count="14" type="stmt"/>
        <line num="53" count="15" type="stmt"/>
        <line num="60" count="180" type="cond" truecount="1" falsecount="1"/>
        <line num="64" count="0" type="cond" truecount="0" falsecount="2"/>
        <line num="65" count="0" type="cond" truecount="0" falsecount="2"/>
        <line num="66" count="0" type="stmt"/>
        <line num="68" count="0" type="stmt"/>
        <line num="74" count="16" type="stmt"/>
      </file>
    </package>
  </project>
</coverage>
