{"D:\\前端技术栈\\translator-extensions\\src\\addon-script\\index.ts": {"path":"D:\\前端技术栈\\translator-extensions\\src\\addon-script\\index.ts","statementMap":{"0":{"start":{"line":13,"column":23},"end":{"line":13,"column":43}},"1":{"start":{"line":14,"column":49},"end":{"line":14,"column":63}},"2":{"start":{"line":15,"column":26},"end":{"line":15,"column":62}},"3":{"start":{"line":16,"column":23},"end":{"line":16,"column":76}},"4":{"start":{"line":17,"column":0},"end":{"line":17,"column":24}},"5":{"start":{"line":21,"column":17},"end":{"line":21,"column":35}},"6":{"start":{"line":22,"column":2},"end":{"line":22,"column":21}},"7":{"start":{"line":22,"column":15},"end":{"line":22,"column":21}},"8":{"start":{"line":24,"column":16},"end":{"line":24,"column":35}},"9":{"start":{"line":25,"column":2},"end":{"line":25,"column":62}},"10":{"start":{"line":29,"column":2},"end":{"line":29,"column":26}},"11":{"start":{"line":30,"column":2},"end":{"line":30,"column":29}},"12":{"start":{"line":34,"column":2},"end":{"line":34,"column":28}},"13":{"start":{"line":35,"column":2},"end":{"line":35,"column":31}},"14":{"start":{"line":38,"column":0},"end":{"line":42,"column":2}},"15":{"start":{"line":39,"column":21},"end":{"line":39,"column":97}},"16":{"start":{"line":40,"column":21},"end":{"line":40,"column":80}},"17":{"start":{"line":41,"column":51},"end":{"line":41,"column":112}},"18":{"start":{"line":44,"column":0},"end":{"line":48,"column":2}},"19":{"start":{"line":45,"column":24},"end":{"line":45,"column":100}},"20":{"start":{"line":46,"column":24},"end":{"line":46,"column":83}},"21":{"start":{"line":47,"column":54},"end":{"line":47,"column":115}}},"fnMap":{"0":{"name":"translateText","decl":{"start":{"line":19,"column":15},"end":{"line":19,"column":28}},"loc":{"start":{"line":19,"column":43},"end":{"line":26,"column":1}},"line":19},"1":{"name":"openSelectionAndHotKeyListener","decl":{"start":{"line":28,"column":9},"end":{"line":28,"column":39}},"loc":{"start":{"line":28,"column":42},"end":{"line":31,"column":1}},"line":28},"2":{"name":"closeSelectionAndHotKeyListener","decl":{"start":{"line":33,"column":9},"end":{"line":33,"column":40}},"loc":{"start":{"line":33,"column":43},"end":{"line":36,"column":1}},"line":33},"3":{"name":"(anonymous_3)","decl":{"start":{"line":39,"column":10},"end":{"line":39,"column":11}},"loc":{"start":{"line":39,"column":21},"end":{"line":39,"column":97}},"line":39},"4":{"name":"(anonymous_4)","decl":{"start":{"line":40,"column":10},"end":{"line":40,"column":11}},"loc":{"start":{"line":40,"column":21},"end":{"line":40,"column":80}},"line":40},"5":{"name":"(anonymous_5)","decl":{"start":{"line":41,"column":40},"end":{"line":41,"column":41}},"loc":{"start":{"line":41,"column":51},"end":{"line":41,"column":112}},"line":41},"6":{"name":"(anonymous_6)","decl":{"start":{"line":45,"column":10},"end":{"line":45,"column":11}},"loc":{"start":{"line":45,"column":24},"end":{"line":45,"column":100}},"line":45},"7":{"name":"(anonymous_7)","decl":{"start":{"line":46,"column":10},"end":{"line":46,"column":11}},"loc":{"start":{"line":46,"column":24},"end":{"line":46,"column":83}},"line":46},"8":{"name":"(anonymous_8)","decl":{"start":{"line":47,"column":40},"end":{"line":47,"column":41}},"loc":{"start":{"line":47,"column":54},"end":{"line":47,"column":115}},"line":47}},"branchMap":{"0":{"loc":{"start":{"line":22,"column":2},"end":{"line":22,"column":21}},"type":"if","locations":[{"start":{"line":22,"column":2},"end":{"line":22,"column":21}},{"start":{},"end":{}}],"line":22},"1":{"loc":{"start":{"line":39,"column":21},"end":{"line":39,"column":97}},"type":"cond-expr","locations":[{"start":{"line":39,"column":29},"end":{"line":39,"column":61}},{"start":{"line":39,"column":64},"end":{"line":39,"column":97}}],"line":39},"2":{"loc":{"start":{"line":45,"column":24},"end":{"line":45,"column":100}},"type":"cond-expr","locations":[{"start":{"line":45,"column":32},"end":{"line":45,"column":64}},{"start":{"line":45,"column":67},"end":{"line":45,"column":100}}],"line":45}},"s":{"0":1,"1":1,"2":1,"3":1,"4":1,"5":6,"6":6,"7":0,"8":6,"9":6,"10":7,"11":7,"12":1,"13":1,"14":1,"15":1,"16":1,"17":1,"18":1,"19":7,"20":7,"21":7},"f":{"0":6,"1":7,"2":1,"3":1,"4":1,"5":1,"6":7,"7":7,"8":7},"b":{"0":[0,6],"1":[1,0],"2":[6,1]},"_coverageSchema":"1a1c01bbd47fc00a2c39e90264f33305004495a9","hash":"d68b05e01e9e355de5068be607bf89d1a364cfcb"}
,"D:\\前端技术栈\\translator-extensions\\src\\backend-script\\anki\\utils.ts": {"path":"D:\\前端技术栈\\translator-extensions\\src\\backend-script\\anki\\utils.ts","statementMap":{"0":{"start":{"line":106,"column":4},"end":{"line":106,"column":32}},"1":{"start":{"line":107,"column":4},"end":{"line":107,"column":34}},"2":{"start":{"line":108,"column":4},"end":{"line":110,"column":5}},"3":{"start":{"line":109,"column":6},"end":{"line":109,"column":31}},"4":{"start":{"line":118,"column":24},"end":{"line":122,"column":9}},"5":{"start":{"line":123,"column":2},"end":{"line":123,"column":68}},"6":{"start":{"line":123,"column":40},"end":{"line":123,"column":65}},"7":{"start":{"line":130,"column":2},"end":{"line":132,"column":3}},"8":{"start":{"line":131,"column":4},"end":{"line":131,"column":34}},"9":{"start":{"line":139,"column":2},"end":{"line":143,"column":4}},"10":{"start":{"line":150,"column":22},"end":{"line":154,"column":12}},"11":{"start":{"line":155,"column":2},"end":{"line":155,"column":26}},"12":{"start":{"line":162,"column":46},"end":{"line":164,"column":3}},"13":{"start":{"line":165,"column":42},"end":{"line":170,"column":3}},"14":{"start":{"line":171,"column":38},"end":{"line":176,"column":3}},"15":{"start":{"line":177,"column":21},"end":{"line":181,"column":9}},"16":{"start":{"line":182,"column":2},"end":{"line":182,"column":19}},"17":{"start":{"line":188,"column":21},"end":{"line":188,"column":40}},"18":{"start":{"line":189,"column":2},"end":{"line":204,"column":23}},"19":{"start":{"line":190,"column":4},"end":{"line":190,"column":47}},"20":{"start":{"line":190,"column":35},"end":{"line":190,"column":47}},"21":{"start":{"line":196,"column":16},"end":{"line":196,"column":25}},"22":{"start":{"line":197,"column":4},"end":{"line":197,"column":36}},"23":{"start":{"line":197,"column":24},"end":{"line":197,"column":36}},"24":{"start":{"line":198,"column":4},"end":{"line":202,"column":6}},"25":{"start":{"line":203,"column":4},"end":{"line":203,"column":16}},"26":{"start":{"line":211,"column":21},"end":{"line":211,"column":40}},"27":{"start":{"line":212,"column":2},"end":{"line":223,"column":35}},"28":{"start":{"line":213,"column":4},"end":{"line":213,"column":47}},"29":{"start":{"line":213,"column":34},"end":{"line":213,"column":47}},"30":{"start":{"line":219,"column":23},"end":{"line":219,"column":32}},"31":{"start":{"line":220,"column":4},"end":{"line":220,"column":47}},"32":{"start":{"line":220,"column":34},"end":{"line":220,"column":47}},"33":{"start":{"line":221,"column":4},"end":{"line":221,"column":33}},"34":{"start":{"line":222,"column":4},"end":{"line":222,"column":17}}},"fnMap":{"0":{"name":"(anonymous_0)","decl":{"start":{"line":105,"column":2},"end":{"line":105,"column":3}},"loc":{"start":{"line":105,"column":44},"end":{"line":111,"column":3}},"line":105},"1":{"name":"openConfigPage","decl":{"start":{"line":117,"column":9},"end":{"line":117,"column":23}},"loc":{"start":{"line":117,"column":63},"end":{"line":124,"column":1}},"line":117},"2":{"name":"(anonymous_2)","decl":{"start":{"line":123,"column":32},"end":{"line":123,"column":33}},"loc":{"start":{"line":123,"column":38},"end":{"line":123,"column":67}},"line":123},"3":{"name":"handleUserConfigError","decl":{"start":{"line":129,"column":9},"end":{"line":129,"column":30}},"loc":{"start":{"line":129,"column":99},"end":{"line":133,"column":1}},"line":129},"4":{"name":"createSuccessAnkiResponse","decl":{"start":{"line":138,"column":9},"end":{"line":138,"column":34}},"loc":{"start":{"line":138,"column":47},"end":{"line":144,"column":1}},"line":138},"5":{"name":"getConfigName","decl":{"start":{"line":149,"column":9},"end":{"line":149,"column":22}},"loc":{"start":{"line":149,"column":39},"end":{"line":156,"column":1}},"line":149},"6":{"name":"getMediaNames","decl":{"start":{"line":161,"column":9},"end":{"line":161,"column":22}},"loc":{"start":{"line":161,"column":77},"end":{"line":183,"column":1}},"line":161},"7":{"name":"getMediaFields","decl":{"start":{"line":187,"column":9},"end":{"line":187,"column":23}},"loc":{"start":{"line":187,"column":110},"end":{"line":205,"column":1}},"line":187},"8":{"name":"(anonymous_8)","decl":{"start":{"line":189,"column":46},"end":{"line":189,"column":47}},"loc":{"start":{"line":189,"column":71},"end":{"line":204,"column":3}},"line":189},"9":{"name":"getNotMediaFields","decl":{"start":{"line":210,"column":9},"end":{"line":210,"column":26}},"loc":{"start":{"line":210,"column":125},"end":{"line":224,"column":1}},"line":210},"10":{"name":"(anonymous_10)","decl":{"start":{"line":212,"column":46},"end":{"line":212,"column":47}},"loc":{"start":{"line":212,"column":75},"end":{"line":223,"column":3}},"line":212}},"branchMap":{"0":{"loc":{"start":{"line":108,"column":4},"end":{"line":110,"column":5}},"type":"if","locations":[{"start":{"line":108,"column":4},"end":{"line":110,"column":5}},{"start":{},"end":{}}],"line":108},"1":{"loc":{"start":{"line":130,"column":2},"end":{"line":132,"column":3}},"type":"if","locations":[{"start":{"line":130,"column":2},"end":{"line":132,"column":3}},{"start":{},"end":{}}],"line":130},"2":{"loc":{"start":{"line":190,"column":4},"end":{"line":190,"column":47}},"type":"if","locations":[{"start":{"line":190,"column":4},"end":{"line":190,"column":47}},{"start":{},"end":{}}],"line":190},"3":{"loc":{"start":{"line":197,"column":4},"end":{"line":197,"column":36}},"type":"if","locations":[{"start":{"line":197,"column":4},"end":{"line":197,"column":36}},{"start":{},"end":{}}],"line":197},"4":{"loc":{"start":{"line":197,"column":8},"end":{"line":197,"column":22}},"type":"binary-expr","locations":[{"start":{"line":197,"column":8},"end":{"line":197,"column":12}},{"start":{"line":197,"column":16},"end":{"line":197,"column":22}}],"line":197},"5":{"loc":{"start":{"line":213,"column":4},"end":{"line":213,"column":47}},"type":"if","locations":[{"start":{"line":213,"column":4},"end":{"line":213,"column":47}},{"start":{},"end":{}}],"line":213},"6":{"loc":{"start":{"line":220,"column":4},"end":{"line":220,"column":47}},"type":"if","locations":[{"start":{"line":220,"column":4},"end":{"line":220,"column":47}},{"start":{},"end":{}}],"line":220},"7":{"loc":{"start":{"line":220,"column":8},"end":{"line":220,"column":32}},"type":"binary-expr","locations":[{"start":{"line":220,"column":8},"end":{"line":220,"column":17}},{"start":{"line":220,"column":21},"end":{"line":220,"column":32}}],"line":220}},"s":{"0":28,"1":28,"2":28,"3":28,"4":0,"5":0,"6":0,"7":0,"8":0,"9":28,"10":0,"11":0,"12":0,"13":0,"14":0,"15":0,"16":0,"17":0,"18":0,"19":0,"20":0,"21":0,"22":0,"23":0,"24":0,"25":0,"26":0,"27":0,"28":0,"29":0,"30":0,"31":0,"32":0,"33":0,"34":0},"f":{"0":28,"1":0,"2":0,"3":0,"4":28,"5":0,"6":0,"7":0,"8":0,"9":0,"10":0},"b":{"0":[28,0],"1":[0,0],"2":[0,0],"3":[0,0],"4":[0,0],"5":[0,0],"6":[0,0],"7":[0,0]},"_coverageSchema":"1a1c01bbd47fc00a2c39e90264f33305004495a9","hash":"7e704ce8859f69c33b2014fa30ca62cd5239e2f8"}
,"D:\\前端技术栈\\translator-extensions\\src\\events\\CursorListener.ts": {"path":"D:\\前端技术栈\\translator-extensions\\src\\events\\CursorListener.ts","statementMap":{"0":{"start":{"line":12,"column":4},"end":{"line":12,"column":40}},"1":{"start":{"line":13,"column":4},"end":{"line":13,"column":40}},"2":{"start":{"line":15,"column":12},"end":{"line":17,"column":3}},"3":{"start":{"line":16,"column":4},"end":{"line":16,"column":66}},"4":{"start":{"line":18,"column":14},"end":{"line":20,"column":3}},"5":{"start":{"line":19,"column":4},"end":{"line":19,"column":69}},"6":{"start":{"line":25,"column":22},"end":{"line":27,"column":3}},"7":{"start":{"line":26,"column":4},"end":{"line":26,"column":30}},"8":{"start":{"line":32,"column":22},"end":{"line":34,"column":3}},"9":{"start":{"line":33,"column":4},"end":{"line":33,"column":30}},"10":{"start":{"line":35,"column":24},"end":{"line":45,"column":3}},"11":{"start":{"line":36,"column":51},"end":{"line":36,"column":56}},"12":{"start":{"line":37,"column":4},"end":{"line":40,"column":5}},"13":{"start":{"line":41,"column":4},"end":{"line":44,"column":5}}},"fnMap":{"0":{"name":"(anonymous_0)","decl":{"start":{"line":11,"column":2},"end":{"line":11,"column":3}},"loc":{"start":{"line":11,"column":16},"end":{"line":14,"column":3}},"line":11},"1":{"name":"(anonymous_1)","decl":{"start":{"line":15,"column":12},"end":{"line":15,"column":13}},"loc":{"start":{"line":15,"column":18},"end":{"line":17,"column":3}},"line":15},"2":{"name":"(anonymous_2)","decl":{"start":{"line":18,"column":14},"end":{"line":18,"column":15}},"loc":{"start":{"line":18,"column":20},"end":{"line":20,"column":3}},"line":18},"3":{"name":"(anonymous_3)","decl":{"start":{"line":25,"column":22},"end":{"line":25,"column":23}},"loc":{"start":{"line":25,"column":28},"end":{"line":27,"column":3}},"line":25},"4":{"name":"(anonymous_4)","decl":{"start":{"line":32,"column":22},"end":{"line":32,"column":23}},"loc":{"start":{"line":32,"column":28},"end":{"line":34,"column":3}},"line":32},"5":{"name":"(anonymous_5)","decl":{"start":{"line":35,"column":24},"end":{"line":35,"column":25}},"loc":{"start":{"line":35,"column":47},"end":{"line":45,"column":3}},"line":35}},"branchMap":{},"s":{"0":4,"1":4,"2":4,"3":5,"4":4,"5":4,"6":4,"7":6,"8":4,"9":9,"10":4,"11":14,"12":14,"13":14},"f":{"0":4,"1":5,"2":4,"3":6,"4":9,"5":14},"b":{},"_coverageSchema":"1a1c01bbd47fc00a2c39e90264f33305004495a9","hash":"3fe6227e8cbf18d89cb3b83fe5155f9564a2c618"}
,"D:\\前端技术栈\\translator-extensions\\src\\events\\HotKeyListener.ts": {"path":"D:\\前端技术栈\\translator-extensions\\src\\events\\HotKeyListener.ts","statementMap":{"0":{"start":{"line":27,"column":4},"end":{"line":27,"column":46}},"1":{"start":{"line":28,"column":4},"end":{"line":28,"column":52}},"2":{"start":{"line":29,"column":4},"end":{"line":29,"column":28}},"3":{"start":{"line":30,"column":4},"end":{"line":30,"column":29}},"4":{"start":{"line":31,"column":32},"end":{"line":31,"column":61}},"5":{"start":{"line":32,"column":4},"end":{"line":32,"column":24}},"6":{"start":{"line":33,"column":4},"end":{"line":33,"column":26}},"7":{"start":{"line":36,"column":17},"end":{"line":38,"column":3}},"8":{"start":{"line":37,"column":4},"end":{"line":37,"column":24}},"9":{"start":{"line":40,"column":12},"end":{"line":42,"column":3}},"10":{"start":{"line":41,"column":4},"end":{"line":41,"column":62}},"11":{"start":{"line":43,"column":14},"end":{"line":46,"column":3}},"12":{"start":{"line":44,"column":4},"end":{"line":44,"column":65}},"13":{"start":{"line":45,"column":4},"end":{"line":45,"column":18}},"14":{"start":{"line":48,"column":22},"end":{"line":63,"column":3}},"15":{"start":{"line":49,"column":23},"end":{"line":49,"column":27}},"16":{"start":{"line":50,"column":4},"end":{"line":62,"column":5}},"17":{"start":{"line":53,"column":24},"end":{"line":53,"column":46}},"18":{"start":{"line":54,"column":6},"end":{"line":54,"column":59}},"19":{"start":{"line":54,"column":53},"end":{"line":54,"column":59}},"20":{"start":{"line":56,"column":6},"end":{"line":56,"column":46}},"21":{"start":{"line":56,"column":40},"end":{"line":56,"column":46}},"22":{"start":{"line":57,"column":23},"end":{"line":57,"column":47}},"23":{"start":{"line":58,"column":6},"end":{"line":58,"column":31}},"24":{"start":{"line":59,"column":27},"end":{"line":59,"column":45}},"25":{"start":{"line":60,"column":6},"end":{"line":60,"column":31}},"26":{"start":{"line":60,"column":25},"end":{"line":60,"column":31}},"27":{"start":{"line":61,"column":6},"end":{"line":61,"column":45}},"28":{"start":{"line":71,"column":4},"end":{"line":71,"column":36}},"29":{"start":{"line":71,"column":24},"end":{"line":71,"column":36}},"30":{"start":{"line":72,"column":4},"end":{"line":72,"column":37}},"31":{"start":{"line":82,"column":16},"end":{"line":82,"column":39}},"32":{"start":{"line":83,"column":4},"end":{"line":83,"column":22}},"33":{"start":{"line":83,"column":16},"end":{"line":83,"column":22}},"34":{"start":{"line":84,"column":4},"end":{"line":84,"column":35}},"35":{"start":{"line":85,"column":4},"end":{"line":85,"column":29}},"36":{"start":{"line":85,"column":23},"end":{"line":85,"column":29}},"37":{"start":{"line":87,"column":22},"end":{"line":87,"column":36}},"38":{"start":{"line":88,"column":4},"end":{"line":88,"column":26}},"39":{"start":{"line":88,"column":20},"end":{"line":88,"column":26}},"40":{"start":{"line":89,"column":19},"end":{"line":89,"column":62}},"41":{"start":{"line":90,"column":4},"end":{"line":92,"column":5}},"42":{"start":{"line":91,"column":6},"end":{"line":91,"column":25}},"43":{"start":{"line":93,"column":4},"end":{"line":93,"column":31}},"44":{"start":{"line":94,"column":4},"end":{"line":94,"column":29}},"45":{"start":{"line":106,"column":21},"end":{"line":106,"column":41}},"46":{"start":{"line":108,"column":4},"end":{"line":108,"column":38}},"47":{"start":{"line":108,"column":27},"end":{"line":108,"column":38}},"48":{"start":{"line":109,"column":23},"end":{"line":109,"column":24}},"49":{"start":{"line":110,"column":24},"end":{"line":110,"column":39}},"50":{"start":{"line":111,"column":17},"end":{"line":111,"column":30}},"51":{"start":{"line":112,"column":37},"end":{"line":112,"column":42}},"52":{"start":{"line":115,"column":4},"end":{"line":115,"column":55}},"53":{"start":{"line":115,"column":43},"end":{"line":115,"column":55}},"54":{"start":{"line":117,"column":4},"end":{"line":124,"column":5}},"55":{"start":{"line":118,"column":21},"end":{"line":118,"column":38}},"56":{"start":{"line":119,"column":6},"end":{"line":123,"column":7}},"57":{"start":{"line":120,"column":8},"end":{"line":120,"column":21}},"58":{"start":{"line":122,"column":8},"end":{"line":122,"column":13}},"59":{"start":{"line":126,"column":4},"end":{"line":126,"column":17}},"60":{"start":{"line":129,"column":4},"end":{"line":129,"column":15}},"61":{"start":{"line":130,"column":4},"end":{"line":137,"column":5}},"62":{"start":{"line":131,"column":21},"end":{"line":131,"column":36}},"63":{"start":{"line":132,"column":6},"end":{"line":136,"column":7}},"64":{"start":{"line":133,"column":8},"end":{"line":133,"column":19}},"65":{"start":{"line":135,"column":8},"end":{"line":135,"column":13}},"66":{"start":{"line":140,"column":4},"end":{"line":140,"column":48}},"67":{"start":{"line":141,"column":19},"end":{"line":141,"column":30}},"68":{"start":{"line":142,"column":4},"end":{"line":142,"column":42}},"69":{"start":{"line":143,"column":4},"end":{"line":143,"column":38}},"70":{"start":{"line":144,"column":4},"end":{"line":144,"column":17}},"71":{"start":{"line":149,"column":2},"end":{"line":149,"column":28}}},"fnMap":{"0":{"name":"(anonymous_0)","decl":{"start":{"line":26,"column":2},"end":{"line":26,"column":3}},"loc":{"start":{"line":26,"column":92},"end":{"line":34,"column":3}},"line":26},"1":{"name":"(anonymous_1)","decl":{"start":{"line":36,"column":17},"end":{"line":36,"column":18}},"loc":{"start":{"line":36,"column":52},"end":{"line":38,"column":3}},"line":36},"2":{"name":"(anonymous_2)","decl":{"start":{"line":40,"column":12},"end":{"line":40,"column":13}},"loc":{"start":{"line":40,"column":18},"end":{"line":42,"column":3}},"line":40},"3":{"name":"(anonymous_3)","decl":{"start":{"line":43,"column":14},"end":{"line":43,"column":15}},"loc":{"start":{"line":43,"column":20},"end":{"line":46,"column":3}},"line":43},"4":{"name":"(anonymous_4)","decl":{"start":{"line":48,"column":22},"end":{"line":48,"column":23}},"loc":{"start":{"line":48,"column":48},"end":{"line":63,"column":3}},"line":48},"5":{"name":"(anonymous_5)","decl":{"start":{"line":70,"column":2},"end":{"line":70,"column":3}},"loc":{"start":{"line":70,"column":47},"end":{"line":73,"column":3}},"line":70},"6":{"name":"(anonymous_6)","decl":{"start":{"line":81,"column":2},"end":{"line":81,"column":3}},"loc":{"start":{"line":81,"column":47},"end":{"line":95,"column":3}},"line":81},"7":{"name":"(anonymous_7)","decl":{"start":{"line":105,"column":2},"end":{"line":105,"column":3}},"loc":{"start":{"line":105,"column":50},"end":{"line":145,"column":3}},"line":105},"8":{"name":"isText","decl":{"start":{"line":148,"column":9},"end":{"line":148,"column":15}},"loc":{"start":{"line":148,"column":42},"end":{"line":150,"column":1}},"line":148}},"branchMap":{"0":{"loc":{"start":{"line":50,"column":4},"end":{"line":62,"column":5}},"type":"if","locations":[{"start":{"line":50,"column":4},"end":{"line":62,"column":5}},{"start":{},"end":{}}],"line":50},"1":{"loc":{"start":{"line":50,"column":8},"end":{"line":50,"column":31}},"type":"binary-expr","locations":[{"start":{"line":50,"column":8},"end":{"line":50,"column":14}},{"start":{"line":50,"column":18},"end":{"line":50,"column":31}}],"line":50},"2":{"loc":{"start":{"line":54,"column":6},"end":{"line":54,"column":59}},"type":"if","locations":[{"start":{"line":54,"column":6},"end":{"line":54,"column":59}},{"start":{},"end":{}}],"line":54},"3":{"loc":{"start":{"line":54,"column":10},"end":{"line":54,"column":51}},"type":"binary-expr","locations":[{"start":{"line":54,"column":10},"end":{"line":54,"column":19}},{"start":{"line":54,"column":23},"end":{"line":54,"column":51}}],"line":54},"4":{"loc":{"start":{"line":56,"column":6},"end":{"line":56,"column":46}},"type":"if","locations":[{"start":{"line":56,"column":6},"end":{"line":56,"column":46}},{"start":{},"end":{}}],"line":56},"5":{"loc":{"start":{"line":60,"column":6},"end":{"line":60,"column":31}},"type":"if","locations":[{"start":{"line":60,"column":6},"end":{"line":60,"column":31}},{"start":{},"end":{}}],"line":60},"6":{"loc":{"start":{"line":71,"column":4},"end":{"line":71,"column":36}},"type":"if","locations":[{"start":{"line":71,"column":4},"end":{"line":71,"column":36}},{"start":{},"end":{}}],"line":71},"7":{"loc":{"start":{"line":83,"column":4},"end":{"line":83,"column":22}},"type":"if","locations":[{"start":{"line":83,"column":4},"end":{"line":83,"column":22}},{"start":{},"end":{}}],"line":83},"8":{"loc":{"start":{"line":85,"column":4},"end":{"line":85,"column":29}},"type":"if","locations":[{"start":{"line":85,"column":4},"end":{"line":85,"column":29}},{"start":{},"end":{}}],"line":85},"9":{"loc":{"start":{"line":88,"column":4},"end":{"line":88,"column":26}},"type":"if","locations":[{"start":{"line":88,"column":4},"end":{"line":88,"column":26}},{"start":{},"end":{}}],"line":88},"10":{"loc":{"start":{"line":90,"column":4},"end":{"line":92,"column":5}},"type":"if","locations":[{"start":{"line":90,"column":4},"end":{"line":92,"column":5}},{"start":{},"end":{}}],"line":90},"11":{"loc":{"start":{"line":108,"column":4},"end":{"line":108,"column":38}},"type":"if","locations":[{"start":{"line":108,"column":4},"end":{"line":108,"column":38}},{"start":{},"end":{}}],"line":108},"12":{"loc":{"start":{"line":115,"column":4},"end":{"line":115,"column":55}},"type":"if","locations":[{"start":{"line":115,"column":4},"end":{"line":115,"column":55}},{"start":{},"end":{}}],"line":115},"13":{"loc":{"start":{"line":119,"column":6},"end":{"line":123,"column":7}},"type":"if","locations":[{"start":{"line":119,"column":6},"end":{"line":123,"column":7}},{"start":{"line":121,"column":13},"end":{"line":123,"column":7}}],"line":119},"14":{"loc":{"start":{"line":132,"column":6},"end":{"line":136,"column":7}},"type":"if","locations":[{"start":{"line":132,"column":6},"end":{"line":136,"column":7}},{"start":{"line":134,"column":13},"end":{"line":136,"column":7}}],"line":132}},"s":{"0":9,"1":9,"2":9,"3":9,"4":9,"5":9,"6":9,"7":9,"8":10,"9":9,"10":16,"11":9,"12":11,"13":11,"14":9,"15":26,"16":26,"17":16,"18":16,"19":3,"20":13,"21":1,"22":12,"23":12,"24":12,"25":12,"26":0,"27":12,"28":140,"29":0,"30":140,"31":12,"32":12,"33":0,"34":12,"35":12,"36":0,"37":12,"38":12,"39":0,"40":12,"41":12,"42":12,"43":12,"44":12,"45":12,"46":12,"47":0,"48":12,"49":12,"50":12,"51":12,"52":12,"53":0,"54":12,"55":55,"56":55,"57":44,"58":11,"59":12,"60":12,"61":12,"62":73,"63":73,"64":61,"65":12,"66":12,"67":12,"68":12,"69":12,"70":12,"71":12},"f":{"0":9,"1":10,"2":16,"3":11,"4":26,"5":140,"6":12,"7":12,"8":12},"b":{"0":[16,10],"1":[26,26],"2":[3,13],"3":[16,16],"4":[1,12],"5":[0,12],"6":[0,140],"7":[0,12],"8":[0,12],"9":[0,12],"10":[12,0],"11":[0,12],"12":[0,12],"13":[44,11],"14":[61,12]},"_coverageSchema":"1a1c01bbd47fc00a2c39e90264f33305004495a9","hash":"8386554ab95ddb60dfd16c61fe22b82e1effd893"}
,"D:\\前端技术栈\\translator-extensions\\src\\events\\Messenger.ts": {"path":"D:\\前端技术栈\\translator-extensions\\src\\events\\Messenger.ts","statementMap":{"0":{"start":{"line":8,"column":15},"end":{"line":8,"column":16}},"1":{"start":{"line":42,"column":17},"end":{"line":42,"column":27}},"2":{"start":{"line":51,"column":4},"end":{"line":51,"column":28}},"3":{"start":{"line":52,"column":4},"end":{"line":52,"column":32}},"4":{"start":{"line":53,"column":4},"end":{"line":53,"column":39}},"5":{"start":{"line":54,"column":4},"end":{"line":54,"column":40}},"6":{"start":{"line":55,"column":4},"end":{"line":55,"column":46}},"7":{"start":{"line":56,"column":4},"end":{"line":56,"column":50}},"8":{"start":{"line":58,"column":12},"end":{"line":61,"column":3}},"9":{"start":{"line":59,"column":21},"end":{"line":59,"column":25}},"10":{"start":{"line":60,"column":4},"end":{"line":60,"column":56}},"11":{"start":{"line":62,"column":14},"end":{"line":65,"column":3}},"12":{"start":{"line":63,"column":21},"end":{"line":63,"column":25}},"13":{"start":{"line":64,"column":4},"end":{"line":64,"column":59}},"14":{"start":{"line":67,"column":14},"end":{"line":69,"column":3}},"15":{"start":{"line":68,"column":4},"end":{"line":68,"column":24}},"16":{"start":{"line":71,"column":26},"end":{"line":101,"column":3}},"17":{"start":{"line":72,"column":23},"end":{"line":72,"column":27}},"18":{"start":{"line":73,"column":23},"end":{"line":73,"column":28}},"19":{"start":{"line":74,"column":44},"end":{"line":74,"column":54}},"20":{"start":{"line":76,"column":4},"end":{"line":76,"column":33}},"21":{"start":{"line":76,"column":27},"end":{"line":76,"column":33}},"22":{"start":{"line":77,"column":21},"end":{"line":77,"column":79}},"23":{"start":{"line":80,"column":4},"end":{"line":80,"column":56}},"24":{"start":{"line":80,"column":50},"end":{"line":80,"column":56}},"25":{"start":{"line":82,"column":4},"end":{"line":86,"column":5}},"26":{"start":{"line":83,"column":6},"end":{"line":83,"column":20}},"27":{"start":{"line":84,"column":6},"end":{"line":84,"column":42}},"28":{"start":{"line":85,"column":6},"end":{"line":85,"column":12}},"29":{"start":{"line":88,"column":4},"end":{"line":91,"column":5}},"30":{"start":{"line":93,"column":4},"end":{"line":100,"column":6}},"31":{"start":{"line":94,"column":6},"end":{"line":99,"column":8}},"32":{"start":{"line":95,"column":8},"end":{"line":98,"column":9}},"33":{"start":{"line":97,"column":10},"end":{"line":97,"column":56}},"34":{"start":{"line":117,"column":25},"end":{"line":117,"column":29}},"35":{"start":{"line":118,"column":4},"end":{"line":122,"column":5}},"36":{"start":{"line":119,"column":6},"end":{"line":119,"column":36}},"37":{"start":{"line":121,"column":6},"end":{"line":121,"column":39}},"38":{"start":{"line":123,"column":4},"end":{"line":127,"column":5}},"39":{"start":{"line":124,"column":6},"end":{"line":126,"column":8}},"40":{"start":{"line":125,"column":8},"end":{"line":125,"column":30}},"41":{"start":{"line":151,"column":23},"end":{"line":151,"column":27}},"42":{"start":{"line":153,"column":4},"end":{"line":153,"column":45}},"43":{"start":{"line":164,"column":29},"end":{"line":164,"column":48}},"44":{"start":{"line":165,"column":4},"end":{"line":165,"column":23}},"45":{"start":{"line":166,"column":4},"end":{"line":166,"column":29}},"46":{"start":{"line":170,"column":4},"end":{"line":172,"column":5}},"47":{"start":{"line":171,"column":6},"end":{"line":171,"column":37}},"48":{"start":{"line":174,"column":4},"end":{"line":179,"column":5}},"49":{"start":{"line":175,"column":27},"end":{"line":175,"column":35}},"50":{"start":{"line":176,"column":6},"end":{"line":176,"column":45}},"51":{"start":{"line":177,"column":6},"end":{"line":177,"column":41}},"52":{"start":{"line":178,"column":6},"end":{"line":178,"column":16}},"53":{"start":{"line":180,"column":4},"end":{"line":180,"column":36}}},"fnMap":{"0":{"name":"(anonymous_0)","decl":{"start":{"line":50,"column":2},"end":{"line":50,"column":3}},"loc":{"start":{"line":50,"column":32},"end":{"line":57,"column":3}},"line":50},"1":{"name":"(anonymous_1)","decl":{"start":{"line":58,"column":12},"end":{"line":58,"column":13}},"loc":{"start":{"line":58,"column":18},"end":{"line":61,"column":3}},"line":58},"2":{"name":"(anonymous_2)","decl":{"start":{"line":62,"column":14},"end":{"line":62,"column":15}},"loc":{"start":{"line":62,"column":20},"end":{"line":65,"column":3}},"line":62},"3":{"name":"(anonymous_3)","decl":{"start":{"line":67,"column":14},"end":{"line":67,"column":15}},"loc":{"start":{"line":67,"column":40},"end":{"line":69,"column":3}},"line":67},"4":{"name":"(anonymous_4)","decl":{"start":{"line":71,"column":26},"end":{"line":71,"column":27}},"loc":{"start":{"line":71,"column":60},"end":{"line":101,"column":3}},"line":71},"5":{"name":"(anonymous_5)","decl":{"start":{"line":93,"column":36},"end":{"line":93,"column":37}},"loc":{"start":{"line":93,"column":44},"end":{"line":100,"column":5}},"line":93},"6":{"name":"(anonymous_6)","decl":{"start":{"line":94,"column":15},"end":{"line":94,"column":16}},"loc":{"start":{"line":94,"column":35},"end":{"line":99,"column":7}},"line":94},"7":{"name":"(anonymous_7)","decl":{"start":{"line":116,"column":2},"end":{"line":116,"column":3}},"loc":{"start":{"line":116,"column":69},"end":{"line":128,"column":3}},"line":116},"8":{"name":"(anonymous_8)","decl":{"start":{"line":123,"column":11},"end":{"line":123,"column":12}},"loc":{"start":{"line":123,"column":17},"end":{"line":127,"column":5}},"line":123},"9":{"name":"(anonymous_9)","decl":{"start":{"line":124,"column":52},"end":{"line":124,"column":53}},"loc":{"start":{"line":124,"column":60},"end":{"line":126,"column":7}},"line":124},"10":{"name":"(anonymous_10)","decl":{"start":{"line":150,"column":2},"end":{"line":150,"column":3}},"loc":{"start":{"line":150,"column":71},"end":{"line":181,"column":3}},"line":150}},"branchMap":{"0":{"loc":{"start":{"line":76,"column":4},"end":{"line":76,"column":33}},"type":"if","locations":[{"start":{"line":76,"column":4},"end":{"line":76,"column":33}},{"start":{},"end":{}}],"line":76},"1":{"loc":{"start":{"line":77,"column":21},"end":{"line":77,"column":79}},"type":"cond-expr","locations":[{"start":{"line":77,"column":44},"end":{"line":77,"column":48}},{"start":{"line":77,"column":51},"end":{"line":77,"column":79}}],"line":77},"2":{"loc":{"start":{"line":80,"column":4},"end":{"line":80,"column":56}},"type":"if","locations":[{"start":{"line":80,"column":4},"end":{"line":80,"column":56}},{"start":{},"end":{}}],"line":80},"3":{"loc":{"start":{"line":80,"column":8},"end":{"line":80,"column":48}},"type":"binary-expr","locations":[{"start":{"line":80,"column":8},"end":{"line":80,"column":28}},{"start":{"line":80,"column":32},"end":{"line":80,"column":48}}],"line":80},"4":{"loc":{"start":{"line":82,"column":4},"end":{"line":86,"column":5}},"type":"if","locations":[{"start":{"line":82,"column":4},"end":{"line":86,"column":5}},{"start":{},"end":{}}],"line":82},"5":{"loc":{"start":{"line":82,"column":8},"end":{"line":82,"column":40}},"type":"binary-expr","locations":[{"start":{"line":82,"column":8},"end":{"line":82,"column":28}},{"start":{"line":82,"column":32},"end":{"line":82,"column":40}}],"line":82},"6":{"loc":{"start":{"line":89,"column":6},"end":{"line":89,"column":76}},"type":"binary-expr","locations":[{"start":{"line":89,"column":6},"end":{"line":89,"column":36}},{"start":{"line":89,"column":40},"end":{"line":89,"column":76}}],"line":89},"7":{"loc":{"start":{"line":95,"column":8},"end":{"line":98,"column":9}},"type":"if","locations":[{"start":{"line":95,"column":8},"end":{"line":98,"column":9}},{"start":{},"end":{}}],"line":95},"8":{"loc":{"start":{"line":118,"column":4},"end":{"line":122,"column":5}},"type":"if","locations":[{"start":{"line":118,"column":4},"end":{"line":122,"column":5}},{"start":{"line":120,"column":11},"end":{"line":122,"column":5}}],"line":118},"9":{"loc":{"start":{"line":170,"column":4},"end":{"line":172,"column":5}},"type":"if","locations":[{"start":{"line":170,"column":4},"end":{"line":172,"column":5}},{"start":{},"end":{}}],"line":170},"10":{"loc":{"start":{"line":174,"column":4},"end":{"line":179,"column":5}},"type":"if","locations":[{"start":{"line":174,"column":4},"end":{"line":179,"column":5}},{"start":{},"end":{}}],"line":174}},"s":{"0":3,"1":3,"2":18,"3":18,"4":18,"5":18,"6":18,"7":18,"8":18,"9":19,"10":19,"11":18,"12":18,"13":18,"14":18,"15":1,"16":18,"17":352,"18":352,"19":352,"20":352,"21":0,"22":352,"23":352,"24":41,"25":311,"26":41,"27":41,"28":41,"29":270,"30":270,"31":123,"32":42,"33":42,"34":109,"35":109,"36":61,"37":48,"38":109,"39":50,"40":54,"41":180,"42":180,"43":180,"44":180,"45":180,"46":180,"47":42,"48":180,"49":41,"50":41,"51":41,"52":41,"53":180},"f":{"0":18,"1":19,"2":18,"3":1,"4":352,"5":123,"6":42,"7":109,"8":50,"9":54,"10":180},"b":{"0":[0,352],"1":[189,163],"2":[41,311],"3":[352,82],"4":[41,270],"5":[311,41],"6":[270,124],"7":[42,0],"8":[61,48],"9":[42,138],"10":[41,139]},"_coverageSchema":"1a1c01bbd47fc00a2c39e90264f33305004495a9","hash":"34274ca2daa069414fecbfd3ecc69a2c80fe56f0"}
,"D:\\前端技术栈\\translator-extensions\\src\\events\\SearchListener.ts": {"path":"D:\\前端技术栈\\translator-extensions\\src\\events\\SearchListener.ts","statementMap":{"0":{"start":{"line":5,"column":16},"end":{"line":5,"column":29}},"1":{"start":{"line":6,"column":17},"end":{"line":6,"column":31}},"2":{"start":{"line":7,"column":18},"end":{"line":7,"column":33}},"3":{"start":{"line":13,"column":41},"end":{"line":13,"column":78}},"4":{"start":{"line":14,"column":4},"end":{"line":14,"column":30}},"5":{"start":{"line":15,"column":4},"end":{"line":15,"column":38}},"6":{"start":{"line":17,"column":12},"end":{"line":19,"column":3}},"7":{"start":{"line":18,"column":4},"end":{"line":18,"column":40}},"8":{"start":{"line":21,"column":14},"end":{"line":23,"column":3}},"9":{"start":{"line":22,"column":4},"end":{"line":22,"column":27}},"10":{"start":{"line":31,"column":20},"end":{"line":31,"column":49}},"11":{"start":{"line":32,"column":2},"end":{"line":32,"column":43}},"12":{"start":{"line":34,"column":2},"end":{"line":34,"column":65}},"13":{"start":{"line":35,"column":17},"end":{"line":35,"column":57}},"14":{"start":{"line":36,"column":2},"end":{"line":88,"column":3}},"15":{"start":{"line":90,"column":15},"end":{"line":90,"column":64}},"16":{"start":{"line":91,"column":16},"end":{"line":91,"column":67}},"17":{"start":{"line":92,"column":17},"end":{"line":92,"column":70}},"18":{"start":{"line":95,"column":17},"end":{"line":95,"column":19}},"19":{"start":{"line":96,"column":2},"end":{"line":105,"column":4}},"20":{"start":{"line":97,"column":4},"end":{"line":97,"column":26}},"21":{"start":{"line":98,"column":17},"end":{"line":98,"column":35}},"22":{"start":{"line":99,"column":4},"end":{"line":99,"column":33}},"23":{"start":{"line":99,"column":27},"end":{"line":99,"column":33}},"24":{"start":{"line":100,"column":4},"end":{"line":100,"column":19}},"25":{"start":{"line":101,"column":4},"end":{"line":104,"column":5}},"26":{"start":{"line":103,"column":6},"end":{"line":103,"column":32}},"27":{"start":{"line":106,"column":2},"end":{"line":109,"column":4}},"28":{"start":{"line":107,"column":4},"end":{"line":107,"column":20}},"29":{"start":{"line":108,"column":4},"end":{"line":108,"column":31}},"30":{"start":{"line":111,"column":4},"end":{"line":111,"column":31}},"31":{"start":{"line":112,"column":4},"end":{"line":112,"column":17}},"32":{"start":{"line":113,"column":4},"end":{"line":113,"column":18}},"33":{"start":{"line":115,"column":2},"end":{"line":115,"column":37}}},"fnMap":{"0":{"name":"(anonymous_0)","decl":{"start":{"line":12,"column":2},"end":{"line":12,"column":3}},"loc":{"start":{"line":12,"column":60},"end":{"line":16,"column":3}},"line":12},"1":{"name":"(anonymous_1)","decl":{"start":{"line":17,"column":12},"end":{"line":17,"column":13}},"loc":{"start":{"line":17,"column":18},"end":{"line":19,"column":3}},"line":17},"2":{"name":"(anonymous_2)","decl":{"start":{"line":21,"column":14},"end":{"line":21,"column":15}},"loc":{"start":{"line":21,"column":20},"end":{"line":23,"column":3}},"line":21},"3":{"name":"createSearchBar","decl":{"start":{"line":29,"column":9},"end":{"line":29,"column":24}},"loc":{"start":{"line":29,"column":71},"end":{"line":116,"column":1}},"line":29},"4":{"name":"(anonymous_4)","decl":{"start":{"line":96,"column":34},"end":{"line":96,"column":35}},"loc":{"start":{"line":96,"column":45},"end":{"line":105,"column":3}},"line":96},"5":{"name":"(anonymous_5)","decl":{"start":{"line":106,"column":35},"end":{"line":106,"column":36}},"loc":{"start":{"line":106,"column":41},"end":{"line":109,"column":3}},"line":106},"6":{"name":"openSearchBar","decl":{"start":{"line":110,"column":11},"end":{"line":110,"column":24}},"loc":{"start":{"line":110,"column":27},"end":{"line":114,"column":3}},"line":110}},"branchMap":{"0":{"loc":{"start":{"line":99,"column":4},"end":{"line":99,"column":33}},"type":"if","locations":[{"start":{"line":99,"column":4},"end":{"line":99,"column":33}},{"start":{},"end":{}}],"line":99},"1":{"loc":{"start":{"line":101,"column":4},"end":{"line":104,"column":5}},"type":"if","locations":[{"start":{"line":101,"column":4},"end":{"line":104,"column":5}},{"start":{},"end":{}}],"line":101}},"s":{"0":3,"1":3,"2":3,"3":4,"4":4,"5":4,"6":4,"7":5,"8":4,"9":5,"10":4,"11":4,"12":4,"13":4,"14":4,"15":4,"16":4,"17":4,"18":4,"19":4,"20":6,"21":6,"22":6,"23":2,"24":4,"25":4,"26":4,"27":4,"28":1,"29":1,"30":3,"31":3,"32":3,"33":4},"f":{"0":4,"1":5,"2":5,"3":4,"4":6,"5":1,"6":3},"b":{"0":[2,4],"1":[4,0]},"_coverageSchema":"1a1c01bbd47fc00a2c39e90264f33305004495a9","hash":"6cdb212fa858606ba88f53a3cc39de0342facbc9"}
,"D:\\前端技术栈\\translator-extensions\\src\\events\\SelectionListener.ts": {"path":"D:\\前端技术栈\\translator-extensions\\src\\events\\SelectionListener.ts","statementMap":{"0":{"start":{"line":6,"column":21},"end":{"line":6,"column":26}},"1":{"start":{"line":8,"column":23},"end":{"line":8,"column":27}},"2":{"start":{"line":11,"column":4},"end":{"line":11,"column":52}},"3":{"start":{"line":14,"column":41},"end":{"line":16,"column":3}},"4":{"start":{"line":15,"column":4},"end":{"line":15,"column":27}},"5":{"start":{"line":18,"column":12},"end":{"line":21,"column":3}},"6":{"start":{"line":19,"column":4},"end":{"line":19,"column":66}},"7":{"start":{"line":20,"column":4},"end":{"line":20,"column":62}},"8":{"start":{"line":22,"column":14},"end":{"line":25,"column":3}},"9":{"start":{"line":23,"column":4},"end":{"line":23,"column":69}},"10":{"start":{"line":24,"column":4},"end":{"line":24,"column":65}},"11":{"start":{"line":27,"column":24},"end":{"line":29,"column":3}},"12":{"start":{"line":28,"column":4},"end":{"line":28,"column":88}},"13":{"start":{"line":31,"column":30},"end":{"line":33,"column":3}},"14":{"start":{"line":32,"column":4},"end":{"line":32,"column":32}},"15":{"start":{"line":40,"column":22},"end":{"line":57,"column":3}},"16":{"start":{"line":41,"column":4},"end":{"line":44,"column":5}},"17":{"start":{"line":42,"column":6},"end":{"line":42,"column":77}},"18":{"start":{"line":43,"column":6},"end":{"line":43,"column":12}},"19":{"start":{"line":45,"column":4},"end":{"line":45,"column":33}},"20":{"start":{"line":46,"column":25},"end":{"line":46,"column":43}},"21":{"start":{"line":47,"column":4},"end":{"line":47,"column":29}},"22":{"start":{"line":47,"column":23},"end":{"line":47,"column":29}},"23":{"start":{"line":48,"column":19},"end":{"line":48,"column":32}},"24":{"start":{"line":49,"column":22},"end":{"line":49,"column":44}},"25":{"start":{"line":51,"column":4},"end":{"line":54,"column":5}},"26":{"start":{"line":53,"column":6},"end":{"line":53,"column":59}},"27":{"start":{"line":53,"column":53},"end":{"line":53,"column":59}},"28":{"start":{"line":55,"column":4},"end":{"line":55,"column":44}},"29":{"start":{"line":55,"column":38},"end":{"line":55,"column":44}},"30":{"start":{"line":56,"column":4},"end":{"line":56,"column":43}}},"fnMap":{"0":{"name":"(anonymous_0)","decl":{"start":{"line":10,"column":2},"end":{"line":10,"column":3}},"loc":{"start":{"line":10,"column":60},"end":{"line":12,"column":3}},"line":10},"1":{"name":"(anonymous_1)","decl":{"start":{"line":14,"column":41},"end":{"line":14,"column":42}},"loc":{"start":{"line":14,"column":61},"end":{"line":16,"column":3}},"line":14},"2":{"name":"(anonymous_2)","decl":{"start":{"line":18,"column":12},"end":{"line":18,"column":13}},"loc":{"start":{"line":18,"column":18},"end":{"line":21,"column":3}},"line":18},"3":{"name":"(anonymous_3)","decl":{"start":{"line":22,"column":14},"end":{"line":22,"column":15}},"loc":{"start":{"line":22,"column":20},"end":{"line":25,"column":3}},"line":22},"4":{"name":"(anonymous_4)","decl":{"start":{"line":27,"column":24},"end":{"line":27,"column":25}},"loc":{"start":{"line":27,"column":30},"end":{"line":29,"column":3}},"line":27},"5":{"name":"(anonymous_5)","decl":{"start":{"line":31,"column":30},"end":{"line":31,"column":31}},"loc":{"start":{"line":31,"column":36},"end":{"line":33,"column":3}},"line":31},"6":{"name":"(anonymous_6)","decl":{"start":{"line":40,"column":22},"end":{"line":40,"column":23}},"loc":{"start":{"line":40,"column":45},"end":{"line":57,"column":3}},"line":40}},"branchMap":{"0":{"loc":{"start":{"line":41,"column":4},"end":{"line":44,"column":5}},"type":"if","locations":[{"start":{"line":41,"column":4},"end":{"line":44,"column":5}},{"start":{},"end":{}}],"line":41},"1":{"loc":{"start":{"line":47,"column":4},"end":{"line":47,"column":29}},"type":"if","locations":[{"start":{"line":47,"column":4},"end":{"line":47,"column":29}},{"start":{},"end":{}}],"line":47},"2":{"loc":{"start":{"line":51,"column":4},"end":{"line":54,"column":5}},"type":"if","locations":[{"start":{"line":51,"column":4},"end":{"line":54,"column":5}},{"start":{},"end":{}}],"line":51},"3":{"loc":{"start":{"line":51,"column":10},"end":{"line":51,"column":35}},"type":"binary-expr","locations":[{"start":{"line":51,"column":10},"end":{"line":51,"column":25}},{"start":{"line":51,"column":29},"end":{"line":51,"column":35}}],"line":51},"4":{"loc":{"start":{"line":53,"column":6},"end":{"line":53,"column":59}},"type":"if","locations":[{"start":{"line":53,"column":6},"end":{"line":53,"column":59}},{"start":{},"end":{}}],"line":53},"5":{"loc":{"start":{"line":53,"column":10},"end":{"line":53,"column":51}},"type":"binary-expr","locations":[{"start":{"line":53,"column":10},"end":{"line":53,"column":19}},{"start":{"line":53,"column":23},"end":{"line":53,"column":51}}],"line":53},"6":{"loc":{"start":{"line":55,"column":4},"end":{"line":55,"column":44}},"type":"if","locations":[{"start":{"line":55,"column":4},"end":{"line":55,"column":44}},{"start":{},"end":{}}],"line":55}},"s":{"0":9,"1":9,"2":9,"3":9,"4":9,"5":9,"6":40,"7":40,"8":9,"9":14,"10":14,"11":9,"12":64,"13":9,"14":64,"15":9,"16":64,"17":0,"18":0,"19":64,"20":64,"21":64,"22":44,"23":20,"24":20,"25":20,"26":14,"27":6,"28":14,"29":1,"30":13},"f":{"0":9,"1":9,"2":40,"3":14,"4":64,"5":64,"6":64},"b":{"0":[0,64],"1":[44,20],"2":[14,6],"3":[20,19],"4":[6,8],"5":[14,14],"6":[1,13]},"_coverageSchema":"1a1c01bbd47fc00a2c39e90264f33305004495a9","hash":"1f852a5355614b1d878bc5454d57a4c593b747e6"}
,"D:\\前端技术栈\\translator-extensions\\src\\events\\index.ts": {"path":"D:\\前端技术栈\\translator-extensions\\src\\events\\index.ts","statementMap":{},"fnMap":{},"branchMap":{},"s":{},"f":{},"b":{},"_coverageSchema":"1a1c01bbd47fc00a2c39e90264f33305004495a9","hash":"ef691cb6b350ac881b4d3acea13ca39cfc0cfeb1"}
,"D:\\前端技术栈\\translator-extensions\\src\\events\\utils.ts": {"path":"D:\\前端技术栈\\translator-extensions\\src\\events\\utils.ts","statementMap":{"0":{"start":{"line":7,"column":20},"end":{"line":7,"column":34}},"1":{"start":{"line":8,"column":2},"end":{"line":8,"column":37}},"2":{"start":{"line":18,"column":2},"end":{"line":20,"column":3}},"3":{"start":{"line":19,"column":4},"end":{"line":19,"column":45}},"4":{"start":{"line":22,"column":2},"end":{"line":30,"column":3}},"5":{"start":{"line":24,"column":26},"end":{"line":24,"column":63}},"6":{"start":{"line":25,"column":4},"end":{"line":25,"column":35}},"7":{"start":{"line":25,"column":24},"end":{"line":25,"column":35}},"8":{"start":{"line":26,"column":35},"end":{"line":26,"column":48}},"9":{"start":{"line":27,"column":18},"end":{"line":27,"column":40}},"10":{"start":{"line":28,"column":4},"end":{"line":28,"column":38}},"11":{"start":{"line":29,"column":4},"end":{"line":29,"column":16}},"12":{"start":{"line":32,"column":2},"end":{"line":32,"column":74}},"13":{"start":{"line":34,"column":2},"end":{"line":34,"column":13}},"14":{"start":{"line":37,"column":28},"end":{"line":37,"column":49}},"15":{"start":{"line":39,"column":2},"end":{"line":39,"column":35}},"16":{"start":{"line":39,"column":23},"end":{"line":39,"column":35}},"17":{"start":{"line":40,"column":2},"end":{"line":40,"column":59}},"18":{"start":{"line":44,"column":2},"end":{"line":44,"column":71}},"19":{"start":{"line":49,"column":67},"end":{"line":49,"column":76}},"20":{"start":{"line":50,"column":25},"end":{"line":50,"column":38}},"21":{"start":{"line":51,"column":17},"end":{"line":58,"column":3}},"22":{"start":{"line":52,"column":4},"end":{"line":57,"column":5}},"23":{"start":{"line":53,"column":30},"end":{"line":53,"column":76}},"24":{"start":{"line":54,"column":33},"end":{"line":54,"column":82}},"25":{"start":{"line":55,"column":6},"end":{"line":55,"column":78}},"26":{"start":{"line":56,"column":6},"end":{"line":56,"column":68}},"27":{"start":{"line":59,"column":18},"end":{"line":64,"column":3}},"28":{"start":{"line":60,"column":4},"end":{"line":62,"column":6}},"29":{"start":{"line":61,"column":6},"end":{"line":61,"column":60}},"30":{"start":{"line":63,"column":4},"end":{"line":63,"column":32}},"31":{"start":{"line":65,"column":2},"end":{"line":65,"column":28}},"32":{"start":{"line":69,"column":25},"end":{"line":69,"column":46}},"33":{"start":{"line":70,"column":2},"end":{"line":70,"column":59}},"34":{"start":{"line":70,"column":48},"end":{"line":70,"column":59}},"35":{"start":{"line":71,"column":2},"end":{"line":71,"column":78}},"36":{"start":{"line":71,"column":67},"end":{"line":71,"column":78}},"37":{"start":{"line":72,"column":2},"end":{"line":72,"column":14}}},"fnMap":{"0":{"name":"getSelectionText","decl":{"start":{"line":6,"column":9},"end":{"line":6,"column":25}},"loc":{"start":{"line":6,"column":48},"end":{"line":9,"column":1}},"line":6},"1":{"name":"getRangeFromPoint","decl":{"start":{"line":17,"column":9},"end":{"line":17,"column":26}},"loc":{"start":{"line":17,"column":63},"end":{"line":35,"column":1}},"line":17},"2":{"name":"isSearchContainer","decl":{"start":{"line":38,"column":9},"end":{"line":38,"column":26}},"loc":{"start":{"line":38,"column":52},"end":{"line":41,"column":1}},"line":38},"3":{"name":"attachSymbolForSearchContainer","decl":{"start":{"line":43,"column":9},"end":{"line":43,"column":39}},"loc":{"start":{"line":43,"column":58},"end":{"line":45,"column":1}},"line":43},"4":{"name":"getModifyUserSelectOfMethod","decl":{"start":{"line":48,"column":9},"end":{"line":48,"column":36}},"loc":{"start":{"line":48,"column":39},"end":{"line":66,"column":1}},"line":48},"5":{"name":"(anonymous_5)","decl":{"start":{"line":51,"column":17},"end":{"line":51,"column":18}},"loc":{"start":{"line":51,"column":49},"end":{"line":58,"column":3}},"line":51},"6":{"name":"(anonymous_6)","decl":{"start":{"line":59,"column":18},"end":{"line":59,"column":19}},"loc":{"start":{"line":59,"column":30},"end":{"line":64,"column":3}},"line":59},"7":{"name":"(anonymous_7)","decl":{"start":{"line":60,"column":33},"end":{"line":60,"column":34}},"loc":{"start":{"line":60,"column":61},"end":{"line":62,"column":5}},"line":60},"8":{"name":"isContentEditable","decl":{"start":{"line":68,"column":9},"end":{"line":68,"column":26}},"loc":{"start":{"line":68,"column":45},"end":{"line":73,"column":1}},"line":68}},"branchMap":{"0":{"loc":{"start":{"line":18,"column":2},"end":{"line":20,"column":3}},"type":"if","locations":[{"start":{"line":18,"column":2},"end":{"line":20,"column":3}},{"start":{},"end":{}}],"line":18},"1":{"loc":{"start":{"line":22,"column":2},"end":{"line":30,"column":3}},"type":"if","locations":[{"start":{"line":22,"column":2},"end":{"line":30,"column":3}},{"start":{},"end":{}}],"line":22},"2":{"loc":{"start":{"line":25,"column":4},"end":{"line":25,"column":35}},"type":"if","locations":[{"start":{"line":25,"column":4},"end":{"line":25,"column":35}},{"start":{},"end":{}}],"line":25},"3":{"loc":{"start":{"line":39,"column":2},"end":{"line":39,"column":35}},"type":"if","locations":[{"start":{"line":39,"column":2},"end":{"line":39,"column":35}},{"start":{},"end":{}}],"line":39},"4":{"loc":{"start":{"line":52,"column":4},"end":{"line":57,"column":5}},"type":"if","locations":[{"start":{"line":52,"column":4},"end":{"line":57,"column":5}},{"start":{},"end":{}}],"line":52},"5":{"loc":{"start":{"line":70,"column":2},"end":{"line":70,"column":59}},"type":"if","locations":[{"start":{"line":70,"column":2},"end":{"line":70,"column":59}},{"start":{},"end":{}}],"line":70},"6":{"loc":{"start":{"line":71,"column":2},"end":{"line":71,"column":78}},"type":"if","locations":[{"start":{"line":71,"column":2},"end":{"line":71,"column":78}},{"start":{},"end":{}}],"line":71},"7":{"loc":{"start":{"line":71,"column":6},"end":{"line":71,"column":65}},"type":"binary-expr","locations":[{"start":{"line":71,"column":6},"end":{"line":71,"column":36}},{"start":{"line":71,"column":40},"end":{"line":71,"column":65}}],"line":71}},"s":{"0":77,"1":77,"2":0,"3":0,"4":0,"5":0,"6":0,"7":0,"8":0,"9":0,"10":0,"11":0,"12":0,"13":0,"14":6,"15":28,"16":0,"17":28,"18":7,"19":10,"20":10,"21":10,"22":15,"23":11,"24":11,"25":11,"26":11,"27":10,"28":12,"29":10,"30":12,"31":10,"32":30,"33":30,"34":6,"35":24,"36":3,"37":21},"f":{"0":77,"1":0,"2":28,"3":7,"4":10,"5":15,"6":12,"7":10,"8":30},"b":{"0":[0,0],"1":[0,0],"2":[0,0],"3":[0,28],"4":[11,4],"5":[6,24],"6":[3,21],"7":[24,24]},"_coverageSchema":"1a1c01bbd47fc00a2c39e90264f33305004495a9","hash":"0b9abf3fe1b957622e7e61bee9b43fd29376b5c5"}
,"D:\\前端技术栈\\translator-extensions\\src\\extensions-apis\\browserAction.api.ts": {"path":"D:\\前端技术栈\\translator-extensions\\src\\extensions-apis\\browserAction.api.ts","statementMap":{"0":{"start":{"line":2,"column":2},"end":{"line":2,"column":54}}},"fnMap":{"0":{"name":"setBadgeText","decl":{"start":{"line":1,"column":9},"end":{"line":1,"column":21}},"loc":{"start":{"line":1,"column":107},"end":{"line":3,"column":1}},"line":1}},"branchMap":{},"s":{"0":0},"f":{"0":0},"b":{},"_coverageSchema":"1a1c01bbd47fc00a2c39e90264f33305004495a9","hash":"f3e8c7463e2525567c8f4f14d0e07430c8eafd90"}
,"D:\\前端技术栈\\translator-extensions\\src\\extensions-apis\\commands.api.ts": {"path":"D:\\前端技术栈\\translator-extensions\\src\\extensions-apis\\commands.api.ts","statementMap":{"0":{"start":{"line":7,"column":16},"end":{"line":13,"column":1}},"1":{"start":{"line":9,"column":2},"end":{"line":12,"column":4}},"2":{"start":{"line":10,"column":20},"end":{"line":10,"column":55}},"3":{"start":{"line":11,"column":4},"end":{"line":11,"column":15}},"4":{"start":{"line":15,"column":0},"end":{"line":29,"column":1}},"5":{"start":{"line":16,"column":2},"end":{"line":28,"column":3}},"6":{"start":{"line":17,"column":25},"end":{"line":17,"column":53}},"7":{"start":{"line":18,"column":4},"end":{"line":18,"column":68}},"8":{"start":{"line":18,"column":19},"end":{"line":18,"column":68}},"9":{"start":{"line":19,"column":25},"end":{"line":19,"column":46}},"10":{"start":{"line":20,"column":4},"end":{"line":22,"column":6}},"11":{"start":{"line":21,"column":6},"end":{"line":21,"column":82}},"12":{"start":{"line":21,"column":34},"end":{"line":21,"column":82}},"13":{"start":{"line":24,"column":4},"end":{"line":27,"column":6}},"14":{"start":{"line":25,"column":22},"end":{"line":25,"column":57}},"15":{"start":{"line":26,"column":6},"end":{"line":26,"column":17}}},"fnMap":{"0":{"name":"(anonymous_0)","decl":{"start":{"line":7,"column":16},"end":{"line":7,"column":17}},"loc":{"start":{"line":7,"column":46},"end":{"line":13,"column":1}},"line":7},"1":{"name":"(anonymous_1)","decl":{"start":{"line":9,"column":40},"end":{"line":9,"column":41}},"loc":{"start":{"line":9,"column":53},"end":{"line":12,"column":3}},"line":9},"2":{"name":"StrictOnCommand","decl":{"start":{"line":16,"column":23},"end":{"line":16,"column":38}},"loc":{"start":{"line":16,"column":59},"end":{"line":28,"column":3}},"line":16},"3":{"name":"(anonymous_3)","decl":{"start":{"line":20,"column":25},"end":{"line":20,"column":26}},"loc":{"start":{"line":20,"column":38},"end":{"line":22,"column":5}},"line":20},"4":{"name":"(anonymous_4)","decl":{"start":{"line":24,"column":42},"end":{"line":24,"column":43}},"loc":{"start":{"line":24,"column":55},"end":{"line":27,"column":5}},"line":24}},"branchMap":{"0":{"loc":{"start":{"line":15,"column":0},"end":{"line":29,"column":1}},"type":"if","locations":[{"start":{"line":15,"column":0},"end":{"line":29,"column":1}},{"start":{},"end":{}}],"line":15},"1":{"loc":{"start":{"line":18,"column":4},"end":{"line":18,"column":68}},"type":"if","locations":[{"start":{"line":18,"column":4},"end":{"line":18,"column":68}},{"start":{},"end":{}}],"line":18},"2":{"loc":{"start":{"line":21,"column":6},"end":{"line":21,"column":82}},"type":"if","locations":[{"start":{"line":21,"column":6},"end":{"line":21,"column":82}},{"start":{},"end":{}}],"line":21}},"s":{"0":11,"1":0,"2":0,"3":0,"4":11,"5":11,"6":0,"7":0,"8":0,"9":0,"10":0,"11":0,"12":0,"13":0,"14":0,"15":0},"f":{"0":0,"1":0,"2":0,"3":0,"4":0},"b":{"0":[11,0],"1":[0,0],"2":[0,0]},"_coverageSchema":"1a1c01bbd47fc00a2c39e90264f33305004495a9","hash":"22bede2a1c0dd047469c4404b6e4c221f2688e8f"}
,"D:\\前端技术栈\\translator-extensions\\src\\extensions-apis\\contextMenus.api.ts": {"path":"D:\\前端技术栈\\translator-extensions\\src\\extensions-apis\\contextMenus.api.ts","statementMap":{"0":{"start":{"line":2,"column":2},"end":{"line":2,"column":56}},"1":{"start":{"line":6,"column":2},"end":{"line":6,"column":53}}},"fnMap":{"0":{"name":"addContextMenuItem","decl":{"start":{"line":1,"column":9},"end":{"line":1,"column":27}},"loc":{"start":{"line":1,"column":121},"end":{"line":3,"column":1}},"line":1},"1":{"name":"onContextMenuClick","decl":{"start":{"line":5,"column":9},"end":{"line":5,"column":27}},"loc":{"start":{"line":5,"column":122},"end":{"line":7,"column":1}},"line":5}},"branchMap":{},"s":{"0":0,"1":0},"f":{"0":0,"1":0},"b":{},"_coverageSchema":"1a1c01bbd47fc00a2c39e90264f33305004495a9","hash":"82fd15fe20b23212df21d8b3fe257014ba6948fd"}
,"D:\\前端技术栈\\translator-extensions\\src\\extensions-apis\\index.ts": {"path":"D:\\前端技术栈\\translator-extensions\\src\\extensions-apis\\index.ts","statementMap":{},"fnMap":{},"branchMap":{},"s":{},"f":{},"b":{},"_coverageSchema":"1a1c01bbd47fc00a2c39e90264f33305004495a9","hash":"c2dba839f293d839523b3386a6c90f67ffecb3d5"}
,"D:\\前端技术栈\\translator-extensions\\src\\extensions-apis\\runtime.api.ts": {"path":"D:\\前端技术栈\\translator-extensions\\src\\extensions-apis\\runtime.api.ts","statementMap":{"0":{"start":{"line":32,"column":2},"end":{"line":36,"column":4}},"1":{"start":{"line":33,"column":4},"end":{"line":35,"column":6}},"2":{"start":{"line":34,"column":6},"end":{"line":34,"column":23}},"3":{"start":{"line":49,"column":2},"end":{"line":49,"column":36}},"4":{"start":{"line":54,"column":2},"end":{"line":54,"column":36}},"5":{"start":{"line":59,"column":2},"end":{"line":72,"column":4}},"6":{"start":{"line":61,"column":17},"end":{"line":61,"column":22}},"7":{"start":{"line":62,"column":4},"end":{"line":70,"column":6}},"8":{"start":{"line":64,"column":8},"end":{"line":64,"column":21}},"9":{"start":{"line":65,"column":8},"end":{"line":65,"column":36}},"10":{"start":{"line":68,"column":6},"end":{"line":68,"column":24}},"11":{"start":{"line":68,"column":18},"end":{"line":68,"column":24}},"12":{"start":{"line":69,"column":6},"end":{"line":69,"column":20}},"13":{"start":{"line":71,"column":4},"end":{"line":71,"column":15}},"14":{"start":{"line":76,"column":2},"end":{"line":76,"column":36}},"15":{"start":{"line":80,"column":2},"end":{"line":80,"column":42}}},"fnMap":{"0":{"name":"_sendMessage","decl":{"start":{"line":31,"column":15},"end":{"line":31,"column":27}},"loc":{"start":{"line":31,"column":68},"end":{"line":37,"column":1}},"line":31},"1":{"name":"(anonymous_1)","decl":{"start":{"line":32,"column":21},"end":{"line":32,"column":22}},"loc":{"start":{"line":32,"column":34},"end":{"line":36,"column":3}},"line":32},"2":{"name":"(anonymous_2)","decl":{"start":{"line":33,"column":50},"end":{"line":33,"column":51}},"loc":{"start":{"line":33,"column":70},"end":{"line":35,"column":5}},"line":33},"3":{"name":"postBackend","decl":{"start":{"line":48,"column":15},"end":{"line":48,"column":26}},"loc":{"start":{"line":48,"column":71},"end":{"line":50,"column":1}},"line":48},"4":{"name":"postOptionsPage","decl":{"start":{"line":53,"column":15},"end":{"line":53,"column":30}},"loc":{"start":{"line":53,"column":75},"end":{"line":55,"column":1}},"line":53},"5":{"name":"onMessage","decl":{"start":{"line":58,"column":9},"end":{"line":58,"column":18}},"loc":{"start":{"line":58,"column":43},"end":{"line":73,"column":1}},"line":58},"6":{"name":"(anonymous_6)","decl":{"start":{"line":59,"column":39},"end":{"line":59,"column":40}},"loc":{"start":{"line":59,"column":74},"end":{"line":72,"column":3}},"line":59},"7":{"name":"(anonymous_7)","decl":{"start":{"line":63,"column":32},"end":{"line":63,"column":33}},"loc":{"start":{"line":63,"column":52},"end":{"line":66,"column":7}},"line":63},"8":{"name":"(anonymous_8)","decl":{"start":{"line":67,"column":12},"end":{"line":67,"column":13}},"loc":{"start":{"line":67,"column":18},"end":{"line":70,"column":5}},"line":67},"9":{"name":"getURL","decl":{"start":{"line":75,"column":9},"end":{"line":75,"column":15}},"loc":{"start":{"line":75,"column":30},"end":{"line":77,"column":1}},"line":75},"10":{"name":"openOptionsPage","decl":{"start":{"line":79,"column":9},"end":{"line":79,"column":24}},"loc":{"start":{"line":79,"column":48},"end":{"line":81,"column":1}},"line":79}},"branchMap":{"0":{"loc":{"start":{"line":68,"column":6},"end":{"line":68,"column":24}},"type":"if","locations":[{"start":{"line":68,"column":6},"end":{"line":68,"column":24}},{"start":{},"end":{}}],"line":68}},"s":{"0":0,"1":0,"2":0,"3":0,"4":0,"5":0,"6":0,"7":0,"8":0,"9":0,"10":0,"11":0,"12":0,"13":0,"14":0,"15":0},"f":{"0":0,"1":0,"2":0,"3":0,"4":0,"5":0,"6":0,"7":0,"8":0,"9":0,"10":0},"b":{"0":[0,0]},"_coverageSchema":"1a1c01bbd47fc00a2c39e90264f33305004495a9","hash":"4baaeb98a71d14f9b6dd6e8a0d3c43ac249b42c2"}
,"D:\\前端技术栈\\translator-extensions\\src\\extensions-apis\\storage.api.ts": {"path":"D:\\前端技术栈\\translator-extensions\\src\\extensions-apis\\storage.api.ts","statementMap":{"0":{"start":{"line":88,"column":46},"end":{"line":180,"column":1}},"1":{"start":{"line":189,"column":2},"end":{"line":189,"column":32}},"2":{"start":{"line":195,"column":22},"end":{"line":195,"column":109}},"3":{"start":{"line":196,"column":18},"end":{"line":196,"column":51}},"4":{"start":{"line":197,"column":2},"end":{"line":210,"column":4}},"5":{"start":{"line":198,"column":4},"end":{"line":207,"column":5}},"6":{"start":{"line":199,"column":6},"end":{"line":206,"column":8}},"7":{"start":{"line":200,"column":24},"end":{"line":200,"column":58}},"8":{"start":{"line":201,"column":27},"end":{"line":201,"column":39}},"9":{"start":{"line":202,"column":8},"end":{"line":205,"column":9}},"10":{"start":{"line":204,"column":10},"end":{"line":204,"column":29}},"11":{"start":{"line":209,"column":4},"end":{"line":209,"column":33}},"12":{"start":{"line":214,"column":2},"end":{"line":216,"column":4}},"13":{"start":{"line":215,"column":4},"end":{"line":215,"column":30}},"14":{"start":{"line":228,"column":19},"end":{"line":243,"column":3}},"15":{"start":{"line":230,"column":4},"end":{"line":242,"column":6}},"16":{"start":{"line":231,"column":22},"end":{"line":231,"column":35}},"17":{"start":{"line":232,"column":6},"end":{"line":241,"column":7}},"18":{"start":{"line":238,"column":39},"end":{"line":238,"column":52}},"19":{"start":{"line":240,"column":8},"end":{"line":240,"column":35}},"20":{"start":{"line":244,"column":2},"end":{"line":244,"column":48}},"21":{"start":{"line":245,"column":2},"end":{"line":247,"column":3}},"22":{"start":{"line":246,"column":4},"end":{"line":246,"column":53}},"23":{"start":{"line":251,"column":2},"end":{"line":251,"column":43}}},"fnMap":{"0":{"name":"handlerIsArray","decl":{"start":{"line":188,"column":9},"end":{"line":188,"column":23}},"loc":{"start":{"line":188,"column":90},"end":{"line":190,"column":1}},"line":188},"1":{"name":"getStorage","decl":{"start":{"line":194,"column":9},"end":{"line":194,"column":19}},"loc":{"start":{"line":194,"column":163},"end":{"line":211,"column":1}},"line":194},"2":{"name":"(anonymous_2)","decl":{"start":{"line":197,"column":36},"end":{"line":197,"column":37}},"loc":{"start":{"line":197,"column":49},"end":{"line":210,"column":3}},"line":197},"3":{"name":"(anonymous_3)","decl":{"start":{"line":199,"column":38},"end":{"line":199,"column":39}},"loc":{"start":{"line":199,"column":47},"end":{"line":206,"column":7}},"line":199},"4":{"name":"getStorageItems","decl":{"start":{"line":213,"column":9},"end":{"line":213,"column":24}},"loc":{"start":{"line":213,"column":97},"end":{"line":217,"column":1}},"line":213},"5":{"name":"(anonymous_5)","decl":{"start":{"line":214,"column":21},"end":{"line":214,"column":22}},"loc":{"start":{"line":214,"column":34},"end":{"line":216,"column":3}},"line":214},"6":{"name":"onStorageChange","decl":{"start":{"line":227,"column":9},"end":{"line":227,"column":24}},"loc":{"start":{"line":227,"column":63},"end":{"line":248,"column":1}},"line":227},"7":{"name":"(anonymous_7)","decl":{"start":{"line":228,"column":19},"end":{"line":228,"column":20}},"loc":{"start":{"line":228,"column":63},"end":{"line":243,"column":3}},"line":228},"8":{"name":"(anonymous_8)","decl":{"start":{"line":230,"column":33},"end":{"line":230,"column":34}},"loc":{"start":{"line":230,"column":42},"end":{"line":242,"column":5}},"line":230},"9":{"name":"(anonymous_9)","decl":{"start":{"line":245,"column":9},"end":{"line":245,"column":10}},"loc":{"start":{"line":245,"column":15},"end":{"line":247,"column":3}},"line":245},"10":{"name":"setStorage","decl":{"start":{"line":250,"column":9},"end":{"line":250,"column":19}},"loc":{"start":{"line":250,"column":72},"end":{"line":252,"column":1}},"line":250}},"branchMap":{"0":{"loc":{"start":{"line":195,"column":22},"end":{"line":195,"column":109}},"type":"cond-expr","locations":[{"start":{"line":195,"column":49},"end":{"line":195,"column":57}},{"start":{"line":195,"column":60},"end":{"line":195,"column":109}}],"line":195},"1":{"loc":{"start":{"line":198,"column":4},"end":{"line":207,"column":5}},"type":"if","locations":[{"start":{"line":198,"column":4},"end":{"line":207,"column":5}},{"start":{},"end":{}}],"line":198},"2":{"loc":{"start":{"line":202,"column":8},"end":{"line":205,"column":9}},"type":"if","locations":[{"start":{"line":202,"column":8},"end":{"line":205,"column":9}},{"start":{},"end":{}}],"line":202},"3":{"loc":{"start":{"line":209,"column":4},"end":{"line":209,"column":33}},"type":"binary-expr","locations":[{"start":{"line":209,"column":4},"end":{"line":209,"column":12}},{"start":{"line":209,"column":16},"end":{"line":209,"column":33}}],"line":209},"4":{"loc":{"start":{"line":232,"column":6},"end":{"line":241,"column":7}},"type":"if","locations":[{"start":{"line":232,"column":6},"end":{"line":241,"column":7}},{"start":{},"end":{}}],"line":232}},"s":{"0":11,"1":0,"2":0,"3":0,"4":0,"5":0,"6":0,"7":0,"8":0,"9":0,"10":0,"11":0,"12":0,"13":0,"14":0,"15":0,"16":0,"17":0,"18":0,"19":0,"20":0,"21":0,"22":0,"23":0},"f":{"0":0,"1":0,"2":0,"3":0,"4":0,"5":0,"6":0,"7":0,"8":0,"9":0,"10":0},"b":{"0":[0,0],"1":[0,0],"2":[0,0],"3":[0,0],"4":[0,0]},"_coverageSchema":"1a1c01bbd47fc00a2c39e90264f33305004495a9","hash":"fbe81922549a609c5a8e5689b22740107cc9cb29"}
,"D:\\前端技术栈\\translator-extensions\\src\\extensions-apis\\tabs.api.ts": {"path":"D:\\前端技术栈\\translator-extensions\\src\\extensions-apis\\tabs.api.ts","statementMap":{"0":{"start":{"line":11,"column":2},"end":{"line":20,"column":4}},"1":{"start":{"line":12,"column":4},"end":{"line":19,"column":6}},"2":{"start":{"line":13,"column":6},"end":{"line":18,"column":8}},"3":{"start":{"line":14,"column":8},"end":{"line":14,"column":27}},"4":{"start":{"line":14,"column":21},"end":{"line":14,"column":27}},"5":{"start":{"line":15,"column":8},"end":{"line":17,"column":10}},"6":{"start":{"line":16,"column":10},"end":{"line":16,"column":27}},"7":{"start":{"line":24,"column":2},"end":{"line":24,"column":46}}},"fnMap":{"0":{"name":"postFrontend","decl":{"start":{"line":10,"column":15},"end":{"line":10,"column":27}},"loc":{"start":{"line":10,"column":73},"end":{"line":21,"column":1}},"line":10},"1":{"name":"(anonymous_1)","decl":{"start":{"line":11,"column":21},"end":{"line":11,"column":22}},"loc":{"start":{"line":11,"column":32},"end":{"line":20,"column":3}},"line":11},"2":{"name":"(anonymous_2)","decl":{"start":{"line":12,"column":40},"end":{"line":12,"column":41}},"loc":{"start":{"line":12,"column":56},"end":{"line":19,"column":5}},"line":12},"3":{"name":"(anonymous_3)","decl":{"start":{"line":13,"column":19},"end":{"line":13,"column":20}},"loc":{"start":{"line":13,"column":26},"end":{"line":18,"column":7}},"line":13},"4":{"name":"(anonymous_4)","decl":{"start":{"line":15,"column":59},"end":{"line":15,"column":60}},"loc":{"start":{"line":15,"column":79},"end":{"line":17,"column":9}},"line":15},"5":{"name":"executeScript","decl":{"start":{"line":23,"column":9},"end":{"line":23,"column":22}},"loc":{"start":{"line":23,"column":109},"end":{"line":25,"column":1}},"line":23}},"branchMap":{"0":{"loc":{"start":{"line":14,"column":8},"end":{"line":14,"column":27}},"type":"if","locations":[{"start":{"line":14,"column":8},"end":{"line":14,"column":27}},{"start":{},"end":{}}],"line":14}},"s":{"0":0,"1":0,"2":0,"3":0,"4":0,"5":0,"6":0,"7":0},"f":{"0":0,"1":0,"2":0,"3":0,"4":0,"5":0},"b":{"0":[0,0]},"_coverageSchema":"1a1c01bbd47fc00a2c39e90264f33305004495a9","hash":"58713d585163afcab96fb7764f230dd8d01b112e"}
,"D:\\前端技术栈\\translator-extensions\\src\\options-page\\fields.ts": {"path":"D:\\前端技术栈\\translator-extensions\\src\\options-page\\fields.ts","statementMap":{"0":{"start":{"line":9,"column":41},"end":{"line":23,"column":1}},"1":{"start":{"line":25,"column":45},"end":{"line":38,"column":1}},"2":{"start":{"line":40,"column":49},"end":{"line":44,"column":1}},"3":{"start":{"line":46,"column":39},"end":{"line":50,"column":1}},"4":{"start":{"line":52,"column":53},"end":{"line":55,"column":1}},"5":{"start":{"line":57,"column":0},"end":{"line":63,"column":1}},"6":{"start":{"line":58,"column":2},"end":{"line":58,"column":28}},"7":{"start":{"line":59,"column":2},"end":{"line":59,"column":30}},"8":{"start":{"line":60,"column":2},"end":{"line":60,"column":32}},"9":{"start":{"line":61,"column":2},"end":{"line":61,"column":33}},"10":{"start":{"line":62,"column":2},"end":{"line":62,"column":39}}},"fnMap":{},"branchMap":{"0":{"loc":{"start":{"line":57,"column":0},"end":{"line":63,"column":1}},"type":"if","locations":[{"start":{"line":57,"column":0},"end":{"line":63,"column":1}},{"start":{},"end":{}}],"line":57}},"s":{"0":5,"1":5,"2":5,"3":5,"4":5,"5":5,"6":5,"7":5,"8":5,"9":5,"10":5},"f":{},"b":{"0":[5,0]},"_coverageSchema":"1a1c01bbd47fc00a2c39e90264f33305004495a9","hash":"19611978ca26bbfa9e58886d1de9384d11381217"}
,"D:\\前端技术栈\\translator-extensions\\src\\options-page\\components\\Select.tsx": {"path":"D:\\前端技术栈\\translator-extensions\\src\\options-page\\components\\Select.tsx","statementMap":{"0":{"start":{"line":15,"column":32},"end":{"line":15,"column":37}},"1":{"start":{"line":16,"column":2},"end":{"line":28,"column":4}},"2":{"start":{"line":21,"column":10},"end":{"line":25,"column":12}},"3":{"start":{"line":40,"column":15},"end":{"line":75,"column":2}},"4":{"start":{"line":41,"column":52},"end":{"line":41,"column":57}},"5":{"start":{"line":42,"column":16},"end":{"line":42,"column":29}},"6":{"start":{"line":43,"column":16},"end":{"line":43,"column":57}},"7":{"start":{"line":44,"column":2},"end":{"line":48,"column":3}},"8":{"start":{"line":45,"column":4},"end":{"line":45,"column":19}},"9":{"start":{"line":47,"column":4},"end":{"line":47,"column":32}},"10":{"start":{"line":49,"column":23},"end":{"line":49,"column":56}},"11":{"start":{"line":50,"column":2},"end":{"line":74,"column":4}}},"fnMap":{"0":{"name":"Options","decl":{"start":{"line":14,"column":9},"end":{"line":14,"column":16}},"loc":{"start":{"line":14,"column":38},"end":{"line":29,"column":1}},"line":14},"1":{"name":"(anonymous_1)","decl":{"start":{"line":20,"column":20},"end":{"line":20,"column":21}},"loc":{"start":{"line":20,"column":31},"end":{"line":26,"column":9}},"line":20},"2":{"name":"Select","decl":{"start":{"line":40,"column":35},"end":{"line":40,"column":41}},"loc":{"start":{"line":40,"column":56},"end":{"line":75,"column":1}},"line":40}},"branchMap":{"0":{"loc":{"start":{"line":19,"column":7},"end":{"line":26,"column":10}},"type":"binary-expr","locations":[{"start":{"line":19,"column":7},"end":{"line":19,"column":14}},{"start":{"line":20,"column":8},"end":{"line":26,"column":10}}],"line":19},"1":{"loc":{"start":{"line":43,"column":16},"end":{"line":43,"column":57}},"type":"binary-expr","locations":[{"start":{"line":43,"column":17},"end":{"line":43,"column":32}},{"start":{"line":43,"column":37},"end":{"line":43,"column":57}}],"line":43},"2":{"loc":{"start":{"line":44,"column":2},"end":{"line":48,"column":3}},"type":"if","locations":[{"start":{"line":44,"column":2},"end":{"line":48,"column":3}},{"start":{"line":46,"column":9},"end":{"line":48,"column":3}}],"line":44},"3":{"loc":{"start":{"line":56,"column":34},"end":{"line":56,"column":60}},"type":"binary-expr","locations":[{"start":{"line":56,"column":34},"end":{"line":56,"column":43}},{"start":{"line":56,"column":47},"end":{"line":56,"column":60}}],"line":56},"4":{"loc":{"start":{"line":67,"column":8},"end":{"line":67,"column":70}},"type":"cond-expr","locations":[{"start":{"line":67,"column":37},"end":{"line":67,"column":58}},{"start":{"line":67,"column":61},"end":{"line":67,"column":70}}],"line":67},"5":{"loc":{"start":{"line":67,"column":8},"end":{"line":67,"column":34}},"type":"binary-expr","locations":[{"start":{"line":67,"column":8},"end":{"line":67,"column":17}},{"start":{"line":67,"column":21},"end":{"line":67,"column":34}}],"line":67},"6":{"loc":{"start":{"line":71,"column":9},"end":{"line":71,"column":64}},"type":"binary-expr","locations":[{"start":{"line":71,"column":9},"end":{"line":71,"column":22}},{"start":{"line":71,"column":26},"end":{"line":71,"column":64}}],"line":71}},"s":{"0":75,"1":75,"2":181,"3":4,"4":75,"5":75,"6":75,"7":75,"8":47,"9":28,"10":75,"11":75},"f":{"0":75,"1":181,"2":75},"b":{"0":[75,75],"1":[75,37],"2":[47,28],"3":[75,33],"4":[3,72],"5":[75,33],"6":[75,5]},"_coverageSchema":"1a1c01bbd47fc00a2c39e90264f33305004495a9","hash":"5a8924bda51b8ef8db27090bc8231b5335171756"}
,"D:\\前端技术栈\\translator-extensions\\src\\options-page\\components\\AnkiConfig\\DeckOrModel.tsx": {"path":"D:\\前端技术栈\\translator-extensions\\src\\options-page\\components\\AnkiConfig\\DeckOrModel.tsx","statementMap":{"0":{"start":{"line":24,"column":20},"end":{"line":82,"column":2}},"1":{"start":{"line":28,"column":19},"end":{"line":28,"column":32}},"2":{"start":{"line":29,"column":31},"end":{"line":29,"column":36}},"3":{"start":{"line":31,"column":47},"end":{"line":31,"column":52}},"4":{"start":{"line":32,"column":44},"end":{"line":32,"column":49}},"5":{"start":{"line":33,"column":2},"end":{"line":36,"column":3}},"6":{"start":{"line":34,"column":4},"end":{"line":34,"column":29}},"7":{"start":{"line":35,"column":4},"end":{"line":35,"column":27}},"8":{"start":{"line":37,"column":2},"end":{"line":40,"column":3}},"9":{"start":{"line":38,"column":4},"end":{"line":38,"column":30}},"10":{"start":{"line":39,"column":4},"end":{"line":39,"column":28}},"11":{"start":{"line":42,"column":15},"end":{"line":42,"column":49}},"12":{"start":{"line":42,"column":38},"end":{"line":42,"column":48}},"13":{"start":{"line":43,"column":18},"end":{"line":43,"column":34}},"14":{"start":{"line":44,"column":36},"end":{"line":44,"column":40}},"15":{"start":{"line":45,"column":20},"end":{"line":45,"column":49}},"16":{"start":{"line":47,"column":16},"end":{"line":47,"column":76}},"17":{"start":{"line":47,"column":39},"end":{"line":47,"column":75}},"18":{"start":{"line":48,"column":22},"end":{"line":50,"column":17}},"19":{"start":{"line":49,"column":4},"end":{"line":49,"column":50}},"20":{"start":{"line":52,"column":23},"end":{"line":63,"column":3}},"21":{"start":{"line":54,"column":6},"end":{"line":60,"column":8}},"22":{"start":{"line":65,"column":2},"end":{"line":81,"column":4}}},"fnMap":{"0":{"name":"DeckOrModel","decl":{"start":{"line":24,"column":40},"end":{"line":24,"column":51}},"loc":{"start":{"line":27,"column":3},"end":{"line":82,"column":1}},"line":27},"1":{"name":"(anonymous_1)","decl":{"start":{"line":42,"column":27},"end":{"line":42,"column":28}},"loc":{"start":{"line":42,"column":38},"end":{"line":42,"column":48}},"line":42},"2":{"name":"(anonymous_2)","decl":{"start":{"line":47,"column":28},"end":{"line":47,"column":29}},"loc":{"start":{"line":47,"column":39},"end":{"line":47,"column":75}},"line":47},"3":{"name":"(anonymous_3)","decl":{"start":{"line":48,"column":30},"end":{"line":48,"column":31}},"loc":{"start":{"line":48,"column":36},"end":{"line":50,"column":3}},"line":48},"4":{"name":"(anonymous_4)","decl":{"start":{"line":53,"column":4},"end":{"line":53,"column":5}},"loc":{"start":{"line":53,"column":53},"end":{"line":61,"column":5}},"line":53}},"branchMap":{"0":{"loc":{"start":{"line":33,"column":2},"end":{"line":36,"column":3}},"type":"if","locations":[{"start":{"line":33,"column":2},"end":{"line":36,"column":3}},{"start":{},"end":{}}],"line":33},"1":{"loc":{"start":{"line":37,"column":2},"end":{"line":40,"column":3}},"type":"if","locations":[{"start":{"line":37,"column":2},"end":{"line":40,"column":3}},{"start":{},"end":{}}],"line":37}},"s":{"0":2,"1":12,"2":12,"3":12,"4":12,"5":12,"6":6,"7":6,"8":12,"9":6,"10":6,"11":12,"12":36,"13":12,"14":12,"15":12,"16":12,"17":36,"18":12,"19":8,"20":12,"21":2,"22":12},"f":{"0":12,"1":36,"2":36,"3":8,"4":2},"b":{"0":[6,6],"1":[6,6]},"_coverageSchema":"1a1c01bbd47fc00a2c39e90264f33305004495a9","hash":"9f1fb99088adc8de3b9f43c8b4405b314050511f"}
,"D:\\前端技术栈\\translator-extensions\\src\\options-page\\components\\AnkiConfig\\ModelFields.tsx": {"path":"D:\\前端技术栈\\translator-extensions\\src\\options-page\\components\\AnkiConfig\\ModelFields.tsx","statementMap":{"0":{"start":{"line":16,"column":27},"end":{"line":88,"column":2}},"1":{"start":{"line":19,"column":25},"end":{"line":19,"column":30}},"2":{"start":{"line":20,"column":19},"end":{"line":20,"column":32}},"3":{"start":{"line":21,"column":15},"end":{"line":21,"column":49}},"4":{"start":{"line":21,"column":38},"end":{"line":21,"column":48}},"5":{"start":{"line":22,"column":23},"end":{"line":22,"column":72}},"6":{"start":{"line":22,"column":46},"end":{"line":22,"column":71}},"7":{"start":{"line":23,"column":54},"end":{"line":23,"column":58}},"8":{"start":{"line":24,"column":20},"end":{"line":24,"column":49}},"9":{"start":{"line":26,"column":26},"end":{"line":26,"column":48}},"10":{"start":{"line":27,"column":33},"end":{"line":27,"column":61}},"11":{"start":{"line":28,"column":32},"end":{"line":28,"column":68}},"12":{"start":{"line":30,"column":26},"end":{"line":30,"column":59}},"13":{"start":{"line":31,"column":22},"end":{"line":37,"column":18}},"14":{"start":{"line":32,"column":4},"end":{"line":36,"column":18}},"15":{"start":{"line":39,"column":2},"end":{"line":87,"column":4}},"16":{"start":{"line":43,"column":22},"end":{"line":43,"column":59}},"17":{"start":{"line":44,"column":8},"end":{"line":84,"column":10}},"18":{"start":{"line":55,"column":18},"end":{"line":62,"column":20}},"19":{"start":{"line":73,"column":16},"end":{"line":80,"column":18}}},"fnMap":{"0":{"name":"ModelFields","decl":{"start":{"line":16,"column":47},"end":{"line":16,"column":58}},"loc":{"start":{"line":18,"column":3},"end":{"line":88,"column":1}},"line":18},"1":{"name":"(anonymous_1)","decl":{"start":{"line":21,"column":27},"end":{"line":21,"column":28}},"loc":{"start":{"line":21,"column":38},"end":{"line":21,"column":48}},"line":21},"2":{"name":"(anonymous_2)","decl":{"start":{"line":22,"column":35},"end":{"line":22,"column":36}},"loc":{"start":{"line":22,"column":46},"end":{"line":22,"column":71}},"line":22},"3":{"name":"(anonymous_3)","decl":{"start":{"line":31,"column":30},"end":{"line":31,"column":31}},"loc":{"start":{"line":31,"column":36},"end":{"line":37,"column":3}},"line":31},"4":{"name":"(anonymous_4)","decl":{"start":{"line":41,"column":39},"end":{"line":41,"column":40}},"loc":{"start":{"line":41,"column":56},"end":{"line":85,"column":7}},"line":41},"5":{"name":"(anonymous_5)","decl":{"start":{"line":54,"column":26},"end":{"line":54,"column":27}},"loc":{"start":{"line":54,"column":37},"end":{"line":63,"column":17}},"line":54},"6":{"name":"(anonymous_6)","decl":{"start":{"line":72,"column":24},"end":{"line":72,"column":25}},"loc":{"start":{"line":72,"column":35},"end":{"line":81,"column":15}},"line":72}},"branchMap":{},"s":{"0":2,"1":12,"2":12,"3":12,"4":30,"5":12,"6":30,"7":12,"8":12,"9":12,"10":12,"11":12,"12":12,"13":12,"14":4,"15":12,"16":55,"17":55,"18":3,"19":3},"f":{"0":12,"1":30,"2":30,"3":4,"4":55,"5":3,"6":3},"b":{},"_coverageSchema":"1a1c01bbd47fc00a2c39e90264f33305004495a9","hash":"5d76a2bfd4c9edf65b224807bbdfc6c7aaf73168"}
[...]
,"D:\\前端技术栈\\translator-extensions\\src\\translation-page\\components\\Sentence.tsx": {"path":"D:\\前端技术栈\\translator-extensions\\src\\translation-page\\components\\Sentence.tsx","statementMap":{"0":{"start":{"line":26,"column":6},"end":{"line":26,"column":11}},"1":{"start":{"line":28,"column":2},"end":{"line":43,"column":4}}},"fnMap":{"0":{"name":"Sentence","decl":{"start":{"line":19,"column":16},"end":{"line":19,"column":24}},"loc":{"start":{"line":19,"column":39},"end":{"line":44,"column":1}},"line":19}},"branchMap":{},"s":{"0":23,"1":23},"f":{"0":23},"b":{},"_coverageSchema":"1a1c01bbd47fc00a2c39e90264f33305004495a9","hash":"5a4ccb89fe0cef65b12727bb2b1fec4ed77a4efb"}
,"D:\\前端技术栈\\translator-extensions\\src\\translation-page\\components\\View.tsx": {"path":"D:\\前端技术栈\\translator-extensions\\src\\translation-page\\components\\View.tsx","statementMap":{"0":{"start":{"line":16,"column":21},"end":{"line":16,"column":52}},"1":{"start":{"line":18,"column":18},"end":{"line":18,"column":70}},"2":{"start":{"line":20,"column":35},"end":{"line":20,"column":44}},"3":{"start":{"line":21,"column":0},"end":{"line":21,"column":20}},"4":{"start":{"line":23,"column":26},"end":{"line":25,"column":2}},"5":{"start":{"line":24,"column":2},"end":{"line":24,"column":43}},"6":{"start":{"line":28,"column":0},"end":{"line":33,"column":3}},"7":{"start":{"line":29,"column":2},"end":{"line":32,"column":12}},"8":{"start":{"line":30,"column":4},"end":{"line":30,"column":25}},"9":{"start":{"line":36,"column":13},"end":{"line":36,"column":17}},"10":{"start":{"line":37,"column":20},"end":{"line":37,"column":24}},"11":{"start":{"line":39,"column":2},"end":{"line":39,"column":88}},"12":{"start":{"line":41,"column":0},"end":{"line":44,"column":2}},"13":{"start":{"line":42,"column":2},"end":{"line":42,"column":16}},"14":{"start":{"line":43,"column":2},"end":{"line":43,"column":19}},"15":{"start":{"line":45,"column":0},"end":{"line":48,"column":3}},"16":{"start":{"line":46,"column":2},"end":{"line":46,"column":24}},"17":{"start":{"line":47,"column":2},"end":{"line":47,"column":19}},"18":{"start":{"line":51,"column":44},"end":{"line":51,"column":58}},"19":{"start":{"line":54,"column":2},"end":{"line":58,"column":9}},"20":{"start":{"line":55,"column":4},"end":{"line":57,"column":7}},"21":{"start":{"line":56,"column":6},"end":{"line":56,"column":31}},"22":{"start":{"line":60,"column":20},"end":{"line":72,"column":8}},"23":{"start":{"line":61,"column":4},"end":{"line":71,"column":6}},"24":{"start":{"line":66,"column":14},"end":{"line":66,"column":53}},"25":{"start":{"line":73,"column":2},"end":{"line":77,"column":4}}},"fnMap":{"0":{"name":"(anonymous_0)","decl":{"start":{"line":23,"column":48},"end":{"line":23,"column":49}},"loc":{"start":{"line":23,"column":66},"end":{"line":25,"column":1}},"line":23},"1":{"name":"(anonymous_1)","decl":{"start":{"line":28,"column":30},"end":{"line":28,"column":31}},"loc":{"start":{"line":28,"column":36},"end":{"line":33,"column":1}},"line":28},"2":{"name":"switchSelection","decl":{"start":{"line":38,"column":9},"end":{"line":38,"column":24}},"loc":{"start":{"line":38,"column":27},"end":{"line":40,"column":1}},"line":38},"3":{"name":"(anonymous_3)","decl":{"start":{"line":41,"column":25},"end":{"line":41,"column":26}},"loc":{"start":{"line":41,"column":36},"end":{"line":44,"column":1}},"line":41},"4":{"name":"(anonymous_4)","decl":{"start":{"line":45,"column":33},"end":{"line":45,"column":34}},"loc":{"start":{"line":45,"column":45},"end":{"line":48,"column":1}},"line":45},"5":{"name":"View","decl":{"start":{"line":50,"column":9},"end":{"line":50,"column":13}},"loc":{"start":{"line":50,"column":16},"end":{"line":78,"column":1}},"line":50},"6":{"name":"(anonymous_6)","decl":{"start":{"line":54,"column":18},"end":{"line":54,"column":19}},"loc":{"start":{"line":54,"column":24},"end":{"line":58,"column":3}},"line":54},"7":{"name":"(anonymous_7)","decl":{"start":{"line":55,"column":44},"end":{"line":55,"column":45}},"loc":{"start":{"line":55,"column":56},"end":{"line":57,"column":5}},"line":55},"8":{"name":"(anonymous_8)","decl":{"start":{"line":60,"column":28},"end":{"line":60,"column":29}},"loc":{"start":{"line":60,"column":34},"end":{"line":72,"column":3}},"line":60},"9":{"name":"(anonymous_9)","decl":{"start":{"line":65,"column":13},"end":{"line":65,"column":14}},"loc":{"start":{"line":65,"column":24},"end":{"line":67,"column":13}},"line":65}},"branchMap":{"0":{"loc":{"start":{"line":39,"column":2},"end":{"line":39,"column":87}},"type":"cond-expr","locations":[{"start":{"line":39,"column":28},"end":{"line":39,"column":55}},{"start":{"line":39,"column":58},"end":{"line":39,"column":87}}],"line":39},"1":{"loc":{"start":{"line":39,"column":2},"end":{"line":39,"column":25}},"type":"binary-expr","locations":[{"start":{"line":39,"column":2},"end":{"line":39,"column":15}},{"start":{"line":39,"column":19},"end":{"line":39,"column":25}}],"line":39}},"s":{"0":1,"1":1,"2":1,"3":1,"4":1,"5":2,"6":1,"7":1,"8":1,"9":1,"10":1,"11":30,"12":1,"13":15,"14":15,"15":1,"16":15,"17":15,"18":24,"19":24,"20":12,"21":13,"22":24,"23":12,"24":86,"25":24},"f":{"0":2,"1":1,"2":30,"3":15,"4":15,"5":24,"6":12,"7":13,"8":12,"9":86},"b":{"0":[25,5],"1":[30,26]},"_coverageSchema":"1a1c01bbd47fc00a2c39e90264f33305004495a9","hash":"7188812457d46a61031e6f74e9aa385029d721c7"}
,"D:\\前端技术栈\\translator-extensions\\src\\translation-page\\components\\Word.tsx": {"path":"D:\\前端技术栈\\translator-extensions\\src\\translation-page\\components\\Word.tsx","statementMap":{"0":{"start":{"line":43,"column":6},"end":{"line":43,"column":11}},"1":{"start":{"line":45,"column":2},"end":{"line":69,"column":4}},"2":{"start":{"line":72,"column":20},"end":{"line":85,"column":2}},"3":{"start":{"line":76,"column":32},"end":{"line":76,"column":37}},"4":{"start":{"line":77,"column":2},"end":{"line":84,"column":4}},"5":{"start":{"line":87,"column":17},"end":{"line":115,"column":2}},"6":{"start":{"line":91,"column":32},"end":{"line":91,"column":37}},"7":{"start":{"line":92,"column":14},"end":{"line":92,"column":52}},"8":{"start":{"line":92,"column":40},"end":{"line":92,"column":49}},"9":{"start":{"line":93,"column":20},"end":{"line":95,"column":3}},"10":{"start":{"line":94,"column":4},"end":{"line":94,"column":28}},"11":{"start":{"line":96,"column":2},"end":{"line":114,"column":4}},"12":{"start":{"line":117,"column":24},"end":{"line":145,"column":2}},"13":{"start":{"line":122,"column":59},"end":{"line":122,"column":64}},"14":{"start":{"line":123,"column":2},"end":{"line":144,"column":4}},"15":{"start":{"line":126,"column":48},"end":{"line":126,"column":52}},"16":{"start":{"line":127,"column":8},"end":{"line":141,"column":10}},"17":{"start":{"line":147,"column":20},"end":{"line":177,"column":2}},"18":{"start":{"line":162,"column":6},"end":{"line":162,"column":11}},"19":{"start":{"line":163,"column":24},"end":{"line":163,"column":49}},"20":{"start":{"line":165,"column":2},"end":{"line":176,"column":4}},"21":{"start":{"line":170,"column":23},"end":{"line":170,"column":40}},"22":{"start":{"line":179,"column":25},"end":{"line":202,"column":2}},"23":{"start":{"line":182,"column":24},"end":{"line":182,"column":49}},"24":{"start":{"line":183,"column":2},"end":{"line":201,"column":4}},"25":{"start":{"line":187,"column":10},"end":{"line":187,"column":25}},"26":{"start":{"line":188,"column":8},"end":{"line":198,"column":10}},"27":{"start":{"line":204,"column":21},"end":{"line":213,"column":2}},"28":{"start":{"line":207,"column":25},"end":{"line":207,"column":39}},"29":{"start":{"line":208,"column":2},"end":{"line":212,"column":4}},"30":{"start":{"line":215,"column":21},"end":{"line":236,"column":2}},"31":{"start":{"line":220,"column":73},"end":{"line":220,"column":78}},"32":{"start":{"line":221,"column":2},"end":{"line":235,"column":4}},"33":{"start":{"line":224,"column":8},"end":{"line":232,"column":10}},"34":{"start":{"line":238,"column":22},"end":{"line":260,"column":2}},"35":{"start":{"line":246,"column":4},"end":{"line":246,"column":9}},"36":{"start":{"line":247,"column":2},"end":{"line":259,"column":4}},"37":{"start":{"line":255,"column":23},"end":{"line":255,"column":64}},"38":{"start":{"line":262,"column":23},"end":{"line":292,"column":2}},"39":{"start":{"line":273,"column":6},"end":{"line":273,"column":11}},"40":{"start":{"line":274,"column":2},"end":{"line":291,"column":4}},"41":{"start":{"line":278,"column":10},"end":{"line":287,"column":12}}},"fnMap":{"0":{"name":"Word","decl":{"start":{"line":33,"column":16},"end":{"line":33,"column":20}},"loc":{"start":{"line":33,"column":35},"end":{"line":70,"column":1}},"line":33},"1":{"name":"WordAndStar","decl":{"start":{"line":72,"column":40},"end":{"line":72,"column":51}},"loc":{"start":{"line":75,"column":3},"end":{"line":85,"column":1}},"line":75},"2":{"name":"Phonetic","decl":{"start":{"line":87,"column":37},"end":{"line":87,"column":45}},"loc":{"start":{"line":90,"column":3},"end":{"line":115,"column":1}},"line":90},"3":{"name":"(anonymous_3)","decl":{"start":{"line":92,"column":34},"end":{"line":92,"column":35}},"loc":{"start":{"line":92,"column":40},"end":{"line":92,"column":49}},"line":92},"4":{"name":"(anonymous_4)","decl":{"start":{"line":93,"column":20},"end":{"line":93,"column":21}},"loc":{"start":{"line":93,"column":26},"end":{"line":95,"column":3}},"line":93},"5":{"name":"TranslationList","decl":{"start":{"line":117,"column":44},"end":{"line":117,"column":59}},"loc":{"start":{"line":121,"column":3},"end":{"line":145,"column":1}},"line":121},"6":{"name":"(anonymous_6)","decl":{"start":{"line":125,"column":27},"end":{"line":125,"column":28}},"loc":{"start":{"line":125,"column":44},"end":{"line":142,"column":7}},"line":125},"7":{"name":"Explanation","decl":{"start":{"line":147,"column":40},"end":{"line":147,"column":51}},"loc":{"start":{"line":154,"column":3},"end":{"line":177,"column":1}},"line":154},"8":{"name":"(anonymous_8)","decl":{"start":{"line":170,"column":17},"end":{"line":170,"column":18}},"loc":{"start":{"line":170,"column":23},"end":{"line":170,"column":40}},"line":170},"9":{"name":"ExampleSentences","decl":{"start":{"line":179,"column":45},"end":{"line":179,"column":61}},"loc":{"start":{"line":181,"column":3},"end":{"line":202,"column":1}},"line":181},"10":{"name":"(anonymous_10)","decl":{"start":{"line":185,"column":34},"end":{"line":185,"column":35}},"loc":{"start":{"line":185,"column":55},"end":{"line":199,"column":7}},"line":185},"11":{"name":"PartOfSpeech","decl":{"start":{"line":204,"column":41},"end":{"line":204,"column":53}},"loc":{"start":{"line":206,"column":3},"end":{"line":213,"column":1}},"line":206},"12":{"name":"Translations","decl":{"start":{"line":215,"column":41},"end":{"line":215,"column":53}},"loc":{"start":{"line":219,"column":3},"end":{"line":236,"column":1}},"line":219},"13":{"name":"(anonymous_13)","decl":{"start":{"line":223,"column":40},"end":{"line":223,"column":41}},"loc":{"start":{"line":223,"column":65},"end":{"line":233,"column":7}},"line":223},"14":{"name":"TranslationLi","decl":{"start":{"line":238,"column":42},"end":{"line":238,"column":55}},"loc":{"start":{"line":244,"column":3},"end":{"line":260,"column":1}},"line":244},"15":{"name":"(anonymous_15)","decl":{"start":{"line":255,"column":17},"end":{"line":255,"column":18}},"loc":{"start":{"line":255,"column":23},"end":{"line":255,"column":64}},"line":255},"16":{"name":"TranslationsLi","decl":{"start":{"line":262,"column":43},"end":{"line":262,"column":57}},"loc":{"start":{"line":267,"column":3},"end":{"line":292,"column":1}},"line":267},"17":{"name":"(anonymous_17)","decl":{"start":{"line":277,"column":26},"end":{"line":277,"column":27}},"loc":{"start":{"line":277,"column":41},"end":{"line":288,"column":9}},"line":277}},"branchMap":{"0":{"loc":{"start":{"line":54,"column":7},"end":{"line":60,"column":7}},"type":"binary-expr","locations":[{"start":{"line":54,"column":7},"end":{"line":54,"column":22}},{"start":{"line":55,"column":8},"end":{"line":59,"column":10}}],"line":54},"1":{"loc":{"start":{"line":61,"column":7},"end":{"line":67,"column":7}},"type":"binary-expr","locations":[{"start":{"line":61,"column":7},"end":{"line":61,"column":19}},{"start":{"line":62,"column":8},"end":{"line":66,"column":10}}],"line":61},"2":{"loc":{"start":{"line":99,"column":14},"end":{"line":99,"column":61}},"type":"binary-expr","locations":[{"start":{"line":99,"column":14},"end":{"line":99,"column":35}},{"start":{"line":99,"column":39},"end":{"line":99,"column":61}}],"line":99},"3":{"loc":{"start":{"line":137,"column":13},"end":{"line":139,"column":13}},"type":"binary-expr","locations":[{"start":{"line":137,"column":13},"end":{"line":137,"column":30}},{"start":{"line":138,"column":14},"end":{"line":138,"column":71}}],"line":137},"4":{"loc":{"start":{"line":174,"column":7},"end":{"line":174,"column":77}},"type":"binary-expr","locations":[{"start":{"line":174,"column":7},"end":{"line":174,"column":21}},{"start":{"line":174,"column":25},"end":{"line":174,"column":77}}],"line":174},"5":{"loc":{"start":{"line":194,"column":13},"end":{"line":196,"column":13}},"type":"binary-expr","locations":[{"start":{"line":194,"column":13},"end":{"line":194,"column":27}},{"start":{"line":195,"column":14},"end":{"line":195,"column":77}}],"line":194},"6":{"loc":{"start":{"line":249,"column":7},"end":{"line":249,"column":66}},"type":"binary-expr","locations":[{"start":{"line":249,"column":7},"end":{"line":249,"column":19}},{"start":{"line":249,"column":23},"end":{"line":249,"column":66}}],"line":249}},"s":{"0":33,"1":33,"2":1,"3":5,"4":5,"5":1,"6":10,"7":10,"8":0,"9":10,"10":0,"11":10,"12":1,"13":21,"14":21,"15":63,"16":63,"17":1,"18":38,"19":38,"20":38,"21":7,"22":1,"23":24,"24":24,"25":56,"26":56,"27":1,"28":40,"29":40,"30":1,"31":31,"32":31,"33":62,"34":1,"35":45,"36":45,"37":5,"38":1,"39":24,"40":24,"41":61},"f":{"0":33,"1":5,"2":10,"3":0,"4":0,"5":21,"6":63,"7":38,"8":7,"9":24,"10":56,"11":40,"12":31,"13":62,"14":45,"15":5,"16":24,"17":61},"b":{"0":[33,33],"1":[33,33],"2":[10,0],"3":[63,63],"4":[38,35],"5":[56,49],"6":[45,45]},"_coverageSchema":"1a1c01bbd47fc00a2c39e90264f33305004495a9","hash":"b5fbed7c6d03bdbe27d96e08ad0037d4a61be144"}
,"D:\\前端技术栈\\translator-extensions\\src\\utils\\command.ts": {"path":"D:\\前端技术栈\\translator-extensions\\src\\utils\\command.ts","statementMap":{},"fnMap":{},"branchMap":{},"s":{},"f":{},"b":{},"_coverageSchema":"1a1c01bbd47fc00a2c39e90264f33305004495a9","hash":"110d3b01904339baf4ce8189806a88c461f99de9"}
,"D:\\前端技术栈\\translator-extensions\\src\\utils\\tools.ts": {"path":"D:\\前端技术栈\\translator-extensions\\src\\utils\\tools.ts","statementMap":{"0":{"start":{"line":9,"column":2},"end":{"line":9,"column":21}},"1":{"start":{"line":12,"column":2},"end":{"line":12,"column":26}},"2":{"start":{"line":12,"column":13},"end":{"line":12,"column":26}},"3":{"start":{"line":15,"column":17},"end":{"line":17,"column":7}},"4":{"start":{"line":16,"column":4},"end":{"line":16,"column":32}},"5":{"start":{"line":18,"column":2},"end":{"line":18,"column":58}},"6":{"start":{"line":18,"column":45},"end":{"line":18,"column":58}},"7":{"start":{"line":21,"column":2},"end":{"line":21,"column":56}},"8":{"start":{"line":21,"column":43},"end":{"line":21,"column":56}},"9":{"start":{"line":23,"column":2},"end":{"line":23,"column":14}},"10":{"start":{"line":36,"column":29},"end":{"line":36,"column":45}},"11":{"start":{"line":37,"column":2},"end":{"line":39,"column":5}},"12":{"start":{"line":38,"column":4},"end":{"line":38,"column":30}},"13":{"start":{"line":40,"column":2},"end":{"line":40,"column":16}},"14":{"start":{"line":53,"column":2},"end":{"line":53,"column":28}},"15":{"start":{"line":60,"column":2},"end":{"line":60,"column":38}},"16":{"start":{"line":60,"column":13},"end":{"line":60,"column":38}},"17":{"start":{"line":64,"column":2},"end":{"line":71,"column":3}},"18":{"start":{"line":65,"column":4},"end":{"line":65,"column":62}},"19":{"start":{"line":65,"column":40},"end":{"line":65,"column":62}},"20":{"start":{"line":66,"column":4},"end":{"line":70,"column":18}},"21":{"start":{"line":68,"column":6},"end":{"line":68,"column":31}},"22":{"start":{"line":74,"column":10},"end":{"line":74,"column":13}}},"fnMap":{"0":{"name":"validateText","decl":{"start":{"line":8,"column":16},"end":{"line":8,"column":28}},"loc":{"start":{"line":8,"column":43},"end":{"line":24,"column":1}},"line":8},"1":{"name":"(anonymous_1)","decl":{"start":{"line":15,"column":52},"end":{"line":15,"column":53}},"loc":{"start":{"line":15,"column":70},"end":{"line":17,"column":3}},"line":15},"2":{"name":"pick","decl":{"start":{"line":32,"column":16},"end":{"line":32,"column":20}},"loc":{"start":{"line":35,"column":14},"end":{"line":41,"column":1}},"line":35},"3":{"name":"(anonymous_3)","decl":{"start":{"line":37,"column":15},"end":{"line":37,"column":16}},"loc":{"start":{"line":37,"column":24},"end":{"line":39,"column":3}},"line":37},"4":{"name":"pickEntry","decl":{"start":{"line":49,"column":16},"end":{"line":49,"column":25}},"loc":{"start":{"line":52,"column":13},"end":{"line":54,"column":1}},"line":52},"5":{"name":"invariant","decl":{"start":{"line":59,"column":16},"end":{"line":59,"column":25}},"loc":{"start":{"line":59,"column":68},"end":{"line":61,"column":1}},"line":59},"6":{"name":"warning","decl":{"start":{"line":63,"column":16},"end":{"line":63,"column":23}},"loc":{"start":{"line":63,"column":58},"end":{"line":72,"column":1}},"line":63}},"branchMap":{"0":{"loc":{"start":{"line":12,"column":2},"end":{"line":12,"column":26}},"type":"if","locations":[{"start":{"line":12,"column":2},"end":{"line":12,"column":26}},{"start":{},"end":{}}],"line":12},"1":{"loc":{"start":{"line":18,"column":2},"end":{"line":18,"column":58}},"type":"if","locations":[{"start":{"line":18,"column":2},"end":{"line":18,"column":58}},{"start":{},"end":{}}],"line":18},"2":{"loc":{"start":{"line":18,"column":6},"end":{"line":18,"column":43}},"type":"binary-expr","locations":[{"start":{"line":18,"column":6},"end":{"line":18,"column":13}},{"start":{"line":18,"column":17},"end":{"line":18,"column":43}}],"line":18},"3":{"loc":{"start":{"line":21,"column":2},"end":{"line":21,"column":56}},"type":"if","locations":[{"start":{"line":21,"column":2},"end":{"line":21,"column":56}},{"start":{},"end":{}}],"line":21},"4":{"loc":{"start":{"line":60,"column":2},"end":{"line":60,"column":38}},"type":"if","locations":[{"start":{"line":60,"column":2},"end":{"line":60,"column":38}},{"start":{},"end":{}}],"line":60},"5":{"loc":{"start":{"line":64,"column":2},"end":{"line":71,"column":3}},"type":"if","locations":[{"start":{"line":64,"column":2},"end":{"line":71,"column":3}},{"start":{},"end":{}}],"line":64},"6":{"loc":{"start":{"line":65,"column":4},"end":{"line":65,"column":62}},"type":"if","locations":[{"start":{"line":65,"column":4},"end":{"line":65,"column":62}},{"start":{},"end":{}}],"line":65}},"s":{"0":6,"1":6,"2":0,"3":6,"4":6,"5":6,"6":0,"7":6,"8":0,"9":6,"10":14,"11":14,"12":72,"13":14,"14":15,"15":180,"16":0,"17":0,"18":0,"19":0,"20":0,"21":0,"22":16},"f":{"0":6,"1":6,"2":14,"3":72,"4":15,"5":180,"6":0},"b":{"0":[0,6],"1":[0,6],"2":[6,6],"3":[0,6],"4":[0,180],"5":[0,0],"6":[0,0]},"_coverageSchema":"1a1c01bbd47fc00a2c39e90264f33305004495a9","hash":"43625f669dfd38d2ad793f1c6efc8d27468c6792"}
}
