TN:
SF:src\addon-script\index.ts
FN:19,translateText
FN:28,openSelectionAndHotKeyListener
FN:33,closeSelectionAndHotKeyListener
FN:39,(anonymous_3)
FN:40,(anonymous_4)
FN:41,(anonymous_5)
FN:45,(anonymous_6)
FN:46,(anonymous_7)
FN:47,(anonymous_8)
FNF:9
FNH:9
FNDA:6,translateText
FNDA:7,openSelectionAndHotKeyListener
FNDA:1,closeSelectionAndHotKeyListener
FNDA:1,(anonymous_3)
FNDA:1,(anonymous_4)
FNDA:1,(anonymous_5)
FNDA:7,(anonymous_6)
FNDA:7,(anonymous_7)
FNDA:7,(anonymous_8)
DA:13,1
DA:14,1
DA:15,1
DA:16,1
DA:17,1
DA:21,6
DA:22,6
DA:24,6
DA:25,6
DA:29,7
DA:30,7
DA:34,1
DA:35,1
DA:38,1
DA:39,1
DA:40,1
DA:41,1
DA:44,1
DA:45,7
DA:46,7
DA:47,7
LF:21
LH:21
BRDA:22,0,0,0
BRDA:22,0,1,6
BRDA:39,1,0,1
BRDA:39,1,1,0
BRDA:45,2,0,6
BRDA:45,2,1,1
BRF:6
BRH:4
end_of_record
TN:
SF:src\backend-script\anki\utils.ts
FN:105,(anonymous_0)
FN:117,openConfigPage
FN:123,(anonymous_2)
FN:129,handleUserConfigError
FN:138,createSuccessAnkiResponse
FN:149,getConfigName
FN:161,getMediaNames
FN:187,getMediaFields
FN:189,(anonymous_8)
FN:210,getNotMediaFields
FN:212,(anonymous_10)
FNF:11
FNH:2
FNDA:28,(anonymous_0)
FNDA:0,openConfigPage
FNDA:0,(anonymous_2)
FNDA:0,handleUserConfigError
FNDA:28,createSuccessAnkiResponse
FNDA:0,getConfigName
FNDA:0,getMediaNames
FNDA:0,getMediaFields
FNDA:0,(anonymous_8)
FNDA:0,getNotMediaFields
FNDA:0,(anonymous_10)
DA:106,28
DA:107,28
DA:108,28
DA:109,28
DA:118,0
DA:123,0
DA:130,0
DA:131,0
DA:139,28
DA:150,0
DA:155,0
DA:162,0
DA:165,0
DA:171,0
DA:177,0
DA:182,0
DA:188,0
DA:189,0
DA:190,0
DA:196,0
DA:197,0
DA:198,0
DA:203,0
DA:211,0
DA:212,0
DA:213,0
DA:219,0
DA:220,0
DA:221,0
DA:222,0
LF:30
LH:5
BRDA:108,0,0,28
BRDA:108,0,1,0
BRDA:130,1,0,0
BRDA:130,1,1,0
BRDA:190,2,0,0
BRDA:190,2,1,0
BRDA:197,3,0,0
BRDA:197,3,1,0
BRDA:197,4,0,0
BRDA:197,4,1,0
BRDA:213,5,0,0
BRDA:213,5,1,0
BRDA:220,6,0,0
BRDA:220,6,1,0
BRDA:220,7,0,0
BRDA:220,7,1,0
BRF:16
BRH:1
end_of_record
TN:
SF:src\events\CursorListener.ts
FN:11,(anonymous_0)
FN:15,(anonymous_1)
FN:18,(anonymous_2)
FN:25,(anonymous_3)
FN:32,(anonymous_4)
FN:35,(anonymous_5)
FNF:6
FNH:6
FNDA:4,(anonymous_0)
FNDA:5,(anonymous_1)
FNDA:4,(anonymous_2)
FNDA:6,(anonymous_3)
FNDA:9,(anonymous_4)
FNDA:14,(anonymous_5)
DA:12,4
DA:13,4
DA:15,4
DA:16,5
DA:18,4
DA:19,4
DA:25,4
DA:26,6
DA:32,4
DA:33,9
DA:35,4
DA:36,14
DA:37,14
DA:41,14
LF:14
LH:14
BRF:0
BRH:0
end_of_record
TN:
SF:src\events\HotKeyListener.ts
FN:26,(anonymous_0)
FN:36,(anonymous_1)
FN:40,(anonymous_2)
FN:43,(anonymous_3)
FN:48,(anonymous_4)
FN:70,(anonymous_5)
FN:81,(anonymous_6)
FN:105,(anonymous_7)
FN:148,isText
FNF:9
FNH:9
FNDA:9,(anonymous_0)
FNDA:10,(anonymous_1)
FNDA:16,(anonymous_2)
FNDA:11,(anonymous_3)
FNDA:26,(anonymous_4)
FNDA:140,(anonymous_5)
FNDA:12,(anonymous_6)
FNDA:12,(anonymous_7)
FNDA:12,isText
DA:27,9
DA:28,9
DA:29,9
DA:30,9
DA:31,9
DA:32,9
DA:33,9
DA:36,9
DA:37,10
DA:40,9
DA:41,16
DA:43,9
DA:44,11
DA:45,11
DA:48,9
DA:49,26
DA:50,26
DA:53,16
DA:54,16
DA:56,13
DA:57,12
DA:58,12
DA:59,12
DA:60,12
DA:61,12
DA:71,140
DA:72,140
DA:82,12
DA:83,12
DA:84,12
DA:85,12
DA:87,12
DA:88,12
DA:89,12
DA:90,12
DA:91,12
DA:93,12
DA:94,12
DA:106,12
DA:108,12
DA:109,12
DA:110,12
DA:111,12
DA:112,12
DA:115,12
DA:117,12
DA:118,55
DA:119,55
DA:120,44
DA:122,11
DA:126,12
DA:129,12
DA:130,12
DA:131,73
DA:132,73
DA:133,61
DA:135,12
DA:140,12
DA:141,12
DA:142,12
DA:143,12
DA:144,12
DA:149,12
LF:63
LH:63
BRDA:50,0,0,16
BRDA:50,0,1,10
BRDA:50,1,0,26
BRDA:50,1,1,26
BRDA:54,2,0,3
BRDA:54,2,1,13
BRDA:54,3,0,16
BRDA:54,3,1,16
BRDA:56,4,0,1
BRDA:56,4,1,12
BRDA:60,5,0,0
BRDA:60,5,1,12
BRDA:71,6,0,0
BRDA:71,6,1,140
BRDA:83,7,0,0
BRDA:83,7,1,12
BRDA:85,8,0,0
BRDA:85,8,1,12
BRDA:88,9,0,0
BRDA:88,9,1,12
BRDA:90,10,0,12
BRDA:90,10,1,0
BRDA:108,11,0,0
BRDA:108,11,1,12
BRDA:115,12,0,0
BRDA:115,12,1,12
BRDA:119,13,0,44
BRDA:119,13,1,11
BRDA:132,14,0,61
BRDA:132,14,1,12
BRF:30
BRH:22
end_of_record
TN:
SF:src\events\Messenger.ts
FN:50,(anonymous_0)
FN:58,(anonymous_1)
FN:62,(anonymous_2)
FN:67,(anonymous_3)
FN:71,(anonymous_4)
FN:93,(anonymous_5)
FN:94,(anonymous_6)
FN:116,(anonymous_7)
FN:123,(anonymous_8)
FN:124,(anonymous_9)
FN:150,(anonymous_10)
FNF:11
FNH:11
FNDA:18,(anonymous_0)
FNDA:19,(anonymous_1)
FNDA:18,(anonymous_2)
FNDA:1,(anonymous_3)
FNDA:352,(anonymous_4)
FNDA:123,(anonymous_5)
FNDA:42,(anonymous_6)
FNDA:109,(anonymous_7)
FNDA:50,(anonymous_8)
FNDA:54,(anonymous_9)
FNDA:180,(anonymous_10)
DA:8,3
DA:42,3
DA:51,18
DA:52,18
DA:53,18
DA:54,18
DA:55,18
DA:56,18
DA:58,18
DA:59,19
DA:60,19
DA:62,18
DA:63,18
DA:64,18
DA:67,18
DA:68,1
DA:71,18
DA:72,352
DA:73,352
DA:74,352
DA:76,352
DA:77,352
DA:80,352
DA:82,311
DA:83,41
DA:84,41
DA:85,41
DA:88,270
DA:93,270
DA:94,123
DA:95,42
DA:97,42
DA:117,109
DA:118,109
DA:119,61
DA:121,48
DA:123,109
DA:124,50
DA:125,54
DA:151,180
DA:153,180
DA:164,180
DA:165,180
DA:166,180
DA:170,180
DA:171,42
DA:174,180
DA:175,41
DA:176,41
DA:177,41
DA:178,41
DA:180,180
LF:52
LH:52
BRDA:76,0,0,0
BRDA:76,0,1,352
BRDA:77,1,0,189
BRDA:77,1,1,163
BRDA:80,2,0,41
BRDA:80,2,1,311
BRDA:80,3,0,352
BRDA:80,3,1,82
BRDA:82,4,0,41
BRDA:82,4,1,270
BRDA:82,5,0,311
BRDA:82,5,1,41
BRDA:89,6,0,270
BRDA:89,6,1,124
BRDA:95,7,0,42
BRDA:95,7,1,0
BRDA:118,8,0,61
BRDA:118,8,1,48
BRDA:170,9,0,42
BRDA:170,9,1,138
BRDA:174,10,0,41
BRDA:174,10,1,139
BRF:22
BRH:20
end_of_record
TN:
SF:src\events\SearchListener.ts
FN:12,(anonymous_0)
FN:17,(anonymous_1)
FN:21,(anonymous_2)
FN:29,createSearchBar
FN:96,(anonymous_4)
FN:106,(anonymous_5)
FN:110,openSearchBar
FNF:7
FNH:7
FNDA:4,(anonymous_0)
FNDA:5,(anonymous_1)
FNDA:5,(anonymous_2)
FNDA:4,createSearchBar
FNDA:6,(anonymous_4)
FNDA:1,(anonymous_5)
FNDA:3,openSearchBar
DA:5,3
DA:6,3
DA:7,3
DA:13,4
DA:14,4
DA:15,4
DA:17,4
DA:18,5
DA:21,4
DA:22,5
DA:31,4
DA:32,4
DA:34,4
DA:35,4
DA:36,4
DA:90,4
DA:91,4
DA:92,4
DA:95,4
DA:96,4
DA:97,6
DA:98,6
DA:99,6
DA:100,4
DA:101,4
DA:103,4
DA:106,4
DA:107,1
DA:108,1
DA:111,3
DA:112,3
DA:113,3
DA:115,4
LF:33
LH:33
BRDA:99,0,0,2
BRDA:99,0,1,4
BRDA:101,1,0,4
BRDA:101,1,1,0
BRF:4
BRH:3
end_of_record
TN:
SF:src\events\SelectionListener.ts
FN:10,(anonymous_0)
FN:14,(anonymous_1)
FN:18,(anonymous_2)
FN:22,(anonymous_3)
FN:27,(anonymous_4)
FN:31,(anonymous_5)
FN:40,(anonymous_6)
FNF:7
FNH:7
FNDA:9,(anonymous_0)
FNDA:9,(anonymous_1)
FNDA:40,(anonymous_2)
FNDA:14,(anonymous_3)
FNDA:64,(anonymous_4)
FNDA:64,(anonymous_5)
FNDA:64,(anonymous_6)
DA:6,9
DA:8,9
DA:11,9
DA:14,9
DA:15,9
DA:18,9
DA:19,40
DA:20,40
DA:22,9
DA:23,14
DA:24,14
DA:27,9
DA:28,64
DA:31,9
DA:32,64
DA:40,9
DA:41,64
DA:42,0
DA:43,0
DA:45,64
DA:46,64
DA:47,64
DA:48,20
DA:49,20
DA:51,20
DA:53,14
DA:55,14
DA:56,13
LF:28
LH:26
BRDA:41,0,0,0
BRDA:41,0,1,64
BRDA:47,1,0,44
BRDA:47,1,1,20
BRDA:51,2,0,14
BRDA:51,2,1,6
BRDA:51,3,0,20
BRDA:51,3,1,19
BRDA:53,4,0,6
BRDA:53,4,1,8
BRDA:53,5,0,14
BRDA:53,5,1,14
BRDA:55,6,0,1
BRDA:55,6,1,13
BRF:14
BRH:13
end_of_record
TN:
SF:src\events\index.ts
FNF:0
FNH:0
LF:0
LH:0
BRF:0
BRH:0
end_of_record
TN:
SF:src\events\utils.ts
FN:6,getSelectionText
FN:17,getRangeFromPoint
FN:38,isSearchContainer
FN:43,attachSymbolForSearchContainer
FN:48,getModifyUserSelectOfMethod
FN:51,(anonymous_5)
FN:59,(anonymous_6)
FN:60,(anonymous_7)
FN:68,isContentEditable
FNF:9
FNH:8
FNDA:77,getSelectionText
FNDA:0,getRangeFromPoint
FNDA:28,isSearchContainer
FNDA:7,attachSymbolForSearchContainer
FNDA:10,getModifyUserSelectOfMethod
FNDA:15,(anonymous_5)
FNDA:12,(anonymous_6)
FNDA:10,(anonymous_7)
FNDA:30,isContentEditable
DA:7,77
DA:8,77
DA:18,0
DA:19,0
DA:22,0
DA:24,0
DA:25,0
DA:26,0
DA:27,0
DA:28,0
DA:29,0
DA:32,0
DA:34,0
DA:37,6
DA:39,28
DA:40,28
DA:44,7
DA:49,10
DA:50,10
DA:51,10
DA:52,15
DA:53,11
DA:54,11
DA:55,11
DA:56,11
DA:59,10
DA:60,12
DA:61,10
DA:63,12
DA:65,10
DA:69,30
DA:70,30
DA:71,24
DA:72,21
LF:34
LH:23
BRDA:18,0,0,0
BRDA:18,0,1,0
BRDA:22,1,0,0
BRDA:22,1,1,0
BRDA:25,2,0,0
BRDA:25,2,1,0
BRDA:39,3,0,0
BRDA:39,3,1,28
BRDA:52,4,0,11
BRDA:52,4,1,4
BRDA:70,5,0,6
BRDA:70,5,1,24
BRDA:71,6,0,3
BRDA:71,6,1,21
BRDA:71,7,0,24
BRDA:71,7,1,24
BRF:16
BRH:9
end_of_record
TN:
SF:src\extensions-apis\browserAction.api.ts
FN:1,setBadgeText
FNF:1
FNH:0
FNDA:0,setBadgeText
DA:2,0
LF:1
LH:0
BRF:0
BRH:0
end_of_record
TN:
SF:src\extensions-apis\commands.api.ts
FN:7,(anonymous_0)
FN:9,(anonymous_1)
FN:16,StrictOnCommand
FN:20,(anonymous_3)
FN:24,(anonymous_4)
FNF:5
FNH:0
FNDA:0,(anonymous_0)
FNDA:0,(anonymous_1)
FNDA:0,StrictOnCommand
FNDA:0,(anonymous_3)
FNDA:0,(anonymous_4)
DA:7,11
DA:9,0
DA:10,0
DA:11,0
DA:15,11
DA:16,11
DA:17,0
DA:18,0
DA:19,0
DA:20,0
DA:21,0
DA:24,0
DA:25,0
DA:26,0
LF:14
LH:3
BRDA:15,0,0,11
BRDA:15,0,1,0
BRDA:18,1,0,0
BRDA:18,1,1,0
BRDA:21,2,0,0
BRDA:21,2,1,0
BRF:6
BRH:1
end_of_record
TN:
SF:src\extensions-apis\contextMenus.api.ts
FN:1,addContextMenuItem
FN:5,onContextMenuClick
FNF:2
FNH:0
FNDA:0,addContextMenuItem
FNDA:0,onContextMenuClick
DA:2,0
DA:6,0
LF:2
LH:0
BRF:0
BRH:0
end_of_record
TN:
SF:src\extensions-apis\index.ts
FNF:0
FNH:0
LF:0
LH:0
BRF:0
BRH:0
end_of_record
TN:
SF:src\extensions-apis\runtime.api.ts
FN:31,_sendMessage
FN:32,(anonymous_1)
FN:33,(anonymous_2)
FN:48,postBackend
FN:53,postOptionsPage
FN:58,onMessage
FN:59,(anonymous_6)
FN:63,(anonymous_7)
FN:67,(anonymous_8)
FN:75,getURL
FN:79,openOptionsPage
FNF:11
FNH:0
FNDA:0,_sendMessage
FNDA:0,(anonymous_1)
FNDA:0,(anonymous_2)
FNDA:0,postBackend
FNDA:0,postOptionsPage
FNDA:0,onMessage
FNDA:0,(anonymous_6)
FNDA:0,(anonymous_7)
FNDA:0,(anonymous_8)
FNDA:0,getURL
FNDA:0,openOptionsPage
DA:32,0
DA:33,0
DA:34,0
DA:49,0
DA:54,0
DA:59,0
DA:61,0
DA:62,0
DA:64,0
DA:65,0
DA:68,0
DA:69,0
DA:71,0
DA:76,0
DA:80,0
LF:15
LH:0
BRDA:68,0,0,0
BRDA:68,0,1,0
BRF:2
BRH:0
end_of_record
TN:
SF:src\extensions-apis\storage.api.ts
FN:188,handlerIsArray
FN:194,getStorage
FN:197,(anonymous_2)
FN:199,(anonymous_3)
FN:213,getStorageItems
FN:214,(anonymous_5)
FN:227,onStorageChange
FN:228,(anonymous_7)
FN:230,(anonymous_8)
FN:245,(anonymous_9)
FN:250,setStorage
FNF:11
FNH:0
FNDA:0,handlerIsArray
FNDA:0,getStorage
FNDA:0,(anonymous_2)
FNDA:0,(anonymous_3)
FNDA:0,getStorageItems
FNDA:0,(anonymous_5)
FNDA:0,onStorageChange
FNDA:0,(anonymous_7)
FNDA:0,(anonymous_8)
FNDA:0,(anonymous_9)
FNDA:0,setStorage
DA:88,11
DA:189,0
DA:195,0
DA:196,0
DA:197,0
DA:198,0
DA:199,0
DA:200,0
DA:201,0
DA:202,0
DA:204,0
DA:209,0
DA:214,0
DA:215,0
DA:228,0
DA:230,0
DA:231,0
DA:232,0
DA:238,0
DA:240,0
DA:244,0
DA:245,0
DA:246,0
DA:251,0
LF:24
LH:1
BRDA:195,0,0,0
BRDA:195,0,1,0
BRDA:198,1,0,0
BRDA:198,1,1,0
BRDA:202,2,0,0
BRDA:202,2,1,0
BRDA:209,3,0,0
BRDA:209,3,1,0
BRDA:232,4,0,0
BRDA:232,4,1,0
BRF:10
BRH:0
end_of_record
TN:
SF:src\extensions-apis\tabs.api.ts
FN:10,postFrontend
FN:11,(anonymous_1)
FN:12,(anonymous_2)
FN:13,(anonymous_3)
FN:15,(anonymous_4)
FN:23,executeScript
FNF:6
FNH:0
FNDA:0,postFrontend
FNDA:0,(anonymous_1)
FNDA:0,(anonymous_2)
FNDA:0,(anonymous_3)
FNDA:0,(anonymous_4)
FNDA:0,executeScript
DA:11,0
DA:12,0
DA:13,0
DA:14,0
DA:15,0
DA:16,0
DA:24,0
LF:7
LH:0
BRDA:14,0,0,0
BRDA:14,0,1,0
BRF:2
BRH:0
end_of_record
TN:
SF:src\options-page\fields.ts
FNF:0
FNH:0
DA:9,5
DA:25,5
DA:40,5
DA:46,5
DA:52,5
DA:57,5
DA:58,5
DA:59,5
DA:60,5
DA:61,5
DA:62,5
LF:11
LH:11
BRDA:57,0,0,5
BRDA:57,0,1,0
BRF:2
BRH:1
end_of_record
TN:
SF:src\options-page\components\Select.tsx
FN:14,Options
FN:20,(anonymous_1)
FN:40,Select
FNF:3
FNH:3
FNDA:75,Options
FNDA:181,(anonymous_1)
FNDA:75,Select
DA:15,75
DA:16,75
DA:21,181
DA:40,4
DA:41,75
DA:42,75
DA:43,75
DA:44,75
DA:45,47
DA:47,28
DA:49,75
DA:50,75
LF:12
LH:12
BRDA:19,0,0,75
BRDA:19,0,1,75
BRDA:43,1,0,75
BRDA:43,1,1,37
BRDA:44,2,0,47
BRDA:44,2,1,28
BRDA:56,3,0,75
BRDA:56,3,1,33
BRDA:67,4,0,3
BRDA:67,4,1,72
BRDA:67,5,0,75
BRDA:67,5,1,33
BRDA:71,6,0,75
BRDA:71,6,1,5
BRF:14
BRH:14
end_of_record
TN:
SF:src\options-page\components\AnkiConfig\DeckOrModel.tsx
FN:24,DeckOrModel
FN:42,(anonymous_1)
FN:47,(anonymous_2)
FN:48,(anonymous_3)
FN:53,(anonymous_4)
FNF:5
FNH:5
FNDA:12,DeckOrModel
FNDA:36,(anonymous_1)
FNDA:36,(anonymous_2)
FNDA:8,(anonymous_3)
FNDA:2,(anonymous_4)
DA:24,2
DA:28,12
DA:29,12
DA:31,12
DA:32,12
DA:33,12
DA:34,6
DA:35,6
DA:37,12
DA:38,6
DA:39,6
DA:42,36
DA:43,12
DA:44,12
DA:45,12
DA:47,36
DA:48,12
DA:49,8
DA:52,12
DA:54,2
DA:65,12
LF:21
LH:21
BRDA:33,0,0,6
BRDA:33,0,1,6
BRDA:37,1,0,6
BRDA:37,1,1,6
BRF:4
BRH:4
end_of_record
TN:
SF:src\options-page\components\AnkiConfig\ModelFields.tsx
FN:16,ModelFields
FN:21,(anonymous_1)
FN:22,(anonymous_2)
FN:31,(anonymous_3)
FN:41,(anonymous_4)
FN:54,(anonymous_5)
FN:72,(anonymous_6)
FNF:7
FNH:7
FNDA:12,ModelFields
FNDA:30,(anonymous_1)
FNDA:30,(anonymous_2)
FNDA:4,(anonymous_3)
FNDA:55,(anonymous_4)
FNDA:3,(anonymous_5)
FNDA:3,(anonymous_6)
DA:16,2
DA:19,12
DA:20,12
DA:21,30
DA:22,30
DA:23,12
DA:24,12
DA:26,12
DA:27,12
DA:28,12
DA:30,12
DA:31,12
DA:32,4
DA:39,12
DA:43,55
DA:44,55
DA:55,3
DA:73,3
LF:18
LH:18
BRF:0
BRH:0
end_of_record
TN:
SF:src\options-page\components\AnkiConfig\TagsInput.tsx
FN:18,TagsInput
FN:23,(anonymous_1)
FN:24,(anonymous_2)
FN:29,(anonymous_3)
FNF:4
FNH:4
FNDA:11,TagsInput
FNDA:27,(anonymous_1)
FNDA:4,(anonymous_2)
FNDA:7,(anonymous_3)
DA:18,2
DA:21,11
DA:22,11
DA:23,27
DA:24,11
DA:25,4
DA:28,11
DA:30,7
DA:41,11
DA:42,11
LF:10
LH:10
BRF:0
BRH:0
end_of_record
TN:
SF:src\options-page\components\AnkiConfig\index.tsx
FN:20,AnkiConfig
FN:23,(anonymous_1)
FN:27,(anonymous_2)
FNF:3
FNH:3
FNDA:3,AnkiConfig
FNDA:12,(anonymous_1)
FNDA:3,(anonymous_2)
DA:21,3
DA:22,3
DA:23,12
DA:25,3
DA:27,3
DA:28,3
DA:35,3
LF:7
LH:7
BRF:0
BRH:0
end_of_record
TN:
SF:src\options-page\components\BasisConfig\ConnectionMethod.tsx
FN:13,ConnectionMethod
FN:15,(anonymous_1)
FN:17,(anonymous_2)
FN:31,(anonymous_3)
FNF:4
FNH:3
FNDA:1,ConnectionMethod
FNDA:4,(anonymous_1)
FNDA:1,(anonymous_2)
FNDA:0,(anonymous_3)
DA:13,1
DA:14,1
DA:15,4
DA:17,1
DA:18,1
DA:20,1
DA:21,1
DA:31,0
LF:8
LH:7
BRF:0
BRH:0
end_of_record
TN:
SF:src\options-page\components\BasisConfig\ConnectionURL.tsx
FN:15,ConnectionURL
FN:18,(anonymous_1)
FN:20,(anonymous_2)
FN:25,(anonymous_3)
FN:37,(anonymous_4)
FN:61,(anonymous_5)
FNF:6
FNH:6
FNDA:21,ConnectionURL
FNDA:43,(anonymous_1)
FNDA:2,(anonymous_2)
FNDA:18,(anonymous_3)
FNDA:1,(anonymous_4)
FNDA:2,(anonymous_5)
DA:15,2
DA:16,21
DA:17,21
DA:18,43
DA:20,21
DA:21,2
DA:24,21
DA:26,18
DA:36,21
DA:38,1
DA:46,21
DA:47,21
DA:62,2
LF:13
LH:13
BRF:0
BRH:0
end_of_record
TN:
SF:src\options-page\components\BasisConfig\index.tsx
FN:14,BasisConfig
FNF:1
FNH:1
FNDA:1,BasisConfig
DA:15,1
LF:1
LH:1
BRF:0
BRH:0
end_of_record
TN:
SF:src\options-page\components\ConfigTabs\index.tsx
FN:17,ConfigTabs
FN:18,(anonymous_1)
FN:20,(anonymous_2)
FN:22,(anonymous_3)
FN:28,(anonymous_4)
FN:47,(anonymous_5)
FN:51,(anonymous_6)
FNF:7
FNH:6
FNDA:4,ConfigTabs
FNDA:7,(anonymous_1)
FNDA:1,(anonymous_2)
FNDA:3,(anonymous_3)
FNDA:1,(anonymous_4)
FNDA:0,(anonymous_5)
FNDA:4,(anonymous_6)
DA:17,1
DA:18,7
DA:19,4
DA:20,4
DA:21,1
DA:23,3
DA:28,4
DA:29,1
DA:47,4
DA:48,0
DA:51,4
DA:52,4
DA:62,4
LF:13
LH:12
BRF:0
BRH:0
end_of_record
TN:
SF:src\options-page\components\Footer\index.tsx
FN:13,Footer
FN:15,(anonymous_1)
FN:23,(anonymous_2)
FN:27,(anonymous_3)
FN:35,(anonymous_4)
FN:39,(anonymous_5)
FN:40,(anonymous_6)
FNF:7
FNH:7
FNDA:13,Footer
FNDA:17,(anonymous_1)
FNDA:1,(anonymous_2)
FNDA:1,(anonymous_3)
FNDA:1,(anonymous_4)
FNDA:1,(anonymous_5)
FNDA:1,(anonymous_6)
DA:13,1
DA:14,13
DA:15,17
DA:16,13
DA:18,13
DA:19,13
DA:22,13
DA:23,13
DA:24,1
DA:25,1
DA:26,1
DA:27,1
DA:28,1
DA:29,1
DA:34,13
DA:35,13
DA:36,1
DA:37,1
DA:38,1
DA:39,1
DA:40,1
DA:41,1
DA:46,13
LF:23
LH:23
BRDA:24,0,0,0
BRDA:24,0,1,1
BRDA:36,1,0,0
BRDA:36,1,1,1
BRDA:48,2,0,13
BRDA:48,2,1,11
BRDA:48,2,2,3
BRDA:67,3,0,7
BRDA:67,3,1,6
BRDA:70,4,0,13
BRDA:70,4,1,4
BRF:11
BRH:9
end_of_record
TN:
SF:src\options-page\components\Tabs\Tab.tsx
FN:12,Tab
FNF:1
FNH:1
FNDA:124,Tab
DA:12,2
DA:16,124
DA:17,124
LF:3
LH:3
BRF:0
BRH:0
end_of_record
TN:
SF:src\options-page\components\Tabs\TabPanel.tsx
FN:11,TabPanel
FNF:1
FNH:0
FNDA:0,TabPanel
DA:15,0
LF:1
LH:0
BRF:0
BRH:0
end_of_record
TN:
SF:src\options-page\components\Tabs\index.tsx
FN:21,Tabs
FN:25,(anonymous_1)
FN:35,(anonymous_2)
FN:69,(anonymous_3)
FN:75,(anonymous_4)
FN:84,(anonymous_5)
FN:91,(anonymous_6)
FN:111,createTabsFromChildren
FN:117,(anonymous_8)
FNF:9
FNH:9
FNDA:32,Tabs
FNDA:29,(anonymous_1)
FNDA:41,(anonymous_2)
FNDA:124,(anonymous_3)
FNDA:248,(anonymous_4)
FNDA:25,(anonymous_5)
FNDA:124,(anonymous_6)
FNDA:34,createTabsFromChildren
FNDA:122,(anonymous_8)
DA:22,32
DA:23,32
DA:25,32
DA:26,29
DA:32,32
DA:33,32
DA:34,32
DA:36,41
DA:37,20
DA:38,20
DA:39,20
DA:41,20
DA:42,10
DA:43,10
DA:44,3
DA:47,20
DA:48,10
DA:49,10
DA:50,3
DA:54,20
DA:55,20
DA:56,20
DA:61,32
DA:70,124
DA:71,124
DA:72,124
DA:73,124
DA:76,248
DA:84,25
DA:92,124
DA:93,124
DA:94,124
DA:116,34
DA:117,34
DA:119,122
DA:120,5
DA:123,117
DA:124,5
DA:125,5
DA:128,112
DA:129,0
DA:135,112
DA:141,34
LF:43
LH:42
BRDA:36,0,0,21
BRDA:36,0,1,20
BRDA:36,1,0,41
BRDA:36,1,1,31
BRDA:41,2,0,10
BRDA:41,2,1,10
BRDA:43,3,0,3
BRDA:43,3,1,7
BRDA:47,4,0,10
BRDA:47,4,1,10
BRDA:49,5,0,3
BRDA:49,5,1,7
BRDA:72,6,0,31
BRDA:72,6,1,93
BRDA:82,7,0,31
BRDA:82,7,1,93
BRDA:119,8,0,5
BRDA:119,8,1,117
BRDA:123,9,0,5
BRDA:123,9,1,112
BRDA:128,10,0,0
BRDA:128,10,1,112
BRDA:131,11,0,0
BRDA:131,11,1,0
BRF:24
BRH:21
end_of_record
TN:
SF:src\options-page\components\__tests__\utils\index.tsx
FN:19,getVersion
FN:32,getDeckNames
FN:41,getModelNames
FN:51,getModelFieldNamesBy
FN:109,setAnkiData
FN:113,(anonymous_5)
FN:114,(anonymous_6)
FN:115,(anonymous_7)
FN:140,setSuccessAnkiData
FN:144,setFailureAnkiData
FN:148,waitStoreAsyncUpdate
FN:149,(anonymous_11)
FN:150,(anonymous_12)
FN:151,(anonymous_13)
FN:159,waitMacroTask
FN:160,(anonymous_15)
FN:161,(anonymous_16)
FN:162,(anonymous_17)
FNF:18
FNH:14
FNDA:6,getVersion
FNDA:4,getDeckNames
FNDA:4,getModelNames
FNDA:20,getModelFieldNamesBy
FNDA:6,setAnkiData
FNDA:34,(anonymous_5)
FNDA:34,(anonymous_6)
FNDA:34,(anonymous_7)
FNDA:4,setSuccessAnkiData
FNDA:2,setFailureAnkiData
FNDA:13,waitStoreAsyncUpdate
FNDA:13,(anonymous_11)
FNDA:13,(anonymous_12)
FNDA:13,(anonymous_13)
FNDA:0,waitMacroTask
FNDA:0,(anonymous_15)
FNDA:0,(anonymous_16)
FNDA:0,(anonymous_17)
DA:8,6
DA:9,6
DA:10,6
DA:11,6
DA:13,6
DA:14,6
DA:15,6
DA:16,6
DA:17,6
DA:20,6
DA:33,4
DA:42,4
DA:52,20
DA:53,4
DA:55,16
DA:56,4
DA:73,12
DA:74,4
DA:81,8
DA:82,4
DA:91,4
DA:92,4
DA:113,6
DA:114,34
DA:115,34
DA:116,34
DA:118,6
DA:119,6
DA:122,4
DA:123,4
DA:126,4
DA:127,4
DA:130,20
DA:131,20
DA:137,6
DA:141,4
DA:145,2
DA:149,13
DA:150,13
DA:151,13
DA:152,13
DA:153,13
DA:160,0
DA:161,0
DA:162,0
DA:163,0
LF:46
LH:42
BRDA:20,0,0,4
BRDA:20,0,1,2
BRDA:52,1,0,4
BRDA:52,1,1,16
BRDA:55,2,0,4
BRDA:55,2,1,12
BRDA:73,3,0,4
BRDA:73,3,1,8
BRDA:81,4,0,4
BRDA:81,4,1,4
BRDA:91,5,0,4
BRDA:91,5,1,0
BRDA:116,6,0,6
BRDA:116,6,1,4
BRDA:116,6,2,4
BRDA:116,6,3,20
BRF:16
BRH:15
end_of_record
TN:
SF:src\options-page\features\ankiSlice.ts
FN:26,(anonymous_0)
FN:63,(anonymous_1)
FN:84,(anonymous_2)
FN:85,(anonymous_3)
FNF:4
FNH:4
FNDA:6,(anonymous_0)
FNDA:20,(anonymous_1)
FNDA:6,(anonymous_2)
FNDA:6,(anonymous_3)
DA:9,6
DA:20,6
DA:26,6
DA:27,6
DA:34,6
DA:35,6
DA:36,6
DA:37,2
DA:38,2
DA:40,4
DA:43,4
DA:44,4
DA:46,4
DA:47,0
DA:48,0
DA:50,4
DA:53,4
DA:54,4
DA:55,4
DA:56,0
DA:57,0
DA:59,4
DA:62,4
DA:63,4
DA:64,20
DA:66,4
DA:67,20
DA:68,20
DA:69,20
DA:70,0
DA:71,0
DA:73,20
DA:76,4
DA:77,4
DA:80,6
DA:85,6
DA:86,6
LF:37
LH:31
BRDA:36,0,0,2
BRDA:36,0,1,4
BRDA:46,1,0,0
BRDA:46,1,1,4
BRDA:55,2,0,0
BRDA:55,2,1,4
BRDA:69,3,0,0
BRDA:69,3,1,20
BRF:8
BRH:5
end_of_record
TN:
SF:src\options-page\features\index.ts
FN:17,(anonymous_0)
FNF:1
FNH:1
FNDA:73,(anonymous_0)
DA:6,6
DA:17,73
DA:18,6
LF:3
LH:3
BRF:0
BRH:0
end_of_record
TN:
SF:src\options-page\features\storageSlice.ts
FN:42,(anonymous_0)
FN:57,(anonymous_1)
FN:62,(anonymous_2)
FN:68,(anonymous_3)
FN:72,(anonymous_4)
FN:76,(anonymous_5)
FN:80,(anonymous_6)
FN:81,(anonymous_7)
FNF:8
FNH:8
FNDA:10,(anonymous_0)
FNDA:3,(anonymous_1)
FNDA:3,(anonymous_2)
FNDA:11,(anonymous_3)
FNDA:19,(anonymous_4)
FNDA:3,(anonymous_5)
FNDA:6,(anonymous_6)
FNDA:10,(anonymous_7)
DA:38,6
DA:40,6
DA:42,6
DA:43,10
DA:53,6
DA:58,3
DA:60,3
DA:63,3
DA:65,3
DA:69,11
DA:70,11
DA:73,19
DA:74,19
DA:77,3
DA:81,6
DA:82,10
DA:93,6
LF:17
LH:17
BRF:0
BRH:0
end_of_record
TN:
SF:src\options-page\pure-components\Button.tsx
FN:13,Button
FNF:1
FNH:1
FNDA:19,Button
DA:13,1
DA:14,19
DA:15,19
LF:3
LH:3
BRF:0
BRH:0
end_of_record
TN:
SF:src\options-page\pure-components\Fieldset.tsx
FN:4,Fieldset
FNF:1
FNH:1
FNDA:4,Fieldset
DA:4,1
DA:11,4
DA:12,4
LF:3
LH:3
BRF:0
BRH:0
end_of_record
TN:
SF:src\options-page\pure-components\H3.tsx
FN:12,H3
FNF:1
FNH:1
FNDA:4,H3
DA:12,1
DA:16,4
DA:17,4
LF:3
LH:3
BRF:0
BRH:0
end_of_record
TN:
SF:src\options-page\pure-components\Input.tsx
FN:12,Input
FNF:1
FNH:1
FNDA:32,Input
DA:12,3
DA:16,32
DA:17,32
LF:3
LH:3
BRF:0
BRH:0
end_of_record
TN:
SF:src\options-page\pure-components\Label.tsx
FN:11,Label
FNF:1
FNH:1
FNDA:100,Label
DA:11,5
DA:15,100
DA:16,100
LF:3
LH:3
BRF:0
BRH:0
end_of_record
TN:
SF:src\options-page\pure-components\Select.tsx
FN:13,Select
FNF:1
FNH:1
FNDA:1,Select
DA:13,1
DA:17,1
DA:18,1
LF:3
LH:3
BRF:0
BRH:0
end_of_record
TN:
SF:src\popup-page\HotKeySelect.tsx
FN:5,HotKeySelect
FN:37,(anonymous_1)
FN:42,(anonymous_2)
FNF:3
FNH:3
FNDA:3,HotKeySelect
FNDA:9,(anonymous_1)
FNDA:9,(anonymous_2)
DA:4,1
DA:5,1
DA:9,3
DA:10,3
DA:38,9
DA:42,9
LF:6
LH:6
BRF:0
BRH:0
end_of_record
TN:
SF:src\popup-page\Popup.tsx
FN:28,(anonymous_0)
FN:31,(anonymous_1)
FN:36,(anonymous_2)
FN:37,(anonymous_3)
FN:38,(anonymous_4)
FN:44,(anonymous_5)
FN:45,(anonymous_6)
FN:49,(anonymous_7)
FN:54,(anonymous_8)
FN:58,(anonymous_9)
FN:64,(anonymous_10)
FN:102,Switch
FN:131,Header
FNF:13
FNH:13
FNDA:2,(anonymous_0)
FNDA:2,(anonymous_1)
FNDA:6,(anonymous_2)
FNDA:4,(anonymous_3)
FNDA:6,(anonymous_4)
FNDA:2,(anonymous_5)
FNDA:2,(anonymous_6)
FNDA:2,(anonymous_7)
FNDA:1,(anonymous_8)
FNDA:2,(anonymous_9)
FNDA:9,(anonymous_10)
FNDA:8,Switch
FNDA:2,Header
DA:22,2
DA:29,2
DA:32,2
DA:35,2
DA:36,6
DA:37,4
DA:41,6
DA:44,2
DA:45,2
DA:46,2
DA:49,2
DA:50,2
DA:51,2
DA:52,2
DA:54,2
DA:55,1
DA:56,1
DA:58,2
DA:59,2
DA:60,2
DA:62,2
DA:65,9
DA:71,9
DA:72,9
DA:102,1
DA:108,8
DA:109,8
DA:131,1
DA:134,2
DA:135,2
LF:30
LH:30
BRF:0
BRH:0
end_of_record
TN:
SF:src\popup-page\SwitchButton.tsx
FN:12,SwitchButton
FNF:1
FNH:1
FNDA:8,SwitchButton
DA:13,8
DA:14,8
LF:2
LH:2
BRF:0
BRH:0
end_of_record
TN:
SF:src\translation-page\context.tsx
FNF:0
FNH:0
DA:6,2
DA:7,2
DA:8,2
LF:3
LH:3
BRF:0
BRH:0
end_of_record
TN:
SF:src\translation-page\utils.tsx
FN:43,decodeBTag
FN:46,(anonymous_1)
FN:57,transformWordData
FN:104,transformTranslations
FN:129,transformPhraseData
FN:165,(anonymous_5)
FN:173,(anonymous_6)
FN:177,(anonymous_7)
FN:180,(anonymous_8)
FN:184,(anonymous_9)
FN:187,(anonymous_10)
FN:192,(anonymous_11)
FN:196,(anonymous_12)
FN:201,(anonymous_13)
FN:203,(anonymous_14)
FN:204,(anonymous_15)
FN:214,getDerivedStatusFromResponseStatus
FNF:17
FNH:17
FNDA:57,decodeBTag
FNDA:317,(anonymous_1)
FNDA:10,transformWordData
FNDA:10,transformTranslations
FNDA:4,transformPhraseData
FNDA:88,(anonymous_5)
FNDA:16,(anonymous_6)
FNDA:7,(anonymous_7)
FNDA:9,(anonymous_8)
FNDA:2,(anonymous_9)
FNDA:23,(anonymous_10)
FNDA:18,(anonymous_11)
FNDA:18,(anonymous_12)
FNDA:14,(anonymous_13)
FNDA:13,(anonymous_14)
FNDA:14,(anonymous_15)
FNDA:223,getDerivedStatusFromResponseStatus
DA:44,57
DA:45,57
DA:46,57
DA:47,317
DA:48,317
DA:49,317
DA:50,317
DA:61,10
DA:62,10
DA:70,10
DA:76,10
DA:77,10
DA:78,10
DA:79,10
DA:83,10
DA:98,10
DA:109,10
DA:110,10
DA:112,10
DA:123,10
DA:130,4
DA:131,4
DA:136,4
DA:137,4
DA:166,88
DA:167,88
DA:168,88
DA:169,88
DA:170,88
DA:171,88
DA:174,16
DA:175,16
DA:176,13
DA:177,13
DA:178,13
DA:181,9
DA:182,9
DA:183,5
DA:184,5
DA:185,5
DA:188,23
DA:189,23
DA:190,23
DA:191,23
DA:192,23
DA:193,23
DA:194,23
DA:197,18
DA:198,18
DA:199,18
DA:202,14
DA:203,14
DA:204,13
DA:205,14
DA:218,223
DA:222,99
DA:225,124
DA:226,122
DA:227,119
DA:228,102
DA:231,99
DA:235,99
DA:238,0
LF:63
LH:62
BRDA:48,0,0,130
BRDA:48,0,1,187
BRDA:76,1,0,10
BRDA:76,1,1,0
BRDA:136,2,0,0
BRDA:136,2,1,4
BRDA:165,3,0,0
BRDA:175,4,0,3
BRDA:175,4,1,13
BRDA:182,5,0,4
BRDA:182,5,1,5
BRDA:218,6,0,99
BRDA:218,6,1,124
BRDA:219,7,0,223
BRDA:219,7,1,223
BRDA:225,8,0,2
BRDA:225,8,1,122
BRDA:226,9,0,3
BRDA:226,9,1,119
BRDA:227,10,0,17
BRDA:227,10,1,102
BRDA:228,11,0,3
BRDA:228,11,1,99
BRDA:231,12,0,99
BRDA:231,12,1,0
BRDA:232,13,0,99
BRDA:232,13,1,99
BRF:27
BRH:23
end_of_record
TN:
SF:src\translation-page\components\AnkiButton.tsx
FN:17,AnkiButton
FN:22,(anonymous_1)
FN:25,(anonymous_2)
FN:60,Button
FNF:4
FNH:4
FNDA:119,AnkiButton
FNDA:28,(anonymous_1)
FNDA:3,(anonymous_2)
FNDA:119,Button
DA:17,1
DA:18,119
DA:19,119
DA:23,28
DA:24,1
DA:26,3
DA:29,1
DA:30,1
DA:32,27
DA:60,1
DA:67,119
DA:68,119
LF:12
LH:12
BRDA:23,0,0,1
BRDA:23,0,1,27
BRDA:23,1,0,28
BRDA:23,1,1,1
BRDA:49,2,0,119
BRDA:49,2,1,95
BRF:6
BRH:6
end_of_record
TN:
SF:src\translation-page\components\AudioButton.tsx
FN:20,AudioButton
FN:24,(anonymous_1)
FN:41,(anonymous_2)
FNF:3
FNH:3
FNDA:41,AudioButton
FNDA:7,(anonymous_1)
FNDA:10,(anonymous_2)
DA:21,41
DA:22,41
DA:23,41
DA:24,41
DA:25,7
DA:26,7
DA:28,7
DA:29,7
DA:30,7
DA:33,7
DA:34,7
DA:39,41
DA:42,10
DA:49,41
LF:14
LH:14
BRDA:26,0,0,0
BRDA:26,0,1,7
BRDA:29,1,0,7
BRDA:29,1,1,0
BRF:4
BRH:2
end_of_record
TN:
SF:src\translation-page\components\DisplayContainer.tsx
FN:38,DisplayContainer
FN:56,(anonymous_1)
FN:63,(anonymous_2)
FN:92,(anonymous_3)
FN:98,(anonymous_4)
FN:106,useAnki
FN:121,(anonymous_6)
FN:129,(anonymous_7)
FN:135,(anonymous_8)
FN:149,(anonymous_9)
FN:151,(anonymous_10)
FN:166,(anonymous_11)
FN:168,(anonymous_12)
FNF:13
FNH:13
FNDA:85,DisplayContainer
FNDA:7,(anonymous_1)
FNDA:5,(anonymous_2)
FNDA:3,(anonymous_3)
FNDA:12,(anonymous_4)
FNDA:85,useAnki
FNDA:27,(anonymous_6)
FNDA:27,(anonymous_7)
FNDA:23,(anonymous_8)
FNDA:3,(anonymous_9)
FNDA:3,(anonymous_10)
FNDA:20,(anonymous_11)
FNDA:20,(anonymous_12)
DA:47,85
DA:49,85
DA:55,85
DA:57,7
DA:58,7
DA:62,85
DA:64,5
DA:70,85
DA:71,12
DA:77,73
DA:92,3
DA:98,12
DA:113,85
DA:114,85
DA:115,85
DA:116,85
DA:121,85
DA:122,27
DA:123,27
DA:124,25
DA:125,23
DA:128,85
DA:131,27
DA:132,27
DA:133,27
DA:134,27
DA:135,23
DA:136,23
DA:137,23
DA:147,23
DA:148,23
DA:149,3
DA:150,3
DA:151,3
DA:152,3
DA:153,3
DA:166,20
DA:167,20
DA:168,20
DA:169,20
DA:170,20
DA:184,85
LF:42
LH:42
BRDA:70,0,0,12
BRDA:70,0,1,73
BRDA:79,1,0,73
BRDA:79,1,1,4
BRDA:80,2,0,73
BRDA:80,2,1,33
BRDA:88,3,0,73
BRDA:88,3,1,13
BRDA:95,4,0,73
BRDA:95,4,1,23
BRDA:123,5,0,2
BRDA:123,5,1,25
BRDA:124,6,0,2
BRDA:124,6,1,23
BRDA:134,7,0,4
BRDA:134,7,1,23
BRDA:148,8,0,3
BRDA:148,8,1,20
BRDA:157,9,0,3
BRDA:157,9,1,2
BRDA:174,10,0,20
BRDA:174,10,1,15
BRF:22
BRH:22
end_of_record
TN:
SF:src\translation-page\components\Error.tsx
FN:15,Error
FN:23,PossibleSpelling
FN:30,(anonymous_2)
FN:35,(anonymous_3)
FN:48,TranslationAgain
FN:68,(anonymous_5)
FN:71,(anonymous_6)
FNF:7
FNH:7
FNDA:4,Error
FNDA:2,PossibleSpelling
FNDA:4,(anonymous_2)
FNDA:2,(anonymous_3)
FNDA:3,TranslationAgain
FNDA:1,(anonymous_5)
FNDA:1,(anonymous_6)
DA:15,1
DA:16,4
DA:17,4
DA:18,2
DA:20,2
DA:24,2
DA:25,2
DA:26,2
DA:31,4
DA:36,2
DA:49,3
DA:50,3
DA:51,3
DA:52,3
DA:69,1
DA:70,1
DA:71,1
DA:72,1
DA:75,1
LF:19
LH:19
BRDA:17,0,0,2
BRDA:17,0,1,2
BRDA:64,1,0,3
BRDA:64,1,1,1
BRDA:65,2,0,3
BRDA:65,2,1,3
BRDA:69,3,0,0
BRDA:69,3,1,1
BRF:8
BRH:7
end_of_record
TN:
SF:src\translation-page\components\HistoryContainer.tsx
FN:72,HistoryContainer
FN:92,(anonymous_1)
FN:110,(anonymous_2)
FN:124,(anonymous_3)
FN:138,(anonymous_4)
FN:147,(anonymous_5)
FN:156,(anonymous_6)
FN:172,(anonymous_7)
FN:179,(anonymous_8)
FN:180,(anonymous_9)
FN:197,(anonymous_10)
FN:218,(anonymous_11)
FN:219,(anonymous_12)
FN:228,(anonymous_13)
FN:229,(anonymous_14)
FN:245,(anonymous_15)
FN:246,(anonymous_16)
FN:247,(anonymous_17)
FN:248,(anonymous_18)
FN:258,(anonymous_19)
FN:259,(anonymous_20)
FN:260,(anonymous_21)
FN:268,(anonymous_22)
FN:269,(anonymous_23)
FN:270,(anonymous_24)
FN:279,(anonymous_25)
FN:286,(anonymous_26)
FN:294,(anonymous_27)
FNF:28
FNH:28
FNDA:86,HistoryContainer
FNDA:12,(anonymous_1)
FNDA:15,(anonymous_2)
FNDA:24,(anonymous_3)
FNDA:2,(anonymous_4)
FNDA:7,(anonymous_5)
FNDA:17,(anonymous_6)
FNDA:15,(anonymous_7)
FNDA:10,(anonymous_8)
FNDA:25,(anonymous_9)
FNDA:17,(anonymous_10)
FNDA:12,(anonymous_11)
FNDA:22,(anonymous_12)
FNDA:27,(anonymous_13)
FNDA:26,(anonymous_14)
FNDA:12,(anonymous_15)
FNDA:17,(anonymous_16)
FNDA:17,(anonymous_17)
FNDA:17,(anonymous_18)
FNDA:12,(anonymous_19)
FNDA:7,(anonymous_20)
FNDA:7,(anonymous_21)
FNDA:12,(anonymous_22)
FNDA:3,(anonymous_23)
FNDA:2,(anonymous_24)
FNDA:36,(anonymous_25)
FNDA:36,(anonymous_26)
FNDA:82,(anonymous_27)
DA:49,2
DA:82,86
DA:84,86
DA:87,86
DA:89,86
DA:90,86
DA:92,86
DA:93,12
DA:97,86
DA:110,86
DA:111,15
DA:112,15
DA:117,15
DA:123,86
DA:125,24
DA:126,24
DA:128,24
DA:129,24
DA:130,24
DA:138,86
DA:139,2
DA:140,2
DA:141,2
DA:147,86
DA:148,7
DA:149,7
DA:150,7
DA:156,86
DA:157,17
DA:163,17
DA:164,8
DA:170,17
DA:172,5
DA:173,15
DA:178,5
DA:179,5
DA:180,10
DA:181,25
DA:186,17
DA:196,86
DA:198,17
DA:199,17
DA:201,9
DA:202,8
DA:204,2
DA:206,6
DA:207,6
DA:210,17
DA:218,86
DA:219,12
DA:220,22
DA:227,86
DA:229,27
DA:230,26
DA:231,26
DA:233,27
DA:234,4
DA:235,4
DA:237,23
DA:245,86
DA:246,12
DA:247,17
DA:248,17
DA:249,17
DA:258,86
DA:259,12
DA:260,7
DA:261,7
DA:268,86
DA:269,12
DA:270,3
DA:271,2
DA:279,86
DA:280,36
DA:286,86
DA:287,36
DA:288,36
DA:294,86
DA:295,82
DA:296,57
DA:297,57
DA:301,86
LF:82
LH:82
BRDA:141,0,0,1
BRDA:141,0,1,1
BRDA:150,1,0,6
BRDA:150,1,1,1
BRDA:163,2,0,8
BRDA:163,2,1,9
BRDA:163,3,0,17
BRDA:163,3,1,14
BRDA:170,4,0,5
BRDA:170,4,1,12
BRDA:178,5,0,5
BRDA:178,5,1,0
BRDA:199,6,0,9
BRDA:199,6,1,8
BRDA:202,7,0,2
BRDA:202,7,1,6
BRDA:202,8,0,8
BRDA:202,8,1,2
BRDA:233,9,0,4
BRDA:233,9,1,23
BRDA:295,10,0,57
BRDA:295,10,1,25
BRDA:303,11,0,86
BRDA:303,11,1,9
BRF:24
BRH:23
end_of_record
TN:
SF:src\translation-page\components\Loading.tsx
FN:7,Loading
FNF:1
FNH:1
FNDA:6,Loading
DA:7,3
DA:11,6
DA:12,6
LF:3
LH:3
BRF:0
BRH:0
end_of_record
TN:
SF:src\translation-page\components\Phrase.tsx
FN:23,Phrase
FN:53,Translations
FN:59,(anonymous_2)
FN:66,ExampleSentences
FN:72,(anonymous_4)
FNF:5
FNH:5
FNDA:13,Phrase
FNDA:6,Translations
FNDA:6,(anonymous_2)
FNDA:6,ExampleSentences
FNDA:18,(anonymous_4)
DA:31,13
DA:32,13
DA:53,1
DA:56,6
DA:57,6
DA:60,6
DA:66,1
DA:69,6
DA:70,6
DA:73,18
LF:10
LH:10
BRDA:46,0,0,13
BRDA:46,0,1,13
BRF:2
BRH:2
end_of_record
TN:
SF:src\translation-page\components\Sentence.tsx
FN:19,Sentence
FNF:1
FNH:1
FNDA:23,Sentence
DA:26,23
DA:28,23
LF:2
LH:2
BRF:0
BRH:0
end_of_record
TN:
SF:src\translation-page\components\View.tsx
FN:23,(anonymous_0)
FN:28,(anonymous_1)
FN:38,switchSelection
FN:41,(anonymous_3)
FN:45,(anonymous_4)
FN:50,View
FN:54,(anonymous_6)
FN:55,(anonymous_7)
FN:60,(anonymous_8)
FN:65,(anonymous_9)
FNF:10
FNH:10
FNDA:2,(anonymous_0)
FNDA:1,(anonymous_1)
FNDA:30,switchSelection
FNDA:15,(anonymous_3)
FNDA:15,(anonymous_4)
FNDA:24,View
FNDA:12,(anonymous_6)
FNDA:13,(anonymous_7)
FNDA:12,(anonymous_8)
FNDA:86,(anonymous_9)
DA:16,1
DA:18,1
DA:20,1
DA:21,1
DA:23,1
DA:24,2
DA:28,1
DA:29,1
DA:30,1
DA:36,1
DA:37,1
DA:39,30
DA:41,1
DA:42,15
DA:43,15
DA:45,1
DA:46,15
DA:47,15
DA:51,24
DA:54,24
DA:55,12
DA:56,13
DA:60,24
DA:61,12
DA:66,86
DA:73,24
LF:26
LH:26
BRDA:39,0,0,25
BRDA:39,0,1,5
BRDA:39,1,0,30
BRDA:39,1,1,26
BRF:4
BRH:4
end_of_record
TN:
SF:src\translation-page\components\Word.tsx
FN:33,Word
FN:72,WordAndStar
FN:87,Phonetic
FN:92,(anonymous_3)
FN:93,(anonymous_4)
FN:117,TranslationList
FN:125,(anonymous_6)
FN:147,Explanation
FN:170,(anonymous_8)
FN:179,ExampleSentences
FN:185,(anonymous_10)
FN:204,PartOfSpeech
FN:215,Translations
FN:223,(anonymous_13)
FN:238,TranslationLi
FN:255,(anonymous_15)
FN:262,TranslationsLi
FN:277,(anonymous_17)
FNF:18
FNH:16
FNDA:33,Word
FNDA:5,WordAndStar
FNDA:10,Phonetic
FNDA:0,(anonymous_3)
FNDA:0,(anonymous_4)
FNDA:21,TranslationList
FNDA:63,(anonymous_6)
FNDA:38,Explanation
FNDA:7,(anonymous_8)
FNDA:24,ExampleSentences
FNDA:56,(anonymous_10)
FNDA:40,PartOfSpeech
FNDA:31,Translations
FNDA:62,(anonymous_13)
FNDA:45,TranslationLi
FNDA:5,(anonymous_15)
FNDA:24,TranslationsLi
FNDA:61,(anonymous_17)
DA:43,33
DA:45,33
DA:72,1
DA:76,5
DA:77,5
DA:87,1
DA:91,10
DA:92,10
DA:93,10
DA:94,0
DA:96,10
DA:117,1
DA:122,21
DA:123,21
DA:126,63
DA:127,63
DA:147,1
DA:162,38
DA:163,38
DA:165,38
DA:170,7
DA:179,1
DA:182,24
DA:183,24
DA:187,56
DA:188,56
DA:204,1
DA:207,40
DA:208,40
DA:215,1
DA:220,31
DA:221,31
DA:224,62
DA:238,1
DA:246,45
DA:247,45
DA:255,5
DA:262,1
DA:273,24
DA:274,24
DA:278,61
LF:41
LH:40
BRDA:54,0,0,33
BRDA:54,0,1,33
BRDA:61,1,0,33
BRDA:61,1,1,33
BRDA:99,2,0,10
BRDA:99,2,1,0
BRDA:137,3,0,63
BRDA:137,3,1,63
BRDA:174,4,0,38
BRDA:174,4,1,35
BRDA:194,5,0,56
BRDA:194,5,1,49
BRDA:249,6,0,45
BRDA:249,6,1,45
BRF:14
BRH:13
end_of_record
TN:
SF:src\utils\command.ts
FNF:0
FNH:0
LF:0
LH:0
BRF:0
BRH:0
end_of_record
TN:
SF:src\utils\tools.ts
FN:8,validateText
FN:15,(anonymous_1)
FN:32,pick
FN:37,(anonymous_3)
FN:49,pickEntry
FN:59,invariant
FN:63,warning
FNF:7
FNH:6
FNDA:6,validateText
FNDA:6,(anonymous_1)
FNDA:14,pick
FNDA:72,(anonymous_3)
FNDA:15,pickEntry
FNDA:180,invariant
FNDA:0,warning
DA:9,6
DA:12,6
DA:15,6
DA:16,6
DA:18,6
DA:21,6
DA:23,6
DA:36,14
DA:37,14
DA:38,72
DA:40,14
DA:53,15
DA:60,180
DA:64,0
DA:65,0
DA:66,0
DA:68,0
DA:74,16
LF:18
LH:14
BRDA:12,0,0,0
BRDA:12,0,1,6
BRDA:18,1,0,0
BRDA:18,1,1,6
BRDA:18,2,0,6
BRDA:18,2,1,6
BRDA:21,3,0,0
BRDA:21,3,1,6
BRDA:60,4,0,0
BRDA:60,4,1,180
BRDA:64,5,0,0
BRDA:64,5,1,0
BRDA:65,6,0,0
BRDA:65,6,1,0
BRF:14
BRH:6
end_of_record
